7073
178
0
1331
0
1324
1
cjf-bdce 2
1326
0
589
0
385
0
1338
0
1332
0
1335
1
bddg-bddf 2
1337
2
f-bddh 2
bdde-bddh 2
7
1
bdfb-h 2
4
1
bdfb-e 2
1333
1
beeg-bddd 2
1352
1
j-bdfc 2
131
2
bb-bdb 2
cie-bdb 2
364
0
615
0
1139
0
278
1
bahi-chi 2
990
2
ecg-jja 2
bcga-jja 2
1630
2
bj-bgda 2
ce-bgda 2
30
0
2012
0
24
1
ejj-ce 2
1297
0
262
1
ci-cgc 2
264
0
502
0
497
1
bgda-ejh 2
498
0
20
1
ejj-ca 2
1411
0
845
0
820
1
fac-ica 2
25
1
ejg-cf 2
496
2
fji-ejg 2
icd-ejg 2
981
0
18
1
ejj-bi 2
714
0
29
1
hbd-cj 2
713
0
573
0
1994
1
ibf-bjje 2
2004
0
424
0
425
0
1620
0
468
1
bfjg-egi 2
39
0
41
0
1430
0
37
0
123
0
321
0
272
0
906
0
55
1
ej-ff 2
1616
1
ei-bgbg 2
1777
0
372
1
dhg-dhc 2
57
1
bbjj-fh 2
56
1
bgbf-fg 2
1199
0
92
0
47
0
45
0
1802
0
50
0
53
0
51
0
1772
1
cacc-bhhc 2
1161
1
beb-bbgb 2
1626
0
248
0
371
0
373
0
1862
1
caaj-bigc 2
1536
0
1760
0
1757
1
bhdi-bhfh 2
1868
0
1780
1
bha-bhia 2
1029
1
gj-bacj 2
1510
0
1783
0
652
0
247
0
1621
0
905
0
1143
0
698
1
iii-gji 2
699
0
1953
1
heh-bjfd 2
1787
0
1529
0
597
1
bbge-fjh 2
353
0
1407
0
893
0
828
2
bjic-ici 2
bjii-ici 2
90
0
2036
0
1796
1
ja-bhjg 2
1579
0
1704
0
88
1
ih-ii 2
1026
0
1702
0
85
1
bhad-if 2
52
0
704
0
2002
0
695
0
1929
0
330
1
jg-dda 2
98
1
bdb-ji 2
852
0
303
0
104
1
bdfc-bae 2
105
1
hii-baf 2
1351
1
bad-bdfb 2
277
0
103
1
fhf-bad 2
576
1
bae-fhg 2
317
0
100
1
bag-baa 2
117
1
bah-bbh 2
788
0
102
1
bdfc-bac 2
1197
1
bbjg-bbjh 2
683
0
625
0
600
0
1410
0
116
0
1416
0
1409
0
106
1
hij-bag 2
112
0
229
1
caci-ccj 2
122
0
1683
0
1445
1
beea-beef 2
1184
0
1441
0
1831
0
1010
0
1011
1
bicf-babb 2
1428
0
40
1
becj-ea 2
1460
0
1456
1
bghd-befg 2
1025
0
1458
1
bacg-befi 2
970
1
jda-jha 2
971
0
1003
0
1108
1
cde-bbai 2
1101
0
97
1
bjdi-jh 2
368
1
bijc-dgi 2
398
0
176
1
bcei-bhg 2
177
1
bhe-bhh 2
172
0
137
0
774
0
1214
0
1803
0
136
0
948
0
179
1
hcf-bhj 2
581
0
1773
0
1174
0
297
1
cjc-cjh 2
180
1
hcg-bia 2
1175
1
bfgi-bbhf 2
1562
0
968
1
bfb-jgi 2
1392
0
488
1
ghh-eii 2
1145
1
biaf-bbef 2
474
0
1146
0
476
0
203
0
1463
0
1465
0
1100
1
bbbe-bbaa 2
1103
1
bbaf-bbad 2
1106
1
bbai-bbag 2
1107
1
bbaj-bbah 2
1111
2
bbac-bbbb 2
bbai-bbbb 2
1112
1
bged-bbbc 2
1487
1
bccd-beih 2
1496
0
546
1
feh-feg 2
544
1
iai-fee 2
1935
0
1936
0
1937
1
bcdi-bjdh 2
930
0
734
1
hcj-hde 2
731
1
cci-hdb 2
162
0
209
0
319
0
320
0
210
0
1734
0
173
1
bhf-bhd 2
1252
0
837
0
839
3
cfg-idj 2
idg-idj 2
iea-idj 2
134
0
1247
0
1383
1
bcej-bdid 2
784
1
bhh-hie 2
724
0
726
0
139
0
1
0
1251
0
1249
0
725
1
hcd-hcf 2
146
0
147
0
336
0
552
0
1318
0
186
0
423
0
805
0
802
0
803
0
185
0
1804
0
452
1
bjb-efc 2
777
0
228
1
caa-cci 2
1322
0
276
1
che-chg 2
451
1
cdg-efb 2
1312
0
1162
0
1677
0
841
0
208
1
bgfc-cai 2
1389
0
152
0
838
1
bghh-idi 2
1366
0
1537
0
1305
1
bede-bdaf 2
44
0
198
0
1653
0
1582
0
1671
0
167
0
166
0
1451
1
bcig-befb 2
1033
0
678
1
bheg-ghi 2
1206
1
cbg-bcag 2
1728
0
749
0
750
0
751
1
bhda-hfb 2
420
1
gci-eca 2
1468
0
1478
0
223
0
471
0
1808
1
bjbe-biai 2
224
0
785
0
217
1
ccd-cbh 2
221
1
cij-ccb 2
1354
0
1356
0
1798
0
1105
1
biba-bbaf 2
327
1
hci-dch 2
200
1
ifb-caa 2
730
1
hdf-hda 2
227
0
113
1
beaj-bbd 2
309
0
977
0
1163
1
bcca-bbgd 2
1238
0
1241
0
1723
0
760
1
bcjg-hga 2
1969
1
bgid-bjgj 2
768
1
cea-hgi 2
243
1
hha-ced 2
769
0
1000
0
201
1
hha-cab 2
1840
0
2033
0
801
0
58
1
fch-fi 2
1819
0
455
1
iei-eff 2
847
1
efg-ieh 2
1837
0
1499
0
1497
1
jef-bejh 2
251
0
252
0
255
0
256
0
833
0
834
0
1261
0
259
0
1940
2
fie-bjea 2
gag-bjea 2
1262
1
babd-bcgc 2
258
0
1695
0
472
0
27
0
22
1
cgf-cc 2
691
0
268
1
hff-cgi 2
692
0
921
0
267
0
1870
0
1298
0
904
0
206
0
547
1
fei-feh 2
99
0
194
1
bdcb-bje 2
275
0
1078
0
14
0
827
1
cib-ich 2
1520
0
1316
1
bdbi-bdbg 2
1317
0
288
0
9
1
bddc-j 2
5
0
286
1
dda-cig 2
1321
0
292
0
289
0
293
0
295
0
298
1
bfgg-cji 2
1567
1
cjj-bfgh 2
291
1
cjg-cjb 2
143
0
1325
0
1327
0
1498
0
1500
1
dea-bfaa 2
290
1
ehb-cja 2
1938
1
dac-bjdi 2
1956
1
bdbj-bjfg 2
335
0
301
0
354
0
2023
1
hhb-cacd 2
1791
0
444
0
312
1
daj-dbc 2
2028
0
306
0
308
0
314
0
316
0
311
1
dbf-dbb 2
1666
0
1350
0
789
0
165
0
871
0
42
0
168
0
1020
0
988
1
dcf-jii 2
1400
0
989
0
230
0
850
0
331
0
1729
0
10
0
11
0
285
0
1064
0
329
0
1141
0
697
2
igh-gjh 2
cadg-gjh 2
183
1
ffb-bid 2
300
0
2035
0
345
0
642
0
1801
1
cach-biab 2
2026
1
biaa-cacg 2
1408
0
1088
0
966
0
960
0
337
0
619
0
943
1
ijh-jed 2
403
0
437
0
738
0
360
0
305
0
81
0
505
1
gfg-faf 2
1056
0
400
1
bece-eaa 2
441
0
351
0
1640
0
932
0
934
0
1016
0
1667
0
13
0
1254
1
bbje-bcfe 2
1194
1
bggh-bbje 2
2045
1
hbf-caef 2
1099
0
415
1
bcaf-ebf 2
1856
0
133
0
1893
1
hfa-bijd 2
375
0
830
0
1153
1
dhb-bbfd 2
61
1
dhe-gb 2
1151
1
dhd-bbfb 2
1155
1
dhg-bbff 2
1156
0
378
0
999
1
ihj-jjj 2
377
1
bgje-dhh 2
1622
0
1192
0
1957
0
1315
1
bdbi-bdbf 2
1959
0
2
0
1259
1
ech-bcfj 2
426
1
dig-ecg 2
857
1
dja-ifh 2
1406
0
1243
0
417
1
bcef-ebh 2
804
0
391
0
406
0
1306
0
1746
0
1205
0
1207
1
dji-bcah 2
132
0
358
0
1423
0
1735
0
1015
0
1527
0
806
1
iad-iag 2
743
1
bggg-hed 2
350
0
392
0
623
0
1094
0
2018
0
1402
0
1589
0
884
0
1137
1
bbdj-bbdh 2
1213
0
1136
0
670
0
846
0
939
0
369
0
1554
0
1246
0
389
1
ifi-dij 2
1201
0
630
0
628
0
219
0
184
0
1412
0
36
0
34
0
741
0
1813
0
463
0
434
0
438
0
436
0
431
0
1835
0
739
0
1834
1
gbh-bide 2
349
0
433
1
edi-edd 2
1724
0
1954
0
1889
1
eec-biij 2
357
0
792
0
310
0
818
1
eei-ibi 2
1848
0
856
1
bhcb-ifg 2
1915
0
1085
0
190
0
192
0
193
0
235
0
1396
1
ijf-bdjg 2
745
0
1714
1
ieb-bhbe 2
849
0
1879
0
1481
0
1707
1
bbja-bhah 2
1708
0
1081
1
bcjd-baib 2
1067
0
761
0
430
0
776
0
1614
1
ibi-bgbe 2
819
1
bgbd-ibj 2
873
0
858
0
1304
1
hah-bdae 2
1596
0
869
0
1597
0
38
0
978
0
1944
0
263
0
1775
0
477
1
badb-ehh 2
1030
0
153
1
bhjd-bfd 2
1995
2
eia-bjjf 2
eif-bjjf 2
681
0
482
0
1993
2
eib-bjjd 2
gii-bjjd 2
481
1
gig-eib 2
689
0
479
2
eic-ehj 2
bdec-ehj 2
1669
0
495
1
biif-ejf 2
1883
1
eje-biid 2
1886
0
487
1
hgi-eih 2
770
1
eij-hha 2
672
0
149
0
1941
0
1365
0
490
1
hgi-eja 2
1553
0
21
2
fab-cb 2
fae-cb 2
503
0
824
2
faa-ice 2
ica-ice 2
599
0
825
0
1719
0
991
0
657
1
fag-gfh 2
32
0
756
1
faj-hfg 2
1008
1
fbb-baai 2
1692
0
1923
1
bfjb-bjcd 2
1131
0
517
1
jif-fbh 2
519
1
jie-fbj 2
522
0
735
0
663
0
516
1
fcd-fbg 2
527
1
fcb-fch 2
195
1
fce-bjf 2
986
1
fcc-jig 2
529
1
fch-fcj 2
1504
1
fch-bfae 2
520
1
fci-fca 2
523
0
524
1
gge-fce 2
531
0
533
0
537
2
fde-fdh 2
jed-fdh 2
518
1
gge-fbi 2
961
0
539
1
fda-fdj 2
532
1
fdb-fdc 2
525
0
526
1
fdi-fcg 2
528
1
fdi-fci 2
987
1
fdh-jih 2
941
1
beca-jeb 2
1019
0
1185
0
554
1
fec-ffe 2
710
0
711
0
809
1
feg-iaj 2
548
0
161
1
fej-bgb 2
810
0
551
0
160
0
274
0
550
0
543
1
jhj-fed 2
951
0
953
0
541
0
1633
0
1580
0
694
0
1833
0
1524
1
fgc-bfce 2
622
0
664
0
666
0
973
2
ggf-jhd 2
jha-jhd 2
976
0
410
1
jhe-eba 2
914
0
669
0
572
0
1040
1
baab-baea 2
677
0
793
1
fhc-hjd 2
568
0
812
1
ibb-ibc 2
813
0
33
0
1164
0
1698
0
936
0
1767
1
jdg-bhgh 2
885
0
141
1
bhhc-beb 2
863
0
690
0
1605
1
bhaa-bgaf 2
763
0
1538
0
3
0
1190
1
bhag-bbja 2
458
1
biia-efi 2
1034
0
1196
0
594
1
fjg-fje 2
595
0
918
1
bfef-jbi 2
919
0
2006
0
591
0
1762
0
1551
1
bhgb-bffb 2
1229
0
1700
0
110
0
1686
0
1178
0
891
0
2038
1
bbdb-cadi 2
1619
0
583
0
585
0
758
0
493
0
1865
0
1152
1
geh-bbfc 2
998
0
764
0
631
0
12
0
2044
1
gbg-caee 2
1055
0
348
0
1054
0
405
0
560
0
393
0
1842
0
111
0
1157
0
421
1
gdb-ecb 2
612
0
659
0
1790
0
1997
1
bhja-bjjh 2
1629
1
bhja-bgcj 2
632
1
bhij-gdc 2
2031
0
783
1
bfgb-hid 2
1566
1
gef-bfgg 2
1288
1
bcij-bcii 2
1062
0
1290
0
1286
0
339
1
bcif-ddj 2
1571
0
1154
1
bbfb-bbfe 2
1044
0
1689
0
1753
0
1276
0
653
0
959
1
bdjj-jfj 2
655
0
70
0
1397
0
658
1
bdjg-gfi 2
356
0
907
0
633
0
1364
0
1930
0
564
1
ggg-fge 2
565
1
iif-fgf 2
1479
0
1480
1
bfbg-beia 2
1215
0
414
0
855
0
1041
1
hia-baeb 2
843
0
489
0
742
0
214
0
1747
0
480
0
1942
0
1945
0
108
0
1946
2
gie-bjeg 2
bahe-bjeg 2
1074
1
gie-bahe 2
1071
0
1662
0
478
0
484
0
485
0
486
0
1660
0
687
1
bdee-gih 2
1341
0
1134
1
bafa-bbde 2
266
0
265
0
1572
0
93
0
559
1
bfhj-ffj 2
562
0
556
1
bfhj-ffg 2
333
1
gji-ddd 2
74
0
889
1
gjj-iij 2
868
0
1245
0
702
0
859
0
994
0
91
0
1873
0
1745
0
1587
1
hai-bfih 2
1435
0
470
1
bbie-eha 2
1656
0
542
0
31
0
1098
0
1437
1
bcfe-bedh 2
1255
2
hbj-bcff 2
bedg-bcff 2
1256
0
1375
1
bgaj-bdhf 2
1070
0
995
0
722
0
326
1
ifb-dcg 2
736
1
hdd-hdg 2
164
1
hdf-bge 2
807
0
808
1
hdb-iai 2
727
0
189
0
515
1
hdg-fbf 2
352
0
740
0
737
0
435
0
679
0
429
0
1508
0
1665
0
404
0
1912
0
453
0
1525
0
1731
0
1823
0
220
1
bicc-cca 2
1749
0
1982
1
igf-bjic 2
1981
2
ich-bjib 2
bjig-bjib 2
937
0
1895
0
1755
0
509
0
511
0
1761
0
238
0
1295
1
bcdd-bcjf 2
1372
1
bffj-bdhc 2
1294
0
586
0
1426
0
997
0
613
0
1684
0
848
1
bhgf-iei 2
241
0
1160
1
bbgb-bbga 2
2037
1
jbf-cadh 2
135
0
1138
0
462
0
1975
1
bjhc-bjhf 2
1314
0
1311
1
bdba-bdbb 2
191
0
1850
0
1742
0
1743
0
2001
1
bhia-caab 2
175
0
1563
0
640
0
1578
0
709
0
236
0
445
0
927
1
hjc-jch 2
2029
1
biaa-cacj 2
2027
0
1271
1
bjjh-bchb 2
1274
0
569
0
571
0
1552
0
1839
2
hjh-bidj 2
iaa-bidj 2
800
1
bffe-iaa 2
418
0
1613
0
1694
0
187
1
iag-bih 2
245
0
401
0
624
0
549
1
iai-fej 2
545
0
733
0
728
1
iba-hci 2
729
1
iba-hcj 2
732
0
1591
0
1939
0
2042
1
bcgb-caec 2
574
1
ibh-fhe 2
1158
0
465
1
bgbd-egf 2
446
0
447
0
821
1
bgac-icb 2
501
0
499
1
icd-ejj 2
1603
0
1604
0
1814
1
bhbj-bibe 2
1521
0
1990
0
1985
1
bjih-bjif 2
1989
0
1998
1
bgdh-bjji 2
1637
0
1588
0
980
0
174
1
idi-bhe 2
253
1
ide-cfd 2
1177
1
idi-bbhh 2
835
0
836
0
840
0
1676
0
202
0
199
0
2034
0
676
0
413
0
26
0
766
0
1766
0
250
0
1860
0
1066
0
1355
0
1022
1
bife-bacc 2
962
0
96
0
853
1
jgd-ifd 2
1720
0
450
1
bjbg-efa 2
674
0
464
1
ihe-ege 2
388
0
700
0
1282
0
1697
0
580
0
1086
0
1090
1
bgig-baja 2
1036
0
1987
0
1202
1
bjib-bcac 2
1983
1
jda-bjid 2
1986
0
1079
0
874
0
469
0
1427
0
318
0
870
0
1628
0
1277
1
iia-bchh 2
1984
0
1988
1
bjja-bjii 2
1725
0
621
0
1770
0
1403
0
578
1
jdf-fhi 2
412
1
cadg-ebc 2
992
0
2022
1
bjbc-cacc 2
1216
0
1217
0
602
1
ijc-gac 2
1394
0
1404
0
897
0
1817
0
895
0
1005
0
1059
0
902
0
1080
0
1244
1
baje-bcee 2
901
0
1429
0
43
0
72
0
1388
1
jgi-bdii 2
1391
1
bdij-bdjb 2
660
0
566
0
384
0
1097
0
1979
0
1980
0
1171
1
bdfj-bbhb 2
1063
0
386
0
273
0
1785
0
593
1
jca-fjd 2
1713
1
bacf-bhbd 2
922
1
bacf-jcc 2
1024
1
jcb-bace 2
917
1
bacf-jbh 2
261
0
269
0
946
0
949
0
791
0
718
0
1126
1
jee-bbcg 2
945
1
bbch-jef 2
1210
1
bcaj-bcba 2
163
0
362
0
361
0
1420
0
579
0
1866
0
755
0
1165
0
1051
0
416
0
896
1
jec-ijg 2
1418
0
347
0
1417
0
928
0
1490
0
925
0
924
0
140
0
553
0
555
0
963
0
1799
1
jge-bhjj 2
1797
1
bfhd-bhjh 2
1600
1
jfg-bgaa 2
956
0
2039
1
jfh-cadj 2
654
0
1398
0
1419
0
1818
0
346
0
950
1
bhjh-jfa 2
1440
0
1187
0
1876
0
1390
0
570
0
232
0
667
0
563
2
jhc-fgd 2
jhf-fgd 2
1919
0
2020
0
931
1
bjib-jdb 2
1209
1
bccb-bcaj 2
1534
0
540
0
28
0
831
0
1863
1
jid-bigd 2
1861
0
1602
0
521
0
1082
0
1083
0
322
0
324
0
535
0
538
0
534
0
2021
0
1260
1
bcfh-bcga 2
887
0
506
0
701
0
2015
0
1717
1
bdag-bhbh 2
649
0
723
0
610
0
765
0
240
0
880
0
379
0
1393
0
1958
0
130
1
bbab-bda 2
1092
0
899
0
510
0
512
0
508
0
1902
0
121
0
1608
1
babb-bgai 2
1442
0
2040
0
1816
0
1606
0
344
0
399
1
bhde-djj 2
1615
1
bcdb-bgbf 2
1652
0
1736
0
1875
0
323
0
1439
0
1855
0
127
0
125
0
1461
0
89
0
67
0
68
1
bhie-gi 2
1815
0
1495
0
211
0
1169
0
1897
0
592
0
1084
0
865
0
1709
0
1547
0
673
0
779
0
567
0
1002
0
1970
0
647
0
1231
0
1907
0
1595
0
618
0
1550
0
1618
0
1053
0
940
1
bbgg-jea 2
882
0
1052
0
355
0
620
0
582
0
1446
0
1189
0
898
0
1716
0
912
0
641
0
1310
0
332
0
461
0
459
0
851
0
1991
0
720
0
1363
0
685
1
bahd-gif 2
682
0
1943
0
1135
0
1057
0
1971
0
279
0
900
0
867
0
984
1
bdbe-jie 2
985
1
bdbb-jif 2
460
1
biih-ega 2
1292
0
449
0
1037
0
1509
1
bajb-bfaj 2
1401
1
baja-beab 2
1093
1
bajb-bajd 2
342
0
862
0
1089
1
beaa-baij 2
1006
0
604
0
408
0
911
0
1267
0
366
1
caec-dgg 2
715
0
233
1
bbah-cdd 2
1113
1
bhjg-bbbd 2
225
0
1811
1
bdfd-bibb 2
1110
1
bbai-bbba 2
129
0
154
2
bbbd-bfe 2
bbbh-bfe 2
1114
1
bbaj-bbbe 2
1115
1
bbbe-bbbf 2
1104
1
bbbd-bbae 2
1543
1
bbbf-bfed 2
1523
0
1795
0
1541
0
1102
0
1644
0
1118
0
1657
0
1607
1
bbcb-bgah 2
1303
0
1119
1
bdac-bbbj 2
1641
0
1436
0
929
0
1829
0
1584
0
513
1
bjcf-fbd 2
1769
0
2041
0
1076
0
1049
0
1140
1
bbdi-bbea 2
773
0
15
0
2017
0
334
0
16
0
75
0
1361
0
1357
0
1359
0
1147
0
883
0
1794
1
bdfi-bhje 2
1150
1
bcja-bbfa 2
1289
0
1805
0
370
0
1715
0
611
0
374
0
648
0
587
0
376
0
1691
0
816
0
59
1
bhhd-fj 2
142
0
771
0
231
0
1221
0
197
0
1493
0
1494
1
bfcc-beje 2
645
0
646
0
1032
0
1358
1
bbha-bdfi 2
913
0
1360
1
bbhh-bdga 2
1846
1
bbhc-bieg 2
394
0
1905
0
145
0
144
0
1167
1
bfha-bbgh 2
832
0
1972
0
1182
0
1183
1
bbia-bbid 2
1283
0
1180
0
1438
0
1188
0
1060
0
967
0
363
0
588
0
1681
1
bgji-bgib 2
1680
0
1832
0
381
0
1668
0
1307
0
1645
0
109
0
596
1
bgeh-fjg 2
419
0
1219
0
2019
0
864
1
bjif-ige 2
866
0
395
1
bcag-djf 2
397
0
215
0
213
0
1909
0
944
1
beji-jee 2
1220
0
969
0
411
0
1405
0
1280
0
1212
0
888
0
671
0
915
0
1976
0
1774
0
1226
0
1910
1
bcbi-bjba 2
1488
0
1225
0
598
0
1784
0
1043
0
1559
0
607
0
1874
1
bcdh-bihe 2
1234
0
1934
1
bceb-bjde 2
234
1
bcec-cde 2
1353
0
1095
0
903
0
390
0
1904
1
bdid-bjae 2
181
1
bcfc-bib 2
171
0
1395
0
717
0
926
1
bcfg-jcg 2
1195
0
367
1
bggi-dgh 2
1679
1
bgji-bghj 2
909
1
bcga-jaj 2
1144
0
427
0
2043
0
1014
1
caeb-babe 2
1273
1
bcgh-bchd 2
1096
0
1270
1
bcgh-bcha 2
1900
0
1776
0
794
1
bchd-hje 2
1996
1
bchd-bjjg 2
1268
0
1265
1
bchc-bcgf 2
1266
0
651
0
1278
0
1726
0
1279
2
bfih-bchj 2
biei-bchj 2
879
0
1722
0
875
0
1696
0
1211
1
beag-bcbb 2
1181
0
861
0
643
1
biee-ged 2
1287
0
1450
0
1843
0
1284
0
1887
0
1330
0
1323
1
bcje-bdcd 2
1857
0
1232
0
270
0
1627
0
19
0
1068
0
1342
0
1344
2
bdad-bdee 2
bgja-bdee 2
1042
1
bfjf-baec 2
1124
0
204
0
708
0
467
0
1609
0
1198
1
bgeg-bbji 2
120
0
778
0
1313
0
1065
0
282
0
383
1
bdbh-did 2
2032
0
1319
1
cadd-bdbj 2
182
0
287
0
0
1
bdch-a 2
1415
0
1293
1
bddb-bcjd 2
294
1
bdda-cje 2
296
1
bdda-cjg 2
1291
0
1444
1
bddf-beee 2
6
1
bddg-g 2
8
1
bddi-i 2
118
0
1854
0
1447
0
1300
0
1302
0
1485
0
1299
1
bfjd-bcjj 2
686
1
bdee-gig 2
1532
1
bebe-bfdc 2
1413
1
bfdb-bebd 2
996
1
bhbh-jjg 2
1892
1
bhjb-bijc 2
1349
0
315
0
1347
0
244
0
107
0
854
0
226
1
bdfg-ccg 2
1176
0
1793
1
bdga-bhjd 2
1168
0
1173
1
bieh-bbhd 2
1069
0
1670
0
492
0
662
0
1744
0
205
1
bfdg-caf 2
2025
0
1371
1
bdhc-bdhb 2
1841
0
1443
0
1530
0
759
0
1560
0
1788
0
1598
0
1610
0
1955
0
1631
0
1385
1
bdhi-bdif 2
1638
0
1884
0
1378
0
1377
0
1387
0
1384
0
1492
0
239
0
908
1
bdja-jai 2
151
0
148
0
1001
0
150
0
2007
0
890
0
656
0
1779
0
2008
0
1091
0
325
0
128
0
1853
0
603
0
387
0
343
0
80
0
114
0
422
0
23
0
1449
1
beei-beej 2
1346
1
bfdb-bdeg 2
115
0
1328
0
1329
0
933
0
958
1
bibh-jfi 2
1519
1
becc-bfbj 2
1421
1
bjbh-becb 2
1849
0
762
0
1557
0
124
0
872
0
916
0
1433
0
1431
0
2030
0
1462
0
719
0
1127
0
119
1
bedj-bbj 2
964
1
beeb-jge 2
1826
0
1339
0
1334
0
1370
0
1373
1
bfcj-bdhd 2
1368
0
1023
0
284
0
1414
1
befa-bebe 2
212
0
1285
0
1491
0
1489
0
1891
0
1599
1
bgfi-bfjj 2
126
1
befh-bcg 2
1542
0
1674
0
1116
0
1586
0
1027
1
bega-bach 2
1434
0
1464
1
beid-bege 2
155
1
begg-bff 2
1484
0
1486
0
1901
0
668
0
1859
0
1474
1
bfbh-behe 2
1921
0
1836
0
1517
1
behi-bfbh 2
1516
0
1469
0
1768
0
1581
0
1473
1
behg-behd 2
935
1
bhgi-jdf 2
218
0
69
0
590
0
1690
1
beig-bgja 2
1466
0
1227
0
1222
0
157
0
947
0
1448
1
bejc-beei 2
1386
0
1452
0
1235
0
1166
0
575
0
101
0
156
0
1031
0
299
0
341
0
254
0
1812
0
1575
0
1732
0
1688
0
1506
0
536
0
1513
0
1505
0
1727
0
82
0
1482
0
1992
0
1507
0
71
0
1682
1
bjgf-bgic 2
1964
0
1471
0
1476
0
1477
0
1422
0
1918
0
1920
0
280
0
283
0
78
0
1754
0
1885
0
747
0
1851
1
bjhg-bifb 2
1852
0
402
0
79
0
1847
0
1663
1
bghf-bggd 2
1810
0
979
0
62
0
1539
1
bgie-bfdj 2
1706
0
1685
0
627
0
1459
1
bfji-befj 2
1457
1
bfed-befh 2
1109
0
1455
0
1898
0
281
1
bjjj-cib 2
1039
0
87
0
1047
0
1867
0
1237
0
1555
0
799
1
bffe-hjj 2
494
0
705
0
2024
0
1425
0
1233
0
1569
0
1565
0
1561
0
1570
0
1838
0
639
1
bghi-gdj 2
644
0
1782
0
1564
0
1908
0
965
1
bhji-jgf 2
1643
0
1577
0
1501
1
bhdd-bfab 2
1576
0
83
1
bhjf-id 2
86
0
207
1
bghc-cah 2
1128
0
2003
1
bijf-caad 2
1705
0
1703
0
409
0
1590
0
1748
0
606
1
bfjc-gag 2
1301
0
1045
0
466
0
1453
0
1376
0
1963
0
1965
1
bggd-bjgf 2
955
0
822
0
823
1
bgae-icd 2
982
0
983
1
bigc-jid 2
1013
0
1701
0
1012
0
1009
0
1120
1
bgfg-bbca 2
1121
0
1122
0
1123
0
1308
0
1483
0
1807
0
796
0
797
0
798
1
bgjd-hji 2
795
0
46
0
48
1
dhc-ei 2
1230
0
1018
0
1758
0
605
1
cadj-gaf 2
1050
1
bjga-bafa 2
73
0
35
0
1693
0
1950
0
1952
0
1871
0
1625
0
1048
0
634
0
636
1
bjjg-gdg 2
876
1
biei-ihg 2
500
0
1380
0
1881
0
1636
0
557
1
bidc-ffh 2
558
1
bhfe-ffi 2
1634
0
1999
0
1379
0
1927
0
1125
0
359
0
1223
0
1573
0
1673
0
1864
0
1763
0
1899
1
bijh-bijj 2
1035
0
1017
0
1951
1
bjeg-bjfb 2
1949
0
1764
0
712
0
688
0
1661
0
684
0
1659
0
1968
0
2013
0
1503
0
313
0
365
0
1362
0
483
0
1778
0
1646
0
196
0
1038
0
1699
0
1257
0
1824
0
1309
0
1967
0
767
0
1087
0
1533
0
1933
0
2005
0
514
0
1159
0
754
0
860
0
1281
0
1750
0
601
0
1632
0
1585
0
1454
0
457
1
bhaj-efh 2
1540
0
1191
0
1712
0
1903
1
bhbd-bjad 2
1711
0
456
0
842
0
1960
0
1345
0
504
0
1786
0
448
0
1771
0
877
0
440
0
786
1
haj-hig 2
707
0
744
0
328
0
216
0
1733
0
1730
0
1928
0
1751
1
bihf-bhfb 2
530
0
1741
0
1738
0
1877
0
782
0
780
1
biej-hia 2
1556
0
1367
0
396
0
753
0
829
0
577
0
2000
0
1737
0
1926
0
693
0
561
0
1882
0
1894
0
1617
0
63
0
1739
0
64
0
1869
0
1374
0
1654
0
1650
0
1651
1
biji-bgfb 2
1922
0
1475
0
881
0
1133
0
787
0
475
0
1642
0
1264
0
1672
0
49
0
454
0
894
0
169
0
1878
0
1568
0
1228
0
1544
0
76
0
1721
0
1236
0
307
0
188
0
1117
0
952
0
1574
0
1809
0
138
0
54
0
1148
0
1149
0
1906
0
1925
0
1800
0
222
0
1913
0
1240
0
1535
0
428
0
1502
0
1028
0
1718
0
584
0
942
0
1512
0
1822
0
1914
0
1821
0
1825
0
1515
0
2011
0
1830
0
1827
0
1129
0
1336
1
biff-bddg 2
1193
0
432
0
1845
0
249
1
bifj-cej 2
1472
1
bjcc-behc 2
1639
0
242
0
626
0
1844
0
616
0
1531
0
1170
1
bjae-bbha 2
1424
0
1546
0
1528
0
1977
0
1204
0
1966
1
bjgb-bjgg 2
1296
0
1470
0
2010
0
60
0
608
0
1647
0
1549
0
938
0
1759
0
66
0
1623
0
271
0
703
0
2016
0
1522
0
1740
0
1186
0
65
0
2009
0
1756
0
1548
0
1526
0
675
0
491
0
1381
0
637
0
1978
0
442
0
443
0
1658
0
1792
0
1348
0
757
1
bijg-hfh 2
1649
0
1545
0
1269
0
1467
0
1710
0
923
0
1007
0
1172
0
1248
0
1250
0
1675
0
661
0
2014
0
1224
0
1218
0
746
0
1820
0
1917
0
1916
0
1518
0
974
1
cabj-jhe 2
1765
0
1932
0
1806
0
1592
0
1021
0
1511
0
170
0
1058
0
1931
0
1046
0
1687
0
1924
0
158
0
1239
1
bjdg-bcdj 2
1242
1
bjdg-bcec 2
159
0
95
0
257
0
815
1
caef-ibf 2
817
0
811
0
609
0
1073
1
bjeh-bahd 2
680
1
bjee-gia 2
473
0
1948
0
1072
0
1655
1
bjfa-bgff 2
1947
1
bjfc-bjeh 2
1624
0
439
0
748
0
1382
0
77
0
721
0
382
1
bjfi-dic 2
380
0
302
0
1004
0
1858
1
bjgh-bifi 2
1514
1
bjgf-bfbe 2
1601
0
237
0
1961
0
1962
0
1664
0
1075
0
1594
0
1593
0
1974
0
892
0
1973
1
bjhf-bjhd 2
775
0
910
0
1890
0
1888
0
752
0
826
1
bjie-icg 2
878
1
bjij-ihi 2
650
0
1061
0
1678
0
1340
1
caaf-bdea 2
1343
1
caaf-bded 2
814
0
507
1
caae-fah 2
635
0
1272
0
1635
0
781
0
1781
0
1752
0
1896
0
1583
0
94
0
1611
0
1648
0
1399
0
1253
0
1880
0
17
0
1828
0
1612
0
1200
0
1872
0
993
0
407
0
1142
0
972
0
1203
0
1258
0
772
0
304
0
1911
0
886
0
1369
0
1558
0
790
1
cach-hja 2
340
0
638
0
1432
0
246
0
338
0
844
0
1275
0
696
0
84
0
957
0
954
0
1130
0
1132
0
716
0
614
0
617
0
1263
0
260
0
2411
0
2218
0
3152
1
djed-dbfc 2
2611
0
2056
0
2052
0
2061
1
cafj-cagb 2
2054
0
2058
1
caga-cafi 2
2055
0
3709
0
2057
0
2053
0
2644
0
2071
0
2067
0
2062
0
3732
0
2070
0
2072
0
2066
0
2065
0
2069
0
2063
0
3305
0
2068
0
2092
0
2103
0
2181
0
2078
0
2228
0
2076
0
3234
0
2082
0
2087
0
2088
0
2084
0
3280
1
dcid-dcia 2
3282
1
dcib-dcic 2
2086
0
2089
0
2083
1
caij-caid 2
2085
1
caii-caif 2
2093
0
2562
0
2091
0
2075
0
2096
0
2098
1
cajj-caji 2
2913
0
2095
0
2100
0
2094
0
2101
0
2104
0
2099
0
2102
0
2074
0
2107
0
3281
0
2111
0
2106
0
2110
0
2112
0
2109
0
2108
0
2940
0
2118
0
2119
0
2113
0
2116
0
2115
0
3292
0
2117
0
2916
1
dhii-cjbg 2
2914
0
2123
0
2121
0
2412
0
2287
1
cdee-ccih 2
2282
1
ccib-ccic 2
2381
0
2543
0
3527
0
2132
0
2242
1
ccdg-ccec 2
2129
0
2134
0
2131
0
2152
0
2154
0
2150
0
2158
0
2155
0
2157
1
cbee-cbfh 2
2169
1
cbfj-cbgj 2
2192
1
cbfb-cbjc 2
2171
0
2144
0
2844
1
cbfa-ciee 2
2186
1
cbif-cbig 2
2159
0
2187
0
2148
0
2193
1
cbfa-cbjd 2
2145
0
2135
0
2174
0
2136
1
cbfd-cbdg 2
2147
1
cbfd-cbeh 2
2462
0
2137
0
2142
0
2140
1
cbfj-cbea 2
2146
0
2156
0
2165
0
2168
0
2166
0
2180
0
2164
0
2162
0
2170
0
2173
0
2161
0
2139
1
cbjd-cbdj 2
2172
0
2176
0
2138
0
2178
0
2149
1
cief-cbej 2
2177
0
2175
0
2167
0
2163
0
2184
1
cbib-cbie 2
2866
1
cbid-cigg 2
2179
1
cbid-cbhj 2
2185
0
2182
1
cbig-cbic 2
2143
1
cief-cbed 2
4132
0
2183
0
2191
0
2141
0
2190
0
2188
0
2189
0
2151
0
2196
0
3528
1
dfda-dfci 2
3556
1
dfch-dffg 2
3804
0
3807
1
djef-diah 2
3944
1
diah-djee 2
2197
0
2195
0
2205
0
2200
0
2203
0
2204
0
2212
1
ccbe-ccbc 2
2206
0
2209
0
2202
0
2207
0
2217
1
ccbd-ccbh 2
2048
0
2215
1
ccbi-ccbf 2
2878
0
2210
0
2216
0
2208
0
2219
0
2214
0
2897
0
3214
1
dccg-dcbe 2
2226
0
2221
1
dcbe-cccb 2
2222
1
cccb-cccc 2
2223
0
2918
0
2225
0
2079
0
3611
0
2240
0
2806
1
cjih-ciag 2
2993
1
ddja-cjjd 2
2235
0
2234
0
3446
1
deej-deeg 2
2238
0
2233
0
2231
0
2244
1
ccea-ccee 2
2230
0
2236
0
3533
0
2130
0
2243
0
2237
0
2239
0
2241
0
2247
0
2254
0
2251
0
2246
0
2248
0
2252
0
2250
0
2551
0
2249
0
3283
0
2258
0
3824
0
2256
0
2261
1
ccfj-ccgb 2
3108
0
2260
0
2257
0
2265
0
2484
0
2267
0
2272
0
2263
0
2268
0
2275
0
2266
0
2269
1
cchd-ccgj 2
2274
0
2271
0
4187
1
cchf-ebih 2
2273
0
2363
0
2294
0
2277
0
2276
0
2128
1
cdic-cbci 2
2281
0
2329
0
2794
1
cdib-chje 2
4146
0
2380
0
2324
0
3550
0
2389
1
cdji-cdij 2
2399
0
2124
0
2909
0
2291
0
4065
0
3780
0
2378
0
2279
0
2292
1
cdgd-ccjc 2
2327
0
4043
0
2295
0
2308
0
4010
0
3778
1
dhgg-dhhi 2
2303
1
chhd-cdad 2
2304
1
cdaf-cdae 2
2492
0
2356
0
2305
0
2309
0
2311
0
2307
1
cdba-cdah 2
3547
0
2299
0
2314
0
3549
0
2313
0
2322
0
2323
1
cdbi-cdcd 2
2320
0
2318
0
3083
1
cijh-daid 2
4037
0
2317
0
2321
0
2326
0
2286
0
2296
0
2325
0
2280
1
chji-ccia 2
2382
1
chji-cdic 2
2336
1
ceea-cddg 2
2334
0
2338
0
4082
0
2335
0
2333
0
2331
0
2439
0
2330
0
2337
0
2341
0
3532
0
2392
0
2345
0
3027
0
2344
0
2544
0
3022
0
2536
0
2350
0
2355
1
cdfd-cdff 2
2352
0
4077
1
eaha-eahh 2
3636
0
2354
0
2351
0
2774
1
cdgb-chhe 2
2359
1
eadh-cdfj 2
2358
0
2301
0
2375
0
2364
0
2773
0
2278
0
2366
0
2362
1
cdgf-cdgc 2
2293
0
2361
0
4020
0
3941
0
3661
1
dhhf-dggb 2
2372
0
2369
0
3752
0
2374
0
2357
0
2376
0
2771
1
cdhi-chhb 2
2365
0
2283
0
4063
1
eagi-eagd 2
2900
0
2328
0
2424
0
3884
0
2422
1
cecf-cecc 2
3936
0
2531
0
2563
0
2387
0
3554
0
3331
0
2386
0
2400
0
2288
0
2390
0
2397
0
2343
0
2393
0
2391
0
2535
0
2398
0
2394
0
2396
0
2525
0
2776
1
cihj-chhg 2
2527
0
3689
0
2728
1
ceah-chci 2
2406
0
2410
0
2404
1
dghb-ceae 2
3692
1
chcj-dgjc 2
2937
1
dgjb-cjdh 2
2405
0
2407
1
dgii-ceah 2
2408
1
dgja-ceai 2
3671
0
2125
0
2049
0
2414
0
2417
0
2416
0
2933
1
cjdb-cjdd 2
3961
0
2415
0
2427
0
2825
0
2425
0
2420
0
2421
0
2426
0
2423
0
2384
1
diif-cdie 2
2434
0
2430
0
2433
0
2428
0
2431
0
3856
0
3844
0
2429
0
2437
0
3542
1
dcjh-dfec 2
3299
1
dcji-dcjj 2
2436
0
2445
0
2448
0
2446
0
2441
1
cefb-ceeb 2
2444
0
2827
1
cefg-cich 2
2452
1
ceej-cefc 2
2440
0
2449
0
2443
0
3839
0
2453
0
2454
0
2442
0
2455
0
3897
1
djbi-dijh 2
3895
1
cici-dijf 2
3896
1
cici-dijg 2
2917
1
cegd-cjbh 2
2460
1
cjbi-cega 2
2461
0
2465
0
2459
0
2160
0
2457
0
2458
1
cjbi-cefi 2
2463
0
2464
0
2469
0
4047
1
cjaa-eaeh 2
2901
1
eaeg-cjab 2
2467
0
2468
0
2480
0
2488
0
2486
0
2481
0
2858
1
cifg-cifi 2
2479
1
cehe-cehj 2
4197
0
4200
0
2867
0
2487
0
2474
1
ceic-cehe 2
2476
0
2855
0
2262
0
2264
0
2485
1
cehd-ceif 2
2473
1
ceih-cehd 2
2483
0
2477
0
2491
0
2489
0
2302
1
chhd-cdac 2
2306
0
2490
0
2498
0
4031
1
cejg-eadb 2
2504
0
2494
0
3822
0
2496
0
2502
0
4110
1
cige-ebba 2
2506
0
2501
0
2505
0
2503
0
2497
0
2511
1
cfbg-cfbb 2
3747
1
dheg-dheh 2
2919
1
cfbd-cjbj 2
2518
1
cfbd-cfbi 2
2515
0
2514
0
2852
0
2513
0
2508
0
4180
0
2516
1
cifd-cfbg 2
2509
0
3748
1
ebeb-dhei 2
2520
1
cfcd-cfca 2
2523
0
2080
0
2521
0
3493
1
dccb-dejd 2
2860
2
cjfa-ciga 2
dhdf-ciga 2
3274
1
dced-dche 2
3125
1
dcfe-dbcf 2
3494
2
dccb-deje 2
dgig-deje 2
2528
0
2401
0
2811
0
2529
0
2541
2
cfdb-cfeb 2
cibb-cfeb 2
2809
1
cfea-ciaj 2
2383
1
ciaj-cdid 2
2395
0
2347
0
2538
0
2542
0
2537
0
2540
0
2534
0
2532
0
2545
1
cfeb-cfef 2
2530
0
2810
0
2539
0
2348
1
dabh-cdei 2
2126
0
2127
0
2533
0
2549
0
2555
0
2547
0
2553
0
2253
0
2556
0
2548
0
2558
0
2546
0
2598
0
2559
0
2550
0
2557
0
2552
0
2561
0
2090
0
2560
0
2526
1
ciba-cfcg 2
2584
1
cfhj-cfie 2
2583
1
cfie-cfid 2
2601
0
2590
2
cfic-cfja 2
cgfi-cfja 2
2568
1
cfhh-cfgi 2
2574
1
cfgj-cfhe 2
2565
1
cfif-cfgf 2
2596
0
2567
2
cfhf-cfgh 2
cfhi-cfgh 2
2564
0
2569
0
2566
1
cfie-cfgg 2
2891
0
2893
0
2570
1
djfh-cfha 2
2585
0
2592
0
2597
0
2586
0
2588
0
2581
0
2580
0
2607
0
2600
1
cfij-cgaa 2
2591
0
2689
0
2659
0
2587
0
3276
0
2579
1
cfji-cfhj 2
2602
0
3552
0
2572
0
3958
0
2554
0
2571
0
2606
0
2603
0
2599
0
2605
0
2595
0
2604
0
2578
0
2925
0
2610
0
2050
0
2608
0
2613
0
4029
0
2615
0
2616
0
2617
0
2621
0
2612
0
2618
0
2619
0
3325
0
3148
1
dbdh-dbei 2
2626
0
2624
0
3132
0
2622
0
3801
1
dhjf-diab 2
2623
1
dbej-cgcd 2
2629
0
4134
0
4136
0
2628
0
2635
0
2708
0
2643
0
2632
0
2641
1
cgdj-cgeb 2
2746
1
cjhc-cheg 2
2651
0
2640
0
2637
0
2756
1
chdj-chfg 2
2634
1
chfg-cgde 2
2639
0
2636
0
2633
0
2638
1
cgfc-cgdi 2
2656
0
2646
0
2655
0
2649
0
2647
0
2675
1
cheb-cghf 2
2661
0
2666
0
2648
0
2668
0
2670
0
2652
0
2676
0
2657
0
2660
0
2654
0
2667
0
2677
0
2663
0
2749
0
2674
0
2650
1
cghc-cgfa 2
2678
0
2658
0
2060
0
2653
1
cghh-cgfd 2
2669
0
2665
0
2743
0
2673
0
2662
0
2664
0
2672
0
3952
0
3143
0
2681
0
3366
0
2682
0
3426
0
3443
0
2684
0
2679
1
defa-cghj 2
2777
0
3974
0
2706
1
cgja-chag 2
2698
0
2687
0
2703
0
2702
0
2693
0
3832
0
2692
0
2701
1
cgjh-chab 2
2704
0
2697
0
2589
0
2700
0
2688
1
chac-cgii 2
2699
0
2690
0
2694
0
2691
0
2696
0
2707
0
2631
0
2705
0
2714
0
2709
0
3698
0
2711
0
2712
0
2713
0
2717
0
3826
0
2718
0
2877
0
2716
0
3713
0
2723
0
2720
0
4023
0
2725
0
2729
0
2727
0
3353
0
3473
1
ddfd-dehd 2
2726
0
2403
0
3239
2
dcdi-dcdj 2
eafj-dcdj 2
3327
0
3126
1
djeh-dbcg 2
2979
0
2752
0
4046
1
eaff-eaeg 2
3787
0
2738
0
2735
0
2739
0
2737
0
2645
0
2745
0
2741
0
2748
0
2740
0
2642
0
2744
0
2971
1
chfg-cjhb 2
2751
0
2755
0
2754
0
2753
0
2750
0
2732
0
2742
0
2758
0
2984
1
cjgh-cjie 2
2761
0
2980
1
cjgc-cjia 2
2958
0
2760
0
3831
0
2762
0
3741
1
dhdj-dheb 2
2766
0
2768
2
ddcd-chgi 2
ebgc-chgi 2
2764
0
3322
0
2767
0
4161
1
ebgd-ebgb 2
3738
0
2377
0
2373
0
2769
0
2772
0
2775
0
4039
0
2402
0
2881
1
ciij-ciib 2
2770
0
3733
0
2686
0
2789
0
2781
0
2784
0
2779
0
2782
0
2875
0
2788
0
3730
0
2786
0
2790
0
2787
0
2780
0
2785
0
2796
0
3229
0
2793
0
2798
0
2928
0
2792
0
2801
0
2804
0
3483
0
2800
0
2799
0
3472
1
ddie-dehc 2
3510
1
dfbd-dfba 2
3391
0
3928
1
djag-djci 2
3925
0
3082
0
3562
0
2817
0
2820
0
2818
0
2822
0
2815
0
2814
0
2821
0
2943
0
2890
0
2819
0
2419
0
3914
0
3926
2
cjbb-djcg 2
diia-djcg 2
2833
0
2828
0
2451
0
2839
0
2829
0
3996
1
dcci-djjg 2
2831
0
2845
0
2847
0
2840
0
3042
0
3058
0
3836
0
2837
0
2838
0
2456
0
2843
0
2834
0
3998
0
2836
0
2832
0
3835
0
3651
0
2853
0
4135
0
2861
2
dbaf-cigb 2
ddbc-cigb 2
2850
0
2482
0
3565
0
4033
0
3846
0
3841
2
dieg-dieb 2
difg-dieb 2
2857
0
3106
0
3791
2
dajg-dhjb 2
ddbc-dhjb 2
3314
0
3315
1
dhja-ddbf 2
3198
0
3122
2
dbbf-dbcc 2
difj-dbcc 2
3734
1
cjfa-dhde 2
2949
1
dhdf-cjej 2
2873
0
4118
0
2869
0
2077
0
2871
0
2478
0
2874
0
2864
0
3077
0
2868
0
2870
0
2863
0
4109
0
2783
0
2896
1
ciig-cijg 2
2883
0
2888
0
2885
0
3916
0
2201
0
2211
0
2889
0
2882
0
2719
0
2895
0
2884
0
2573
1
cijc-cfhd 2
2816
0
2894
0
2886
0
2892
0
2887
0
2880
0
2213
0
2122
1
cjbf-cbcc 2
2379
1
eage-cdhj 2
4069
1
eage-eagj 2
2510
0
2921
0
2922
0
2930
0
2907
0
3231
0
2906
0
2342
0
3719
1
dhcd-dhbj 2
2097
0
2924
0
3789
1
cjbf-dhij 2
3333
0
2224
0
2920
0
2904
0
2902
0
3654
1
daeb-dgfe 2
3056
1
dgff-dafg 2
2903
0
2609
0
2912
0
3535
0
2997
0
3089
0
2797
0
3093
0
2934
0
2413
0
2936
0
3516
0
2932
0
3504
1
dfah-dfae 2
3697
0
2114
0
2941
0
2944
0
2939
0
2942
0
2823
0
3537
0
3541
0
4103
0
4104
0
4211
1
dhdf-ecbb 2
2983
0
2985
0
2994
1
cjfd-cjje 2
2955
0
2966
1
cjgd-cjgg 2
3506
0
2951
0
2963
0
2961
0
2969
1
cjie-cjgj 2
2959
0
2976
1
cjja-cjhg 2
2759
0
2964
0
2953
0
2987
0
2988
0
2970
0
2957
0
2973
0
2747
0
2975
0
2972
0
2978
0
2977
0
2974
0
2960
0
2962
0
2991
0
2968
0
2763
0
3786
0
2981
0
2990
0
2954
0
2965
0
3517
1
cjjd-dfbh 2
2992
1
dfbc-cjjc 2
3534
0
2967
0
2952
1
cjje-cjfc 2
2229
1
ddja-cccj 2
2986
1
dfbc-cjig 2
2995
0
2733
0
3002
0
2999
1
ddcf-cjjj 2
2926
0
2996
0
2998
0
3324
0
3000
0
3001
0
3271
0
3005
1
dabe-daaf 2
3013
0
3008
0
3003
1
dcfd-daad 2
3970
0
3012
0
3004
0
3014
0
3007
0
3009
0
3006
1
dabf-daag 2
3010
0
3254
0
3021
1
dacd-dacb 2
3026
0
3018
0
3020
0
3017
0
3025
0
3030
0
3016
0
3019
1
dadb-dabj 2
3024
0
2346
0
3023
0
4019
0
3681
0
3090
0
3095
0
3278
0
3039
0
4106
0
3988
0
3037
0
3040
0
3035
0
3038
0
3033
0
3041
0
3059
1
daej-dafj 2
2826
1
dafh-cicg 2
3043
1
daei-daed 2
3070
1
daeg-daha 2
3055
0
3049
0
3057
0
3067
0
2923
1
dgff-cjcd 2
3662
0
3053
0
3066
1
dagh-dagg 2
3060
0
3052
0
3045
0
3061
0
3050
0
3068
0
3063
0
3054
0
3071
0
3047
0
3048
0
3069
1
daha-dagj 2
3065
1
daeh-dagf 2
3064
0
3062
0
3051
0
3076
0
3081
0
3080
1
dibf-daia 2
3079
0
2872
0
3073
0
3074
0
3731
0
3072
0
3075
0
3816
0
3084
0
3087
0
3085
0
2319
0
2898
0
2813
0
3086
0
2929
0
3091
0
3088
0
3031
1
daje-dadb 2
2908
0
3094
0
3092
0
3100
0
3107
0
3104
0
3105
0
3102
0
3103
0
3098
0
3097
0
3101
0
3633
1
dgde-dgdd 2
3113
0
3110
0
2259
0
4122
0
3109
0
3111
0
3860
1
dbcf-diga 2
3124
1
dhfa-dbce 2
3749
1
dbcf-dhej 2
3116
0
3273
0
3123
0
3117
0
3114
0
3118
0
3121
0
3120
0
3011
0
3201
1
dchd-dcab 2
3253
0
3129
0
3135
0
3948
0
4059
0
3127
1
dbde-dbch 2
3130
0
3133
0
3128
0
3131
0
2625
0
3139
0
3144
1
dbef-dbee 2
3142
0
3137
1
dbec-dbdh 2
3134
0
3136
0
3140
0
3149
0
3138
0
3151
0
3146
0
3147
1
dbfa-dbeh 2
3802
1
dhjd-diac 2
2680
0
3141
0
3792
0
3942
0
2051
0
3717
0
3156
1
dbfj-dbfg 2
3158
0
3154
1
dbfg-dbfe 2
3157
0
3161
0
3153
0
3211
0
3159
0
3233
0
3186
0
3190
0
3195
1
djid-dbjf 2
3197
0
3199
0
3200
1
dcad-dcaa 2
3189
0
3223
0
3164
0
3220
0
3162
0
3350
0
3167
0
3939
0
3166
0
3170
0
3184
1
dbhb-dbie 2
3203
0
3172
0
3176
0
3173
0
3160
1
dbif-dbga 2
3178
0
3174
0
3177
0
3181
0
3222
0
3230
0
3182
0
3185
0
3187
0
3169
0
3165
1
dccc-dbgf 2
3163
3
dbja-dbgd 2
dbjf-dbgd 2
dbjj-dbgd 2
2524
3
dbjd-cfce 2
dbjg-cfce 2
dbjj-cfce 2
3202
0
3179
0
3194
0
3206
0
3207
0
3208
0
3205
0
3571
0
3570
0
3573
0
3569
0
3572
0
3593
0
3155
0
3209
1
dhbg-dcaj 2
3228
3
dcbd-dcci 2
dcbf-dcci 2
dcbh-dcci 2
3096
0
3491
1
dcbi-dejb 2
3232
0
3221
0
3183
0
3341
1
dccf-ddeb 2
3212
0
3213
0
3215
1
deja-dcbf 2
3216
0
3217
0
3219
0
3225
1
dcci-dccf 2
3224
0
3180
0
2795
0
3188
1
djid-dbii 2
2905
0
3175
0
3235
0
4120
0
3237
0
2519
0
3248
0
3245
0
2731
0
3241
1
dcgh-dceb 2
3257
1
ddbi-dcfh 2
3316
1
dcfg-ddbg 2
3258
1
dcgh-dcfi 2
3250
0
3251
1
dceg-dcfb 2
3246
0
3272
0
3561
1
dfgc-dfgb 2
3270
0
3266
0
3238
0
3243
0
3242
1
dcga-dcec 2
3275
1
dchd-dchf 2
3264
0
3267
1
dcgb-dcgh 2
3269
0
3259
0
3261
0
3262
0
3252
0
3268
0
3263
0
3265
0
3015
0
3240
0
3247
0
3196
0
3119
0
3256
0
3260
0
3279
0
2593
0
3277
0
3034
0
2105
0
2081
1
dcid-caib 2
2245
0
3285
0
3290
0
3288
0
3289
0
3287
0
3284
0
4130
0
3286
0
4024
0
2120
0
3306
1
ddac-ddag 2
3301
1
ddaf-ddab 2
3303
0
3300
0
2438
1
dcji-cedi 2
3295
0
3297
0
3304
0
3294
1
ddaf-dcje 2
3302
0
3296
0
2073
0
3312
1
ddbf-ddbc 2
3307
0
3308
0
3311
0
3310
0
3309
0
3313
0
3318
1
ddbj-ddbi 2
3317
0
3321
0
3255
0
3319
0
3559
1
dfgb-dffj 2
3563
1
dfga-dfgd 2
3986
1
djij-djig 2
2620
0
2730
0
3330
1
ddci-ddda 2
3326
0
3328
0
3332
0
3329
0
2388
0
3336
0
3742
1
ddde-dhec 2
3337
0
4171
0
3335
1
dhed-dddf 2
3338
1
dhed-dddi 2
2915
0
3340
1
ddeb-ddea 2
3342
0
3352
0
3586
1
ddfa-dfig 2
3877
0
3349
1
dfif-ddej 2
3346
0
3344
0
3226
1
djjf-dccg 2
3347
0
3339
0
3345
0
3348
0
3485
1
deig-deif 2
3584
0
3358
0
3451
0
3448
1
deeh-deei 2
3379
0
3396
0
3354
1
decd-ddfe 2
3359
1
defc-ddfj 2
3471
2
debh-dehb 2
defh-dehb 2
3463
1
ddhc-degd 2
3445
1
decd-deef 2
3422
1
ddge-decc 2
3424
0
3355
0
3450
0
3365
0
3360
0
3362
0
3364
0
3361
0
3520
1
dfce-dfca 2
3523
1
dfce-dfcd 2
3371
1
ddgj-ddhb 2
3456
0
3377
0
3372
0
3437
0
3375
0
3464
2
ddhh-dege 2
degj-dege 2
3370
0
3518
0
3367
1
dedd-ddgh 2
3378
0
3434
0
3373
0
3380
0
3381
0
3401
1
ddjb-deab 2
3386
0
3384
0
3382
0
3474
1
ddij-dehe 2
3383
0
3482
0
3407
0
3398
0
3403
1
ddjf-dead 2
3397
0
3395
0
3356
1
deej-ddfg 2
3514
1
dfaj-dfbe 2
3393
0
3392
0
3394
0
3405
0
3390
1
deag-ddja 2
3404
0
3402
0
3400
0
2805
0
3406
0
3455
1
debb-deff 2
3469
3
debb-degj 2
debd-degj 2
debf-degj 2
3475
1
debd-dehf 2
3411
0
3480
1
debg-deia 2
3409
1
deha-deaj 2
3470
2
degj-deha 2
dehh-deha 2
3478
0
3419
0
3420
0
3423
1
deed-decd 2
3363
0
3418
0
3421
0
3442
1
degh-deec 2
2683
1
deec-cgid 2
3432
0
3425
0
3431
0
3427
0
3429
0
3439
1
degi-dedj 2
3428
0
3435
0
4085
0
3433
0
3521
0
3430
0
3467
0
3440
1
defb-deea 2
3481
1
defb-deib 2
3438
1
deia-dedi 2
3452
1
deia-defc 2
3468
0
3479
0
3458
1
dehj-defi 2
3444
0
2232
1
dehj-ccdc 2
3810
0
3387
0
3388
0
3414
2
dehb-debe 2
deib-debe 2
3415
1
dehb-debf 2
3416
1
deha-debg 2
3417
0
3410
0
3501
0
3466
0
3685
1
dejd-dgif 2
3368
1
degj-ddgi 2
3461
1
degj-degb 2
3357
1
degj-ddfh 2
3462
0
3447
0
3976
2
dege-djhg 2
eaif-djhg 2
3457
0
3983
2
djhf-djid 2
dbjb-djid 2
3454
1
dejd-defe 2
3369
1
djhf-ddgj 2
3374
1
djhf-ddhe 2
3413
1
dehg-debd 2
2724
0
3682
0
2803
0
3385
0
3465
0
3477
0
3476
0
3453
0
3441
0
2802
0
3389
0
3487
0
3484
0
3492
0
3168
0
3488
0
3218
0
3489
0
3490
0
3975
3
djhg-djhf 2
djhi-djhf 2
djia-djhf 2
3498
0
3496
0
3497
0
3495
0
3502
0
3500
0
3503
0
3499
0
3575
0
2935
0
3508
0
3648
0
3647
0
3408
0
3512
1
dfbb-dfbc 2
3519
0
3399
0
3511
0
3522
1
dfbg-dfcc 2
2931
0
3525
0
3964
0
3376
1
dfcc-ddhg 2
3509
0
3524
0
3513
0
3515
0
2989
0
2198
0
3529
0
2133
0
3531
1
cddj-dfdb 2
2339
0
3530
0
3526
0
3539
0
2927
0
3540
0
2946
0
3538
0
3536
0
4014
1
dfec-eabe 2
3298
0
2945
0
3635
0
4001
1
eaad-eaab 2
3545
0
2310
0
3612
0
2285
0
3548
0
3551
0
2312
1
cdbe-cdbc 2
3557
1
dffe-dffh 2
3555
1
dffg-dfff 2
2594
0
3553
1
dffg-dffd 2
2385
0
2194
0
2812
0
4018
0
3564
1
dfgb-dfge 2
3558
0
3249
0
3320
0
4032
0
2854
0
3568
1
dfia-dfgi 2
3204
0
3578
2
dfhb-dfhi 2
dfhe-dfhi 2
3579
1
dfhc-dfhj 2
3580
0
3505
0
3567
0
3582
0
3576
1
dfhj-dfhg 2
4022
0
4021
0
3581
0
3577
0
3600
1
dfig-dgaa 2
3589
1
dfjf-dfij 2
3351
0
3590
0
3585
0
3588
1
dgab-dfii 2
3592
0
3595
1
dfjd-dfjf 2
3607
1
dfje-dgah 2
3609
1
dgaf-dgaj 2
3597
0
3587
0
3598
1
dgad-dfji 2
3602
1
dfjh-dgac 2
3604
0
3594
0
3601
0
3596
0
3934
1
dgai-djde 2
3599
0
3591
0
3605
0
3608
0
3210
1
dhbg-dcba 2
3715
0
2227
0
3827
0
3614
0
3620
1
dgbf-dgca 2
3613
0
3617
0
3645
0
3615
0
3616
0
3634
0
3641
0
3625
0
3637
1
dgea-dgdh 2
3621
0
3622
1
dged-dgcc 2
3644
0
3546
1
dgdg-dfeg 2
3630
0
4072
0
3646
0
3631
0
3628
0
3627
0
3623
0
3632
0
2353
0
3624
0
3642
0
3643
0
3619
0
3640
0
3639
0
3638
0
3629
0
3618
0
3649
0
3507
0
2956
0
2710
0
3656
0
3653
0
2841
0
3652
0
3668
0
3044
0
3655
1
dggh-dgff 2
3667
2
dgfi-dggh 2
dgga-dggh 2
3773
1
dhhb-dhhd 2
2370
0
3666
0
3758
1
dhif-dhfi 2
3760
1
dhge-dhga 2
3664
0
3665
0
3660
0
3657
0
3658
0
3659
0
3672
0
3669
0
3673
0
3695
1
dgjd-dgjf 2
3675
0
3687
0
3677
0
3678
0
3699
1
dgij-dgjj 2
2409
0
3028
0
3700
0
3693
0
3676
0
3670
0
3684
0
3686
0
3694
0
3690
0
3683
0
3679
0
3691
0
2938
0
3650
0
3696
0
3680
0
3701
0
3688
0
3674
0
3714
1
dhbc-dhbe 2
3707
0
3702
0
3708
0
3704
0
3705
0
3583
1
eaca-dfid 2
3711
0
2721
0
3710
1
eaje-dhba 2
3703
0
4093
0
3712
0
2059
0
3724
0
3718
0
2911
0
3716
0
3726
0
3723
0
3720
0
3725
0
3728
0
3729
0
3721
0
3722
0
3727
0
3078
0
2791
0
2778
0
2064
0
3853
0
3850
1
difc-difa 2
3737
0
3739
0
2765
0
3736
0
3745
0
3744
0
3740
0
3743
0
2517
0
4138
0
2507
0
3746
0
3115
0
3759
1
dhif-dhfj 2
3751
0
4048
1
dhie-eaei 2
3762
1
dhia-dhgc 2
3756
0
3767
0
2300
0
4057
1
dhgd-eafh 2
3754
1
eafc-dhfe 2
4061
1
eafg-eagb 2
3761
0
3772
0
3663
1
dhge-dggd 2
3768
0
3781
0
3763
0
3764
0
4049
1
eaei-eaej 2
3766
0
2290
0
3770
0
3783
0
2371
0
3771
0
3784
1
dhhh-dhie 2
3774
0
3769
0
3779
0
3775
0
3776
0
3785
1
dhhj-dhif 2
3753
0
3765
0
3777
0
3782
0
2736
0
2982
0
2899
0
3790
0
2851
0
3099
0
3788
0
3796
0
3797
0
3803
1
diab-diad 2
3945
0
3799
0
3805
0
3800
0
3793
1
diab-dhjd 2
3150
0
3145
0
3794
0
2627
0
3798
0
3813
0
3808
0
2199
1
dibe-cbjj 2
3811
1
dibd-dibb 2
3806
0
3812
0
3449
0
3814
0
3809
0
3817
0
3820
0
3815
0
3818
0
3821
0
2499
0
3819
0
2255
0
3825
0
2715
0
3823
0
3829
0
3610
0
4206
0
3828
0
2695
0
2757
0
3837
0
4080
0
4045
0
3833
1
eaee-didd 2
2835
0
2846
0
3840
0
2447
0
3834
0
3838
0
4015
1
eabh-eabf 2
4017
0
2859
1
dief-cifj 2
3845
0
3855
0
3849
0
2435
0
3851
1
diej-difb 2
3854
0
3852
0
3735
1
dife-dhdf 2
3847
0
3843
0
3848
0
2432
0
3859
1
eabf-difj 2
4220
0
3750
0
4012
1
ecca-eabc 2
3858
0
3940
0
3885
0
3887
0
3929
1
djaa-djcj 2
3871
3
dihd-dihb 2
dijg-dihb 2
diji-dihb 2
3870
0
3924
0
3913
0
3876
0
3864
0
3874
0
3873
1
dihi-dihd 2
3889
1
djaf-diij 2
3891
0
3892
1
diji-dijc 2
3893
0
3865
0
3933
1
diih-djdd 2
3343
0
3875
0
3878
1
djaj-dihi 2
3902
0
3932
0
3883
1
diii-diid 2
3888
1
djdi-diii 2
3881
1
dije-diib 2
3905
0
3890
0
3862
0
3935
1
djce-djdf 2
3861
0
3900
1
dijg-djaa 2
3919
1
dijb-djbj 2
2450
1
dijd-cefa 2
2830
1
dijd-cida 2
3894
0
3898
0
3923
0
3930
0
3882
0
3931
0
3906
0
3903
0
3907
1
djcj-djah 2
3908
0
3912
0
3937
1
digi-djdh 2
3910
0
3869
0
3922
0
3915
0
2879
0
3921
0
3917
0
3920
0
3918
0
3927
0
3886
0
2910
0
3863
0
2824
0
2807
0
3911
0
3899
0
3866
0
2808
0
3909
0
3901
0
3904
0
3606
0
3603
0
3879
0
3872
0
3880
0
3868
0
3938
0
3486
0
2722
0
4193
0
3795
0
3947
0
3949
0
3946
0
3955
0
3953
0
3950
0
2671
0
3951
0
3956
1
djfi-djfg 2
3954
0
3957
0
3962
0
3963
0
2418
0
3960
0
3959
0
3969
0
3972
0
3968
0
3973
0
3971
0
3967
0
3965
0
2685
0
3966
0
3978
0
3980
0
3459
0
3460
0
4084
0
3191
0
3985
0
3323
0
3990
0
3984
0
3036
0
3989
0
3987
0
3992
1
eaag-djjc 2
4006
1
djjd-eaag 2
3995
1
djji-djjf 2
3999
0
3994
1
eaag-djje 2
4145
0
4147
0
2842
0
3993
1
djjj-djjd 2
3997
0
2848
0
4002
1
eaah-eaac 2
3544
0
4004
0
4009
0
4003
0
4005
1
eaba-eaaf 2
4000
0
4008
0
4007
0
2298
0
4219
1
eabf-ecbj 2
4013
0
4016
0
3842
1
eabg-diec 2
3543
0
4011
1
ecca-eabb 2
3029
0
3560
0
2368
0
3706
0
2367
0
4026
0
3293
0
4102
0
4025
0
2614
0
4030
0
2493
0
2495
0
4028
0
2856
0
3566
0
4040
0
4036
0
2316
0
4034
0
2360
0
4041
0
4038
0
4035
0
2297
0
4044
0
4042
0
2466
0
4055
1
eafa-eaff 2
4058
1
eafh-eafi 2
3757
0
4053
0
4054
0
3755
0
4050
0
4052
0
4056
0
2734
0
4051
0
4062
0
4064
0
4060
0
4068
0
2289
0
4066
0
4067
0
4070
0
4074
0
4083
0
3626
0
4073
0
4071
1
eaid-eahb 2
4081
0
4076
0
2349
0
4075
0
4078
1
eaic-eahi 2
4079
0
2332
0
3436
0
4092
0
4088
0
4095
0
4090
0
4091
0
4086
0
4087
0
4096
0
4094
0
4089
0
4100
0
4097
0
4101
0
4027
0
4099
1
eajh-eajj 2
2948
0
4107
0
2947
0
4105
0
3032
0
2865
0
2500
0
4108
0
2876
0
4113
0
4116
0
4129
0
4112
0
4111
0
4117
0
2862
0
4115
0
3236
0
4126
0
4119
0
4123
0
4124
0
4121
0
3112
0
4128
0
4125
0
4127
0
3291
0
4114
0
4133
0
2630
1
ebdf-cgda 2
2849
1
ebde-ciej 2
4131
1
ebdg-ebdb 2
4140
0
4139
0
4137
0
4141
0
4150
1
ebec-ebfa 2
4148
0
2284
0
3991
1
ebei-djjb 2
4143
0
4144
0
4142
0
4152
1
ebhe-ebfc 2
4172
1
ebhf-ebhc 2
4173
0
4179
0
4160
0
4162
0
4159
1
ebfi-ebfj 2
4170
1
ebhj-ebha 2
4156
0
4155
0
4157
0
4154
0
4164
0
4174
0
4166
0
4175
0
4169
0
4163
1
ebhd-ebgd 2
4151
0
4167
0
4158
0
4168
0
4177
1
ebhg-ebhh 2
4176
0
4153
0
3334
0
4178
0
4181
0
4165
0
2512
0
4204
0
4198
1
ecag-ebji 2
4190
0
4184
1
ebjd-ebie 2
4194
0
4192
0
4186
0
2270
0
4188
0
4191
0
4189
0
4195
0
3943
0
4185
0
2475
0
4202
0
4196
0
4201
0
4205
0
4182
0
4203
0
4199
0
4183
0
3830
0
4215
0
4209
0
4213
0
4214
0
4217
0
2950
0
4207
1
ecbg-ecah 2
4208
0
4218
0
4210
0
4216
0
4212
0
3857
0
4295
1
fjbi-ecjf 2
4987
0
5003
1
faah-faad 2
5920
0
4294
0
5919
0
4293
0
4296
0
4711
1
edbc-ehbb 2
4301
0
4312
0
4298
0
4299
1
edbd-ecjj 2
4316
1
edbe-edbg 2
4315
1
edac-edbf 2
4300
1
ehcj-edaa 2
4310
1
edaf-edba 2
5688
1
edfc-fgii 2
5825
0
4302
1
edbb-edac 2
4306
1
edba-edag 2
6446
0
4317
0
4307
1
edba-edah 2
4305
0
4304
1
fgii-edae 2
4732
1
ehdh-ehdc 2
5829
0
4303
0
4709
1
ehbd-ehaj 2
4321
0
4931
1
ejeb-ejdb 2
4326
0
4328
0
4319
0
4329
0
4983
0
4327
0
4324
0
4323
0
4320
0
4322
0
4338
1
eddb-eddi 2
4817
1
eddf-eibh 2
6986
1
fjgj-gjig 2
4337
0
4662
1
egga-eggc 2
4336
0
4661
1
eggc-eggb 2
4334
1
eibi-edde 2
4335
0
4332
0
4348
0
4359
0
4342
1
edef-edec 2
4339
0
4340
0
4344
0
4346
1
gbbb-edeg 2
4345
0
6110
0
4358
0
4354
0
4353
0
4352
0
4349
0
4347
0
4350
0
4357
1
fiaa-edfh 2
6111
0
5800
1
fjjb-fiaa 2
4356
0
4343
0
6789
0
4341
0
6439
0
4466
1
eegf-eegg 2
4370
0
6390
0
6960
0
4367
0
4369
0
4365
0
4364
0
4368
0
4393
1
ejhh-edjd 2
4396
0
5875
0
4375
0
5373
0
4380
1
eeai-edia 2
4374
0
4390
0
4404
0
4384
0
4383
0
4408
1
eeag-eeai 2
4376
0
4388
0
4379
0
4387
0
4381
0
4382
0
4389
0
4385
0
4378
0
4386
0
6297
0
4395
1
edjd-edjf 2
4391
0
4401
0
4399
0
4372
0
4977
1
ejhf-ejhh 2
4397
0
4400
0
4394
0
4398
0
5874
0
6974
0
4410
0
4377
0
5580
1
ffib-ffia 2
4407
0
4405
0
4938
0
5637
0
4415
1
eebe-eebf 2
5962
1
eebe-fjgc 2
4411
1
fjgb-eebb 2
4413
0
4424
0
4422
0
5499
0
4425
0
4423
0
4798
1
giah-ehji 2
6819
0
4645
0
4418
0
4421
1
ffaa-eecb 2
4419
1
giad-eebj 2
4604
0
4820
0
4430
0
4438
0
4439
0
4429
0
4428
1
eedi-eeci 2
4441
1
eeee-eeeb 2
4435
0
4432
1
eede-eedc 2
4437
1
eeed-eedh 2
4461
0
4434
0
4442
0
4451
0
4446
1
fcda-eeeg 2
4447
0
4454
1
ejac-eefe 2
4904
0
4464
1
eegd-eege 2
4444
0
4436
1
eefc-eedg 2
5238
0
5231
1
fcdg-fcdb 2
4450
0
4445
0
4448
0
4449
0
6138
0
4455
0
4457
0
4463
0
4456
0
4459
0
4431
0
4458
0
4460
0
4453
0
4443
0
5236
0
5212
0
4468
0
4361
0
4465
1
eegh-eegf 2
4469
1
eehb-eegj 2
4467
0
4470
0
6053
1
ejfd-gafd 2
6447
2
eehg-geeh 2
geee-geeh 2
4488
1
eeib-eeii 2
4485
0
4621
0
4478
0
4481
1
eeie-eeib 2
4477
0
4476
0
4479
0
5349
0
4480
0
4474
0
4487
0
4484
0
5311
1
fdbg-fdbb 2
4472
0
4486
0
5316
0
5422
1
fdih-fecc 2
5390
0
4489
0
4492
0
4494
1
feca-eeje 2
4496
0
4495
0
6684
0
6688
1
eeji-ggii 2
4497
1
ggjc-eejh 2
5421
0
4490
0
6134
4
ejje-gbde 2
fefd-gbde 2
fhid-gbde 2
ggag-gbde 2
4493
1
ggig-eejd 2
5152
1
efaa-fbfc 2
4504
0
4503
0
4510
0
4501
1
fbfb-efab 2
5145
1
fbff-fbef 2
4506
1
gbag-efag 2
4499
1
fbfb-eejj 2
4508
1
efba-efai 2
6270
1
efai-gcha 2
6106
1
gbab-gbag 2
4505
0
4507
1
gcha-efah 2
4509
0
4500
0
6330
0
4978
0
4514
0
4815
0
5753
1
efbh-fhfd 2
5117
0
5113
0
5798
0
5339
1
fddh-fddj 2
6296
0
5703
0
5936
0
4539
1
efcd-efdj 2
4524
1
efdh-efce 2
5934
0
4522
2
efdh-efcc 2
fjdi-efcc 2
5467
1
efch-fegh 2
6744
1
gheh-ghee 2
4534
0
4532
1
efcj-efdc 2
4540
1
efdf-efea 2
4531
0
4525
0
4538
1
efec-efdi 2
4541
0
5251
1
fjdg-fcfb 2
4526
0
4542
0
4535
0
4537
0
4536
0
4543
0
4527
0
4529
0
4533
0
5720
0
5721
1
fedh-fhcb 2
4547
0
4544
0
4549
0
4546
0
4957
0
5648
0
5795
1
ffgj-fhjf 2
4554
0
4573
0
4553
0
6937
0
4560
0
4565
0
4561
0
4558
0
4556
0
4559
0
4562
0
5511
0
4564
0
4575
0
4567
1
gjbe-efgh 2
6913
0
4570
1
efhg-efha 2
4566
0
6791
0
6792
0
4569
0
4574
0
4576
0
4572
0
4555
1
effd-efff 2
4571
0
4579
0
4587
1
efjb-efih 2
4582
1
efja-efic 2
4589
0
4581
0
4578
0
5036
1
ghec-fadg 2
6743
1
fadh-ghed 2
4584
0
5045
0
4586
0
6751
0
5043
0
4592
0
4577
0
4591
0
4590
0
4599
1
egbb-efjj 2
4615
1
efjj-egbf 2
4596
0
4593
0
5763
1
fejh-fhgd 2
6365
1
ejab-gdgf 2
4614
0
4594
1
egbe-efje 2
4610
0
4608
0
4606
1
egaa-egag 2
4609
1
egae-egaj 2
4602
0
4607
0
4600
0
4427
0
4611
0
4601
0
4605
0
4794
0
6364
1
ejaa-gdge 2
4597
0
4627
1
egcc-egch 2
4618
0
4830
0
4616
0
4622
0
4620
0
4624
0
4628
2
egdc-egci 2
gaac-egci 2
4638
0
4625
0
4617
0
4623
1
egci-egcd 2
4626
0
4631
0
4634
0
5830
0
4632
0
4629
0
5506
1
ghdj-ffag 2
5276
0
4637
0
4635
0
5369
0
4646
0
5641
1
egfi-fgeb 2
4642
0
4641
0
4643
0
4420
0
4644
0
4650
1
egfc-egfa 2
4653
0
4651
0
4658
0
6802
0
4655
0
4652
0
4656
0
6815
0
4654
0
4649
0
5751
0
4330
0
5341
0
6156
0
5791
1
fhij-fhjb 2
4669
0
4668
0
4725
0
4671
0
4667
0
4873
0
4687
1
eghj-egih 2
4681
1
egid-egib 2
4676
0
5640
1
egif-fgea 2
4678
0
4675
0
4679
0
4686
0
4688
0
4677
0
6933
0
4684
0
4672
0
4685
0
4680
1
egih-egia 2
4673
0
5221
1
fcah-fccb 2
5633
0
4690
0
4689
0
4694
0
4692
0
6982
1
gjid-gjic 2
4703
0
6096
1
gajf-gajg 2
4705
0
6798
0
4706
0
4701
0
4696
1
ggag-egjg 2
4700
0
6983
0
4704
0
4702
0
4697
0
4695
1
gaji-egjf 2
5037
0
5383
0
5848
0
4712
0
4309
0
4713
0
4313
0
4717
0
4721
0
6941
0
5378
0
4716
0
4720
0
4718
0
4714
0
4811
0
4724
0
4666
0
4726
0
4722
0
4807
0
4731
0
4734
0
5817
1
fibg-fibh 2
4761
1
ehgi-ehgb 2
4733
1
ehdi-ehdd 2
4738
0
4727
1
ehdg-ehch 2
4729
0
4730
0
4737
0
4728
1
ehga-ehci 2
4735
1
fcae-ehdf 2
5205
0
4736
0
5408
0
5223
0
4741
1
ehec-eheb 2
4745
0
4740
1
fccc-ehea 2
5406
0
4742
0
4743
0
4816
0
4964
0
6410
0
4749
0
5832
0
5824
1
fiah-fice 2
5807
1
fiai-fiah 2
4748
1
gebb-ehei 2
6799
0
6087
2
gajb-gaih 2
gaje-gaih 2
5165
0
4758
0
4772
0
4756
0
6129
1
ehid-gbcj 2
5924
0
5910
1
fjcg-fjba 2
4767
0
4760
0
4771
0
4814
1
eiad-eibe 2
4769
1
ehgh-ehgj 2
4763
0
4764
0
4765
0
4768
0
4766
0
4770
0
4777
0
5778
2
fhia-fhhi 2
gbdc-fhhi 2
4781
1
ehii-ehib 2
4755
0
4773
0
4789
0
4779
0
4775
0
4776
1
ehjb-ehhg 2
4778
0
4780
0
4790
0
4785
0
4783
0
4791
1
fhhj-ehjb 2
4787
1
ehij-ehih 2
4788
0
4786
0
5780
1
gbci-fhia 2
4784
0
4795
0
4800
1
eicd-eiaa 2
4793
0
4613
0
4802
0
6806
1
giac-giag 2
4417
0
4799
0
4796
0
4801
0
4797
0
4821
0
4792
0
4806
1
fdac-eiag 2
4803
0
5303
0
5853
1
fibi-fifd 2
6025
0
6027
1
gace-gach 2
4812
0
4723
0
4813
0
4810
0
4808
0
4804
0
4762
0
5845
1
fibh-fief 2
4747
0
4515
0
4819
0
4331
0
4818
0
4823
0
4822
0
4426
0
5652
0
4828
0
5058
1
faga-fafi 2
4826
0
4824
0
4619
0
6899
0
6196
1
gcce-gbjg 2
4840
1
eiha-eiea 2
6224
0
4833
0
4835
0
4831
0
4837
0
4866
1
eidj-eigg 2
4834
0
6966
0
4836
1
eigg-eidg 2
6973
1
gjha-gjhd 2
4832
1
gbjh-eidc 2
4868
0
4854
0
4856
1
eigb-eifg 2
4844
1
eief-eiee 2
4847
0
4842
0
4845
0
4841
0
4850
0
4849
1
eifb-eiej 2
4853
0
4848
1
eifc-eiei 2
4855
0
4862
0
4852
0
4846
0
4860
0
4843
0
6443
0
4858
0
4863
0
4857
1
geec-eifh 2
4869
0
4865
0
4864
0
4851
0
4859
0
4839
1
gjhc-eidj 2
4861
0
4867
0
4870
0
5771
1
fhge-fhhb 2
4881
0
4872
0
4670
0
4876
0
4882
0
4875
0
4871
0
4878
0
4874
0
4879
0
4880
0
4886
0
5111
0
4884
0
6453
0
4896
0
4895
0
4894
1
eija-eije 2
6441
0
4893
0
4890
0
4887
0
4888
0
4891
0
6149
0
4889
0
6988
0
5957
1
fjga-fjfh 2
4433
0
4919
0
4920
0
4921
0
4917
0
4918
0
4903
0
4902
0
4910
0
5218
0
4922
0
4923
0
4924
0
4925
0
4926
0
4927
0
4912
0
4913
0
4914
0
4915
0
4916
0
4911
0
4907
0
4908
0
4906
5
ejbd-ejag 2
ejbf-ejag 2
ejcc-ejag 2
ejce-ejag 2
ejcg-ejag 2
4905
2
ejbi-ejaf 2
ejca-ejaf 2
4942
0
4318
0
4936
0
4939
0
4933
0
4941
0
4409
0
4929
0
4944
0
4943
0
4935
0
4928
0
7012
0
6991
0
4932
0
4937
0
4940
0
4945
0
4930
0
6731
0
5188
1
ffgi-fbii 2
4953
0
4950
0
4951
0
5509
0
4948
0
6928
0
4956
0
4548
0
4954
0
5545
0
6311
1
gdbd-gdbb 2
5274
0
6310
0
4967
0
4969
1
ejhe-ejgj 2
4965
0
4963
0
4746
0
4966
0
4962
0
4971
0
4973
0
4972
0
5772
0
4968
0
6037
0
4976
0
4986
0
4511
0
4982
0
4985
0
4325
0
4981
0
4980
0
7021
1
habi-hacb 2
4979
0
5005
1
faac-faaf 2
5013
0
4988
0
5012
0
4993
0
5011
0
5462
2
feff-fegc 2
ghgf-fegc 2
4997
1
ejjj-ejjh 2
4992
1
gffd-ejjc 2
4996
0
4989
1
faag-ejij 2
4998
0
4994
0
5001
0
4999
0
6252
0
4292
1
faae-ecjc 2
5010
1
fabb-faba 2
5035
0
5004
0
4990
0
5006
0
5002
0
5471
0
4991
0
6060
0
6440
0
6114
0
5020
1
fage-faca 2
5019
1
faeg-fabj 2
5083
1
faia-faid 2
5016
0
5018
0
5017
0
5069
1
fahj-fagj 2
5093
1
fage-fajd 2
5028
0
5026
0
5475
1
gdeg-fehf 2
5021
0
5447
1
facg-feeh 2
5024
1
feeg-face 2
5023
1
feeg-facd 2
5022
0
5722
0
6170
0
6704
1
ggia-ghae 2
4550
0
4580
1
fadh-efia 2
6763
0
5034
0
5007
0
5032
0
4708
0
5044
1
faeb-faee 2
6476
1
faef-gehg 2
6467
0
4585
0
5039
0
5040
0
4588
0
5062
0
4825
0
6827
0
5049
0
5094
0
5053
0
5056
0
5073
1
faig-fahd 2
5052
1
faff-fafc 2
5098
1
ffce-faji 2
5059
0
5082
0
5050
1
faid-fafa 2
5061
0
6304
0
5060
0
5071
0
5079
1
faib-fahj 2
5070
0
5067
0
5063
0
5064
0
5066
0
5068
0
5090
0
5084
0
5065
0
5077
1
fahf-fahh 2
5054
0
5085
1
fhde-faif 2
5075
0
5323
1
ffec-fdcd 2
5074
0
5078
0
5076
1
fdcd-fahg 2
5080
0
5046
0
5081
0
5048
0
5072
1
faij-fahc 2
5087
0
5732
0
5089
0
5086
0
5088
0
5095
0
5091
0
5092
1
fajg-fajc 2
5057
0
5097
0
5055
0
5523
0
5096
0
5107
0
5104
1
fbag-fbae 2
5108
0
5100
0
5105
0
5106
0
5099
0
5102
0
5101
0
5110
0
5103
0
6415
0
5118
0
4883
0
5115
0
4517
1
fbbi-efbh 2
6456
1
gega-gefg 2
5114
0
5112
0
5351
1
fdff-fdfb 2
5129
0
6218
0
6926
0
5124
0
5121
0
5126
0
5123
0
5127
1
fbcj-fbch 2
5290
0
5125
0
5130
0
5120
1
gcbh-fbca 2
6332
0
5335
0
6996
0
5137
0
6436
1
fbdi-gedg 2
6508
1
gecj-gfai 2
5138
0
5135
0
5617
0
6708
0
5142
1
fbeg-fbec 2
6161
2
fbeg-gbgb 2
gbfi-gbgb 2
5139
0
5140
1
gbgb-fbea 2
5154
1
fbeg-fbfe 2
5147
1
fbfe-fbeh 2
5143
0
5158
1
fbeh-fbfi 2
5146
1
fbfh-fbeg 2
5156
1
fbfh-fbfg 2
4502
0
5148
0
5153
0
5150
0
5157
1
gdac-fbfh 2
5161
0
6302
1
fbfi-gdac 2
6276
0
6268
1
ghbf-gcgi 2
6714
1
gcgh-ghbe 2
5155
1
gcgh-fbff 2
5151
1
fbgd-fbfb 2
5164
0
5163
0
5159
1
gdac-fbfj 2
5160
0
5418
0
4753
0
5197
0
5198
0
5199
0
5168
0
5201
0
5200
0
5173
1
fbji-fbhd 2
5170
0
5167
0
5522
0
5166
0
5189
1
fbhd-fbij 2
5192
2
fbjj-fbjc 2
fcab-fbjc 2
5187
0
5193
0
5179
0
5186
0
5177
0
5175
0
5194
0
5178
0
6771
0
5180
0
5174
0
5171
1
fbii-fbhb 2
5185
1
fceh-fbif 2
5247
1
fcei-fceh 2
5195
0
5181
1
fbje-fbib 2
5183
0
5182
0
5569
0
4946
0
5196
0
5191
0
5176
0
5190
0
5172
1
fbjj-fbhc 2
6323
0
6428
0
5614
2
fcai-fgbe 2
fcbj-fgbe 2
5229
1
fcca-fccj 2
5243
1
fgbg-fced 2
5244
0
4462
0
5215
0
5211
1
fcdf-fcbb 2
5213
0
5227
1
fccj-fcch 2
4909
0
5216
0
5224
0
5219
0
5220
1
fccf-fcca 2
5206
2
fcca-fcag 2
fcdc-fcag 2
5208
0
5209
1
fcdc-fcaj 2
5210
0
4691
0
5217
0
5228
0
5226
1
fceg-fccg 2
5225
0
5214
1
fccj-fcbe 2
5222
0
5246
1
fcde-fceg 2
5233
1
fceg-fcdd 2
5230
0
5235
0
5232
0
5241
1
gbdf-fceb 2
5242
0
5240
0
5237
0
5234
0
6136
1
fcec-gbdg 2
6133
1
fdig-gbdd 2
5784
1
gbdc-fhie 2
5207
1
fgbg-fcah 2
5248
0
5928
0
5261
2
fcfe-fcgb 2
fjdb-fcgb 2
5258
1
fcfd-fcfi 2
5260
0
4530
0
5935
0
5262
0
5249
2
fcga-fcej 2
fihd-fcej 2
5868
0
5560
1
fihd-ffga 2
5561
1
gafa-ffgb 2
5566
0
5256
0
5257
0
5255
2
fcgg-fcff 2
fjdb-fcff 2
5252
0
5253
0
5264
0
5266
0
5267
0
5263
0
6280
0
5269
0
5277
0
5273
0
5270
0
5268
0
5304
1
gdii-fdae 2
5552
0
4961
0
5271
0
4636
0
6035
0
5547
0
5943
0
5282
1
fcie-fcic 2
5280
1
fjed-fcia 2
5283
0
6371
1
ffjh-gdhb 2
5287
0
5288
0
5128
0
5922
0
5925
0
5285
0
5286
0
6768
1
ghhe-ghgi 2
5296
0
5299
0
5866
0
5291
0
5867
0
5298
0
5294
0
6740
0
6387
0
5302
0
5300
0
6788
1
ghig-ghii 2
6389
0
5272
0
5322
0
5312
0
5310
0
5314
0
5321
0
5319
0
5577
0
5318
0
5308
0
6083
1
fgig-gaid 2
5309
0
5306
0
5320
0
5317
0
4483
0
5307
0
5315
0
5513
1
ffbb-ffbd 2
6147
0
6301
0
5328
0
5333
0
5329
0
5327
0
5332
0
5334
0
5331
0
5131
0
6575
2
gfhe-gfhf 2
ggff-gfhf 2
5330
0
5338
0
4518
0
5337
0
4664
0
5342
0
6618
0
5340
0
5347
0
5353
0
5345
0
5355
0
4482
0
5350
0
5354
0
5348
0
5344
0
6373
1
giji-gdhd 2
6901
1
gdhc-gjab 2
5346
0
5358
1
fdga-fdfi 2
5823
0
5819
1
fibc-fibj 2
5357
0
5359
0
6493
0
6494
0
6495
0
6977
0
6730
0
6334
1
fdgg-gdde 2
6331
1
fdgg-gddb 2
6903
0
5366
1
gddc-fdgg 2
5364
0
5368
1
egdj-fdgi 2
4639
0
5370
0
5372
0
5367
0
7004
0
5557
1
fffi-fffh 2
5381
0
5379
0
5377
0
5375
0
5374
0
4719
0
5564
0
5380
0
5891
1
fdid-fijb 2
4707
0
5630
0
5394
1
fecd-fdje 2
5395
0
5391
1
fdja-fdjb 2
5407
0
4491
1
fecd-eejb 2
5387
3
fdjc-fdih 2
feag-fdih 2
gbdc-fdih 2
5388
0
6895
0
5386
0
6861
0
5420
0
5423
0
6854
1
gidb-gife 2
6275
1
gidb-gchf 2
5404
0
5415
0
5403
0
5412
0
5626
1
feab-fgcg 2
5400
1
febd-feaa 2
5405
0
5402
0
5396
1
febe-fdjg 2
4744
0
5409
0
5627
1
fgci-fgch 2
5385
0
5410
0
5414
0
5401
0
5413
0
5417
0
5162
0
5419
0
5392
0
5398
0
5432
1
fefa-fedc 2
6254
1
gcfg-gcfe 2
5436
0
5437
0
5427
0
5426
1
fedi-fecg 2
5439
0
5428
0
5429
0
5433
0
5430
0
5431
0
5451
0
5425
0
5435
0
5719
0
5442
0
5438
0
5440
0
5443
0
5448
1
gdei-feei 2
5446
0
5449
0
5445
0
5444
0
5441
0
6347
0
5458
0
5454
0
5455
0
4995
1
fegd-ejjf 2
5457
1
gbdc-fefh 2
5450
0
5459
0
5460
0
5456
0
5461
0
5453
0
5723
0
5464
0
6750
1
ghgg-ghfa 2
5452
0
5466
0
5724
1
fjda-fhce 2
4523
1
ghef-efcd 2
4528
0
5465
0
6766
1
fehc-ghgg 2
5470
0
5009
0
5474
0
5472
0
6755
0
5481
0
6345
0
5025
0
5483
0
5480
0
5476
0
5479
0
5482
0
5477
0
5485
0
5478
0
6076
0
5484
0
5494
0
5493
0
6023
0
5492
0
5488
0
6144
0
5489
0
5490
0
5502
0
5497
0
5495
0
5501
0
5496
0
5500
0
5505
1
gaac-ffaf 2
5508
1
gaac-ffai 2
5507
0
5504
1
ffai-ffae 2
6000
1
ffai-gaaa 2
5503
0
4633
0
6738
0
6322
1
gdci-gdcc 2
4952
0
4563
0
5543
0
5535
0
5520
0
5531
0
5534
0
5521
1
ffci-ffcb 2
5516
0
5524
0
5529
0
5517
0
5527
0
5519
0
5526
0
5533
0
5537
0
5530
0
5515
0
5528
0
5514
0
5536
0
5539
0
5538
0
5540
0
5532
0
5518
0
5525
0
5169
0
5512
0
5541
0
5542
0
5548
0
5546
0
5544
1
ffeh-ffee 2
4959
0
5278
0
5553
0
5551
0
5275
0
5549
0
5556
0
5550
0
5554
0
6088
2
gaja-gaii 2
gajd-gaii 2
5558
0
5559
0
4373
0
5250
0
6051
0
5567
0
5565
0
5562
0
5376
0
5563
0
5259
0
5783
0
5760
0
5570
0
6381
0
5572
0
5119
0
5574
0
5575
0
5576
0
5588
0
5582
0
4406
0
5587
1
ffig-ffih 2
5585
1
ffig-ffif 2
5589
1
ffhj-ffij 2
5584
0
5586
1
ffih-ffig 2
5581
0
5583
0
5579
0
5592
1
ffje-ffjc 2
6113
0
5591
0
5593
0
5597
0
5598
0
5599
1
gdgh-ffjj 2
6366
0
5595
0
5877
0
5603
0
5605
0
5607
0
5600
0
5604
0
6912
0
5606
0
6444
0
5685
0
5608
0
6449
0
5610
0
5609
0
5634
0
5619
0
5620
0
5629
0
5144
0
5613
1
fgcc-fgbd 2
5616
1
fgda-fgbg 2
5618
0
5621
1
fgdf-fgcb 2
5615
0
5632
0
5628
0
5636
0
5750
0
5623
0
5411
0
5622
0
5399
0
5416
0
4739
0
5624
0
5631
0
5635
0
4693
0
5638
0
5639
0
4414
0
4647
0
4659
0
4674
0
4683
0
5644
1
fgff-fgee 2
5645
0
4551
1
fgff-effb 2
5650
1
fgei-fgfa 2
5864
1
fgef-fige 2
6682
0
6699
0
5654
1
fgei-fgfe 2
5643
1
fgeh-fged 2
5642
0
6978
0
6980
1
gaef-gjia 2
4827
0
5655
0
5651
0
5653
0
5689
0
5682
1
fgie-fgic 2
5667
0
6132
1
fghd-gbdc 2
5661
0
5681
0
5660
0
5659
0
5662
0
5663
0
5674
1
fgic-fghe 2
5690
0
5684
0
5668
0
5665
0
5658
1
fgjc-fgfi 2
5692
1
fgig-fgjc 2
5693
0
5694
1
fghj-fgje 2
5695
1
fghf-fgjf 2
5696
0
5697
0
5691
1
fghj-fgjb 2
5673
0
5670
0
5698
0
5669
0
5677
0
5675
0
5679
0
5680
0
5664
0
5666
0
5611
1
geef-fgbb 2
4351
0
5671
0
5676
1
fghh-fghg 2
5683
3
fgjd-fgid 2
fgjf-fgid 2
fgjh-fgid 2
5686
1
gaic-fgig 2
5699
0
5656
0
6016
0
5710
0
4520
0
5704
0
5708
0
5717
1
fhbg-fhbh 2
5709
0
5702
0
6423
0
5700
0
5705
0
5712
0
5713
0
5716
1
fhbh-fhbg 2
5711
0
5714
0
5715
0
5706
0
5707
0
4545
1
fhcc-efef 2
5434
1
fhcc-fede 2
5027
0
5927
0
5463
0
5726
0
5742
0
5725
0
5729
0
5739
0
5728
0
5730
0
5733
0
5740
0
5734
0
5738
0
5741
0
5727
0
5737
0
5736
0
5735
0
5731
0
5744
0
5749
0
5746
1
fhei-fheg 2
5747
0
5743
0
6298
0
5625
0
5745
0
6626
0
4660
0
5767
1
fhgc-fhgh 2
5768
1
fhgf-fhgi 2
5765
1
fhgj-fhgf 2
4516
0
5769
0
5756
1
fhgi-fhfg 2
5757
0
5774
0
5764
0
5755
0
5573
0
5762
0
5759
0
5758
2
fhha-fhfi 2
fhhf-fhfi 2
5770
1
fhge-fhha 2
5498
0
4595
1
fhha-efjf 2
5761
0
5754
1
fhgj-fhfe 2
4513
0
5766
0
4877
0
5775
0
4974
0
5773
0
5777
1
fhje-fhhh 2
6741
1
gbbh-gheb 2
6118
0
5297
1
fhic-fcjh 2
5792
0
5776
0
6127
1
gbce-gbch 2
6896
1
gijf-gijg 2
5785
1
fhic-fhif 2
5568
1
fhie-ffgi 2
5031
0
5245
1
gbdc-fcef 2
5793
0
5787
0
5789
0
5786
1
fhjg-fhig 2
5788
0
5790
0
4665
0
5794
0
5796
0
5781
1
ghea-fhib 2
5779
1
gijg-fhhj 2
4774
0
4519
0
6368
0
5991
1
fjja-fjjb 2
5802
0
5816
0
5827
0
5804
0
5814
1
fibd-fibe 2
5812
1
fibf-fibc 2
5810
0
5805
0
4750
1
ficd-ehfa 2
5806
1
fiff-fiag 2
5854
0
5855
1
fidc-fiff 2
5833
0
5860
0
5808
1
fied-fiai 2
5856
0
5818
0
5834
1
fidj-fide 2
5835
1
fidj-fidf 2
5837
1
fidj-fidh 2
5821
0
5838
1
fidj-fidi 2
5843
0
5809
2
fide-fiaj 2
fidg-fiaj 2
5820
2
fide-fica 2
fidg-fica 2
5813
0
5360
0
4630
0
5828
0
4314
0
5826
0
4311
0
5842
0
5841
2
fidf-fieb 2
fidi-fieb 2
5822
1
fidj-ficc 2
5852
0
5840
0
4805
1
fifd-eiaf 2
5850
1
fifb-fifa 2
5847
0
5846
0
5844
1
fieh-fiee 2
5851
0
4710
0
5801
0
5849
0
5862
0
5831
0
5861
0
5811
0
5859
0
5815
0
5858
0
5857
0
5839
0
5803
0
5646
1
ggid-fgeg 2
5647
0
6865
1
figf-gigf 2
5295
0
5293
0
5869
0
5870
0
6706
0
5873
0
5871
0
5254
0
4371
0
4403
0
5884
0
5885
0
5880
0
5601
0
5881
0
5879
0
5876
0
5878
0
6043
0
5882
0
5906
0
5886
1
fjaf-fiig 2
5905
2
fiij-fjaf 2
fijj-fjaf 2
5895
1
fjaf-fijf 2
5887
0
5892
0
5889
0
5382
0
5384
0
5896
0
5921
0
5894
0
5890
1
fjaf-fija 2
5902
1
fjae-fjac 2
5903
0
5904
1
fjbf-fjae 2
5916
1
fjab-fjbg 2
5898
1
fjbf-fiji 2
5899
0
5901
0
6472
0
5897
0
5909
0
5888
1
fjbe-fiii 2
5913
0
5908
0
5911
0
5912
0
5914
0
5907
0
4759
1
fjcf-ehfj 2
5926
0
6904
0
5918
0
5917
0
5893
0
4297
0
6251
0
5289
1
fjce-fcij 2
5932
0
5929
1
fjdh-fjcj 2
5930
0
5931
0
5933
0
5938
0
5937
0
6308
0
5939
1
gjfb-fjdj 2
6951
1
gjfd-gjfb 2
5942
0
6923
0
5951
0
5950
0
6922
0
6091
0
5946
0
5945
0
5947
0
5948
0
5953
0
6300
0
5958
0
5960
1
fjgc-fjga 2
4898
0
5978
0
5984
1
fjhc-fjie 2
5955
0
5961
0
4412
1
eebf-eebc 2
5983
1
fjic-fjid 2
5986
0
5973
0
5969
0
6981
1
gjig-gjib 2
5971
0
5965
1
fjha-fjgf 2
5964
0
5972
0
6985
1
gjic-gjif 2
5967
0
5963
0
6911
0
5974
0
5977
0
5985
0
5956
0
5980
0
5982
0
5952
0
5966
1
fjig-fjgg 2
5981
0
5959
1
fjff-fjfj 2
5970
0
5975
0
5997
1
gaab-fjjh 2
5990
0
5994
0
5992
0
5799
0
5989
0
5988
0
5995
1
fjjg-fjjf 2
5993
0
5987
0
6002
0
5996
1
fjjj-fjjg 2
5999
0
6369
0
5998
0
6017
0
6006
1
gaaf-gaag 2
6015
0
6007
0
6012
0
6011
0
6008
0
6426
1
gecc-gecg 2
6005
0
6013
0
6010
0
6019
0
6020
0
6014
0
5701
0
6003
0
6021
0
6018
0
6004
0
6026
0
4809
1
gacg-eiaj 2
5487
0
6024
0
6319
0
6032
0
6031
0
6039
1
gadi-gadj 2
6042
0
6034
0
5279
0
6036
0
6041
1
gdbf-gaeb 2
6040
0
4970
0
6028
0
6029
0
6313
1
gdbj-gdbd 2
6033
0
5883
0
6030
0
6979
0
6047
0
6050
0
6049
0
6052
0
6048
0
6046
0
4949
0
4471
0
6059
0
6056
0
6057
0
6062
0
6063
0
6058
0
6055
0
6065
0
6064
0
5008
0
6253
0
6054
0
6069
0
6080
0
6067
0
6071
0
6068
0
6077
0
6215
0
6079
0
6073
0
6072
0
6070
0
5486
0
6075
0
6081
0
6078
0
6066
0
5687
0
5313
0
6094
1
gaii-gaje 2
6794
0
6095
0
5555
0
6090
0
4751
1
ghjj-ehfb 2
6093
1
gajg-gajd 2
6089
1
gaii-gaij 2
6099
1
gdgg-gajj 2
6092
0
6086
0
5944
0
6082
0
6098
0
6084
0
6097
0
6367
0
6104
0
6100
0
6101
0
6879
0
6103
0
6102
0
6834
0
6108
0
6325
0
6107
0
4355
0
5590
0
6739
0
6930
0
5014
0
6122
1
gbcd-gbcc 2
6120
0
6117
0
6123
0
6119
0
6121
0
6116
0
6137
0
6135
1
gbdb-gbdf 2
6130
0
6128
1
gbda-gbci 2
6124
0
4782
0
4757
0
6125
0
6140
0
5469
0
4498
0
5672
0
5657
1
gbde-fgfh 2
5239
0
6139
1
gbdi-gbdj 2
4452
0
6131
0
6126
0
5491
0
6727
0
6141
0
6142
0
6150
0
6146
0
6153
0
6154
0
6145
1
gbff-gbef 2
6155
0
6152
0
5325
0
4897
0
6151
0
6148
0
4663
0
6165
0
6157
1
gbgb-gbfh 2
6159
0
6299
0
6164
0
6158
0
6160
0
6162
0
6169
0
6864
0
6167
0
6836
1
giec-gidg 2
6168
1
gidh-gbgi 2
6233
0
6173
0
6236
0
6171
0
6246
0
6178
0
6175
0
6212
1
gcah-gcbc 2
6192
0
6182
1
gbjf-gbic 2
6214
0
6206
0
6184
1
gbje-gbie 2
6194
0
6226
0
6179
1
gbie-gbhj 2
6238
0
6188
0
6205
1
gbja-gcaf 2
6189
1
gccf-gbij 2
6181
0
6216
0
6187
0
6190
1
gcdj-gbja 2
6191
0
6186
0
6183
0
6201
0
6202
0
6203
1
gcac-gcad 2
6200
0
6197
0
6198
0
6193
1
gcbf-gbjd 2
6199
1
gcaf-gbjj 2
6204
0
6213
1
gcbe-gcbd 2
6210
1
gceh-gcba 2
6180
0
6195
0
6209
0
6177
0
6229
0
6245
0
6207
0
6208
0
6185
0
6074
0
6220
0
6217
0
6221
0
6223
0
6219
0
6222
0
6228
0
6225
0
6232
0
6235
0
6211
0
6227
0
6234
0
6231
0
6172
0
6230
0
6243
0
6174
0
6242
0
6239
0
6237
0
6241
0
6240
0
6176
0
6244
0
6247
0
6293
0
6250
1
ghhf-gcfa 2
6773
0
6248
0
5000
0
5923
0
5424
0
6255
0
6257
0
6061
0
6258
0
6262
0
6336
1
gcgc-gddg 2
6259
0
6256
0
6266
0
6735
0
6264
0
6934
0
6269
1
gijd-gcgj 2
6267
0
6894
0
6271
0
6881
2
giha-giib 2
giia-giib 2
6787
0
6407
0
5149
0
6852
1
gifd-gifc 2
5397
1
gifd-fdjh 2
6282
0
6279
0
5265
0
6277
0
6278
0
6281
0
6284
0
6289
0
6287
0
6890
1
gdcf-gija 2
6286
0
6283
0
6292
0
6291
0
6285
0
6326
1
gija-gdcg 2
6295
0
6249
0
6294
0
4392
0
4521
0
6163
0
5748
0
5324
0
5979
0
5047
0
6305
0
6303
0
5941
0
6306
0
6309
0
6736
0
6312
2
gdbb-gdbc 2
gdbh-gdbc 2
6317
0
6318
0
6314
0
4958
0
6315
0
6320
0
4960
0
6038
0
5510
0
6321
1
gece-gdcb 2
6424
1
gebf-gece 2
6927
0
5203
0
6290
0
6109
0
6328
0
4512
0
6902
0
5132
0
5363
1
gddd-fdgd 2
6260
0
6261
0
6343
0
6350
1
gddj-gdfa 2
6340
0
6335
0
6337
0
6339
0
6338
1
gdee-gddi 2
6341
0
6360
1
gdeh-gdga 2
6357
0
6349
0
6342
0
6344
0
6351
0
6362
1
gdfi-gdgc 2
6361
0
6358
0
6352
0
6363
0
6354
0
6355
0
6346
0
6348
0
6356
0
6359
0
6353
0
4598
0
4612
0
4901
0
6001
0
5797
0
6374
1
gdhb-gdhe 2
6372
0
5352
0
6370
0
5284
0
5596
0
6455
0
6380
0
6382
0
6384
0
6379
0
6375
0
6383
1
gdib-gdid 2
6378
0
6377
0
6385
0
5571
0
5301
0
6388
0
6386
0
6392
0
4363
0
6395
0
6391
0
6393
0
6397
0
6394
0
6399
0
6396
0
6400
0
6599
0
6398
0
6412
0
6406
0
6414
0
6404
0
6408
0
6405
0
6273
0
6413
0
6402
1
gebe-geac 2
6409
1
gebc-geaj 2
6411
0
6403
0
5109
0
6418
0
6421
1
gecg-gecb 2
6425
1
gecd-gecf 2
6417
1
gece-gebh 2
6433
0
5718
0
6431
1
gecf-gedb 2
6419
1
gecg-gebj 2
6416
0
6420
0
6009
1
gedf-gaaj 2
6435
0
6327
0
6434
1
gedc-gede 2
6432
0
6427
1
gedg-gech 2
5202
0
6429
0
6437
0
6422
0
5133
0
4362
0
4892
0
5015
0
6445
0
4473
0
4475
0
4754
0
4308
0
4885
0
6450
0
6448
0
6452
0
5612
0
6451
0
6376
0
6458
0
6459
0
5116
0
6460
0
6454
0
6457
0
6483
0
6479
1
gegi-gehj 2
6480
1
geif-geia 2
6482
0
6466
0
5038
0
6464
0
6471
0
6469
0
5900
0
6468
0
5041
0
5042
0
6474
0
6478
0
6486
0
6477
0
6492
0
6484
2
geii-geie 2
gejc-geie 2
6461
0
6470
0
6481
0
6491
0
6462
0
6465
0
6487
0
6490
1
gejc-geja 2
6463
1
geii-gegd 2
6485
0
6475
0
6473
0
6488
0
6489
0
5356
1
geje-fdfg 2
6524
0
6544
1
gfbe-gfee 2
6540
0
6497
1
gfcf-gejh 2
6519
1
gfaf-gfbj 2
6501
1
gfcb-gfab 2
6522
0
6499
0
6520
0
6546
0
6523
0
6502
1
gfeg-gfac 2
6535
0
6532
0
6516
0
6430
0
5136
0
6514
0
6513
0
6510
0
6517
0
6541
0
6542
0
6536
0
6537
0
6538
0
6539
0
6511
0
6512
0
6509
0
6545
0
6506
1
gfdf-gfag 2
6500
0
6503
0
6498
1
gfcg-geji 2
6518
0
6504
0
6529
0
6526
0
6530
0
6528
0
6525
0
6531
0
6496
0
6521
0
6505
0
6515
3
gfdh-gfbf 2
gfdj-gfbf 2
gfec-gfbf 2
6533
1
gfec-gfdd 2
6527
0
6569
0
6547
0
6548
0
6554
0
6651
0
6559
1
ggeg-gffj 2
6552
0
6573
1
gfhc-gfhd 2
6571
0
6550
1
gffi-gffa 2
6606
1
gfff-ggag 2
6584
0
6646
0
6555
0
6558
1
ggda-gffi 2
6643
1
ggag-gged 2
6595
1
gfgh-gfjf 2
6611
1
ggag-ggbb 2
6650
1
ggcb-ggfa 2
6621
0
6592
1
gfjd-gfjc 2
6551
0
6633
0
6549
2
gfhd-gfej 2
gffe-gfej 2
6572
1
gfhf-gfhc 2
6649
1
gfhg-ggej 2
6577
1
gfhc-gfhh 2
6576
0
6656
0
6574
0
6578
1
ggff-gfhi 2
5326
0
6580
0
6581
2
ggbh-gfib 2
gfgg-gfib 2
6616
0
6566
0
6579
0
6596
0
6642
0
6614
1
ggbf-ggbe 2
6560
0
6561
0
6634
0
6567
0
6591
0
6586
0
6583
0
6594
0
6590
0
5343
0
6587
0
6588
0
6638
0
6603
0
6601
0
6401
0
6647
1
ggdc-ggeh 2
6600
0
6597
1
ggdf-gfjh 2
6627
0
6628
0
6604
1
ggci-ggae 2
6563
0
6610
1
ggde-ggba 2
6608
0
6613
0
6585
0
6623
1
gffg-ggcd 2
6564
1
ggba-gfge 2
6612
1
ggfa-ggbc 2
6605
0
6617
0
6565
1
ggbg-gfgf 2
6609
1
ggfa-ggaj 2
6630
1
gffh-ggda 2
6593
0
6556
0
6672
0
6676
0
6607
0
5752
0
6553
0
6629
0
6557
0
6659
1
ggdj-ggfj 2
6657
1
ggfi-ggfh 2
6589
0
6568
0
6598
0
6639
0
6667
1
ggeb-gggh 2
6636
1
gggg-ggdg 2
6637
0
6632
1
ggfi-ggdc 2
6635
0
6640
1
gggg-ggea 2
6562
0
6582
0
6664
0
6648
1
gghe-ggei 2
6620
0
6674
0
6644
0
6602
0
6631
0
6665
0
6655
0
6666
0
6654
0
6641
0
6661
0
6658
0
6669
0
6615
0
6662
0
6652
0
6645
0
6653
0
6673
0
6668
0
6671
0
6660
0
6670
0
6625
0
6624
0
6679
0
6678
0
6675
0
6677
0
6693
1
ggja-ggjd 2
6686
0
6692
0
6680
0
6703
0
6689
0
6685
0
6683
0
6696
0
6831
1
gifa-gidb 2
6848
1
gifc-giei 2
6702
0
6691
0
6701
0
6690
0
6700
0
6697
0
6694
0
6698
0
6695
0
6681
1
ghae-ggib 2
5029
0
5872
0
6707
0
6710
0
5141
0
6705
1
ghaj-ghaf 2
6711
0
6719
1
ghbi-ghbj 2
6709
0
6723
1
ghca-ghcd 2
6718
0
6716
0
6713
1
ghcc-ghbd 2
6721
0
6722
0
6712
0
6720
0
6717
0
6715
0
6949
0
6724
0
6143
0
6732
0
6729
0
6733
0
4947
0
5361
0
6725
0
6726
0
6263
0
6737
0
6734
0
6307
0
6112
0
5782
1
gheb-fhic 2
6760
1
ghee-ghga 2
6745
1
ghfj-ghef 2
6742
1
ghfj-ghec 2
6748
1
ghfb-ghei 2
6749
0
4583
0
6746
0
6765
0
5473
1
ghfa-fehd 2
6747
0
6754
0
6752
0
6757
1
ghff-ghfh 2
5468
0
6761
0
6756
0
6753
0
6764
1
ghgd-ghge 2
6762
1
ghgb-ghgc 2
6759
1
ghgd-ghfj 2
5033
0
6758
0
6777
0
6778
0
6767
0
6772
0
6780
0
6770
0
5184
0
6774
0
6775
0
6783
1
ghhi-ghid 2
6782
0
6781
0
6769
0
6784
0
5292
0
6776
0
6779
0
6790
0
6786
0
4360
0
5305
0
6785
0
6274
0
4568
1
ghjc-efgi 2
6796
0
6795
0
6797
0
6085
0
4698
0
6793
0
4752
0
4648
0
6803
0
6814
1
gibd-gibe 2
6810
0
6818
0
6804
1
gibh-giae 2
6809
0
6801
1
gibj-giab 2
6807
0
6811
0
6812
1
gibi-gibc 2
6817
0
6808
0
6816
0
6805
0
4657
0
6813
0
6821
0
6826
0
6823
0
6824
0
5051
0
6822
1
gida-gicc 2
6829
0
6832
0
6820
0
6830
0
6841
0
6849
0
6825
0
6837
1
gidi-gidh 2
5030
0
6839
0
6847
1
gief-gieh 2
6835
0
6842
1
gieb-giec 2
6844
0
6828
0
6840
0
6838
0
6851
1
gieg-gifb 2
6833
0
6843
0
6845
0
6846
0
6687
1
gifc-ggih 2
6850
0
6860
0
6857
0
6859
0
6853
0
5393
0
6858
0
6856
0
6862
0
6863
0
6855
0
5863
0
5865
0
6166
0
6869
1
gigi-gigj 2
6884
1
giif-giie 2
6870
0
6878
1
gihd-gihi 2
6871
0
6893
1
giib-gijd 2
6867
0
6866
0
6877
0
6875
0
6873
1
gihj-gihd 2
6876
0
6105
0
6272
0
6868
1
gije-gigi 2
6882
0
6874
0
6883
1
giig-giid 2
6887
0
6880
0
6889
0
6872
0
6885
1
gijc-giif 2
6891
0
6888
0
6886
0
6892
0
6288
0
6897
0
5389
0
6898
0
4829
0
6900
0
5365
0
6329
0
5915
0
6907
0
6910
0
5976
0
6905
0
5602
0
6909
0
6906
0
6908
0
6919
0
6921
0
6915
0
6920
0
6917
0
6916
0
6914
0
5949
0
6918
0
6925
0
5940
0
5122
0
6924
0
4955
0
6324
0
6931
0
6932
0
6115
0
6964
0
6265
0
4682
0
4557
0
6935
0
6938
0
6947
0
6948
0
6942
0
6939
0
4715
0
6946
0
6945
0
6936
0
6940
0
6943
0
6944
0
6953
0
6728
0
6952
0
6950
0
6961
0
6962
1
gjfh-gjgc 2
6958
0
6969
1
gjgd-gjgj 2
6957
0
6955
0
4366
0
6956
0
6954
0
6929
0
6976
1
gjgj-gjhg 2
6970
1
gjgj-gjha 2
6965
1
gjhd-gjgf 2
6968
0
4838
0
6972
0
6967
0
6971
1
gjhd-gjhb 2
6959
0
6963
0
4402
0
6975
0
5649
1
gjhj-fgej 2
5362
0
6045
0
6984
0
5968
1
gjih-fjgi 2
4699
0
4333
0
6987
1
gjig-gjih 2
6989
0
4899
0
4934
1
habd-ejde 2
7000
0
6998
1
gjjc-gjji 2
6990
0
7008
0
6992
0
7010
0
7003
0
5134
0
6994
0
6993
0
7007
0
6997
1
haaj-gjjh 2
6999
0
7002
0
7006
0
5371
0
6995
0
7005
0
7001
0
7014
0
7009
0
7016
1
habj-habg 2
7017
0
7011
0
7018
0
7013
0
7020
0
4984
0
7019
0
7015
0
7063
0
4287
1
ecia-ecih 2
4289
1
ecib-ecij 2
7035
1
ecij-hadf 2
7023
0
4285
1
ecig-ecif 2
4282
1
ecid-ecic 2
4283
1
ecic-ecid 2
4288
1
hadh-ecii 2
4279
1
ecif-echj 2
4280
1
ecih-ecia 2
4290
0
4291
1
ecig-ecjb 2
4286
1
ecjb-ecig 2
7057
1
haej-hafh 2
4278
2
ecij-echi 2
hadf-echi 2
7045
1
hadh-haef 2
4281
1
ecij-ecib 2
7037
2
haef-hadh 2
hagf-hadh 2
4284
1
ecjb-ecie 2
7046
1
hafa-haeg 2
7048
0
7062
1
haeh-hagc 2
7025
2
hade-hacf 2
hafd-hacf 2
7034
1
hacf-hade 2
7038
1
hagj-hadi 2
7069
1
hadi-hagj 2
7053
1
hadj-hafd 2
7024
2
hade-hace 2
hagj-hace 2
7042
1
haeb-haec 2
7058
1
hahc-hafi 2
7047
1
hagc-haeh 2
7029
1
hafj-hacj 2
7049
1
hafh-haej 2
7031
1
haee-hadb 2
7059
1
hagh-hafj 2
7027
0
7060
1
hafa-haga 2
7061
1
hagg-hagb 2
7044
1
hadd-haee 2
7028
1
haej-haci 2
7033
1
haee-hadd 2
7032
0
7066
1
hagb-hagg 2
7064
1
hafc-hage 2
7067
1
hafj-hagh 2
7054
1
hafc-hafe 2
7065
0
7056
1
hahb-hafg 2
7051
1
haed-hafb 2
7055
1
hagi-haff 2
7041
1
haff-haeb 2
7070
1
hahb-haha 2
7022
1
haei-hacc 2
7050
1
haga-hafa 2
7026
1
hafi-hacg 2
7043
1
haha-haed 2
7040
0
7039
1
hafg-hadj 2
7068
1
haff-hagi 2
7052
1
hage-hafc 2
7071
1
haha-hahb 2
7072
0
7030
1
hagb-hada 2
7036
1
hagh-hadg 2
4242
1
ecfa-ecec 2
4229
1
ecgd-eccj 2
4230
1
ecci-ecda 2
4265
2
ecdh-ecgf 2
ecgh-ecgf 2
4252
1
ecdd-ecfc 2
4257
1
ecdi-ecfh 2
4226
1
ecgb-eccg 2
4246
1
ecef-eceg 2
4241
1
ecdi-eceb 2
4263
1
eccj-ecgd 2
4236
2
ecea-ecdg 2
ecgj-ecdg 2
4261
0
4223
1
ecfh-eccd 2
4247
1
ecfj-eceh 2
4268
1
ecfb-ecgi 2
4244
1
ecej-ecee 2
4222
2
ecda-eccc 2
ecgf-eccc 2
4228
1
ecee-ecci 2
4262
1
ecdc-ecgc 2
4248
2
ecff-ecei 2
ecga-ecei 2
4270
1
ecgg-echa 2
4264
1
ecej-ecge 2
4235
0
4239
1
ecfd-ecdj 2
4253
1
ecdj-ecfd 2
4254
1
ecfa-ecfe 2
4232
2
ecgc-ecdc 2
echa-ecdc 2
4269
0
4240
1
eced-ecea 2
4225
1
ecgd-eccf 2
4259
1
eceh-ecfj 2
4243
1
ecea-eced 2
4233
1
ecfc-ecdd 2
4238
1
ecfh-ecdi 2
4224
1
eceg-ecce 2
4221
0
4250
1
ecfe-ecfa 2
4237
1
ecgf-ecdh 2
4249
1
ecge-ecej 2
4258
1
ecgh-ecfi 2
4245
1
ecfi-ecef 2
4227
1
ecgi-ecch 2
4231
1
ecgc-ecdb 2
4256
1
ecgf-ecfg 2
4255
1
ecgh-ecff 2
4260
0
4234
1
ecfe-ecde 2
4267
1
ecfi-ecgh 2
4251
0
4266
0
2047
1
eche-caeh 2
2046
0
4274
0
4275
1
echh-echf 2
4273
1
echg-echd 2
4272
0
4276
0
4277
0
4271
0
629
0
665
0
706
0
920
0
975
0
1077
0
1179
0
1208
0
1320
0
1789
0
2153
0
2220
0
2315
0
2340
0
2470
0
2471
0
2472
0
2522
0
2575
0
2576
0
2577
0
2582
0
3046
0
3171
0
3192
0
3193
0
3227
0
3244
0
3412
0
3574
0
3867
0
3977
0
3979
0
3981
0
3982
0
4098
0
4149
0
4416
0
4440
0
4552
0
4603
0
4640
0
4900
0
4975
0
5204
0
5281
0
5336
0
5578
0
5594
0
5678
0
5836
0
5954
0
6022
0
6044
0
6316
0
6333
0
6438
0
6442
0
6507
0
6534
0
6543
0
6570
0
6619
0
6622
0
6663
0
6800
0