500
1
1
ejj-b 2
499
125
c-ejj 2
g-ejj 2
ba-ejj 2
be-ejj 2
bi-ejj 2
cc-ejj 2
cg-ejj 2
da-ejj 2
de-ejj 2
di-ejj 2
ec-ejj 2
eg-ejj 2
fa-ejj 2
fe-ejj 2
fi-ejj 2
gc-ejj 2
gg-ejj 2
ha-ejj 2
he-ejj 2
hi-ejj 2
ic-ejj 2
ig-ejj 2
ja-ejj 2
je-ejj 2
ji-ejj 2
bac-ejj 2
bag-ejj 2
bba-ejj 2
bbe-ejj 2
bbi-ejj 2
bcc-ejj 2
bcg-ejj 2
bda-ejj 2
bde-ejj 2
bdi-ejj 2
bec-ejj 2
beg-ejj 2
bfa-ejj 2
bfe-ejj 2
bfi-ejj 2
bgc-ejj 2
bgg-ejj 2
bha-ejj 2
bhe-ejj 2
bhi-ejj 2
bic-ejj 2
big-ejj 2
bja-ejj 2
bje-ejj 2
bji-ejj 2
cac-ejj 2
cag-ejj 2
cba-ejj 2
cbe-ejj 2
cbi-ejj 2
ccc-ejj 2
ccg-ejj 2
cda-ejj 2
cde-ejj 2
cdi-ejj 2
cec-ejj 2
ceg-ejj 2
cfa-ejj 2
cfe-ejj 2
cfi-ejj 2
cgc-ejj 2
cgg-ejj 2
cha-ejj 2
che-ejj 2
chi-ejj 2
cic-ejj 2
cig-ejj 2
cja-ejj 2
cje-ejj 2
cji-ejj 2
dac-ejj 2
dag-ejj 2
dba-ejj 2
dbe-ejj 2
dbi-ejj 2
dcc-ejj 2
dcg-ejj 2
dda-ejj 2
dde-ejj 2
ddi-ejj 2
dec-ejj 2
deg-ejj 2
dfa-ejj 2
dfe-ejj 2
dfi-ejj 2
dgc-ejj 2
dgg-ejj 2
dha-ejj 2
dhe-ejj 2
dhi-ejj 2
dic-ejj 2
dig-ejj 2
dja-ejj 2
dje-ejj 2
dji-ejj 2
eac-ejj 2
eag-ejj 2
eba-ejj 2
ebe-ejj 2
ebi-ejj 2
ecc-ejj 2
ecg-ejj 2
eda-ejj 2
ede-ejj 2
edi-ejj 2
eec-ejj 2
eeg-ejj 2
efa-ejj 2
efe-ejj 2
efi-ejj 2
egc-ejj 2
egg-ejj 2
eha-ejj 2
ehe-ejj 2
ehi-ejj 2
eic-ejj 2
eig-ejj 2
eja-ejj 2
eje-ejj 2
eji-ejj 2
2
0
3
1
ejj-d 2
4
0
5
1
ejj-f 2
6
0
7
1
ejj-h 2
8
0
9
1
ejj-j 2
10
0
11
1
ejj-bb 2
12
0
13
1
ejj-bd 2
14
0
15
1
ejj-bf 2
16
0
17
1
ejj-bh 2
18
0
19
1
ejj-bj 2
20
0
21
1
ejj-cb 2
22
0
23
1
ejj-cd 2
24
0
25
1
ejj-cf 2
26
0
27
1
ejj-ch 2
28
0
29
1
ejj-cj 2
30
0
31
1
ejj-db 2
32
0
33
1
ejj-dd 2
34
0
35
1
ejj-df 2
36
0
37
1
ejj-dh 2
38
0
39
1
ejj-dj 2
40
0
41
1
ejj-eb 2
42
0
43
1
ejj-ed 2
44
0
45
1
ejj-ef 2
46
0
47
1
ejj-eh 2
48
0
49
1
ejj-ej 2
50
0
51
1
ejj-fb 2
52
0
53
1
ejj-fd 2
54
0
55
1
ejj-ff 2
56
0
57
1
ejj-fh 2
58
0
59
1
ejj-fj 2
60
0
61
1
ejj-gb 2
62
0
63
1
ejj-gd 2
64
0
65
1
ejj-gf 2
66
0
67
1
ejj-gh 2
68
0
69
1
ejj-gj 2
70
0
71
1
ejj-hb 2
72
0
73
1
ejj-hd 2
74
0
75
1
ejj-hf 2
76
0
77
1
ejj-hh 2
78
0
79
1
ejj-hj 2
80
0
81
1
ejj-ib 2
82
0
83
1
ejj-id 2
84
0
85
1
ejj-if 2
86
0
87
1
ejj-ih 2
88
0
89
1
ejj-ij 2
90
0
91
1
ejj-jb 2
92
0
93
1
ejj-jd 2
94
0
95
1
ejj-jf 2
96
0
97
1
ejj-jh 2
98
0
99
1
ejj-jj 2
100
0
101
1
ejj-bab 2
102
0
103
1
ejj-bad 2
104
0
105
1
ejj-baf 2
106
0
107
1
ejj-bah 2
108
0
109
1
ejj-baj 2
110
0
111
1
ejj-bbb 2
112
0
113
1
ejj-bbd 2
114
0
115
1
ejj-bbf 2
116
0
117
1
ejj-bbh 2
118
0
119
1
ejj-bbj 2
120
0
121
1
ejj-bcb 2
122
0
123
1
ejj-bcd 2
124
0
125
1
ejj-bcf 2
126
0
127
1
ejj-bch 2
128
0
129
1
ejj-bcj 2
130
0
131
1
ejj-bdb 2
132
0
133
1
ejj-bdd 2
134
0
135
1
ejj-bdf 2
136
0
137
1
ejj-bdh 2
138
0
139
1
ejj-bdj 2
140
0
141
1
ejj-beb 2
142
0
143
1
ejj-bed 2
144
0
145
1
ejj-bef 2
146
0
147
1
ejj-beh 2
148
0
149
1
ejj-bej 2
150
0
151
1
ejj-bfb 2
152
0
153
1
ejj-bfd 2
154
0
155
1
ejj-bff 2
156
0
157
1
ejj-bfh 2
158
0
159
1
ejj-bfj 2
160
0
161
1
ejj-bgb 2
162
0
163
1
ejj-bgd 2
164
0
165
1
ejj-bgf 2
166
0
167
1
ejj-bgh 2
168
0
169
1
ejj-bgj 2
170
0
171
1
ejj-bhb 2
172
0
173
1
ejj-bhd 2
174
0
175
1
ejj-bhf 2
176
0
177
1
ejj-bhh 2
178
0
179
1
ejj-bhj 2
180
0
181
1
ejj-bib 2
182
0
183
1
ejj-bid 2
184
0
185
1
ejj-bif 2
186
0
187
1
ejj-bih 2
188
0
189
1
ejj-bij 2
190
0
191
1
ejj-bjb 2
192
0
193
1
ejj-bjd 2
194
0
195
1
ejj-bjf 2
196
0
197
1
ejj-bjh 2
198
0
199
1
ejj-bjj 2
200
0
201
1
ejj-cab 2
202
0
203
1
ejj-cad 2
204
0
205
1
ejj-caf 2
206
0
207
1
ejj-cah 2
208
0
209
1
ejj-caj 2
210
0
211
1
ejj-cbb 2
212
0
213
1
ejj-cbd 2
214
0
215
1
ejj-cbf 2
216
0
217
1
ejj-cbh 2
218
0
219
1
ejj-cbj 2
220
0
221
1
ejj-ccb 2
222
0
223
1
ejj-ccd 2
224
0
225
1
ejj-ccf 2
226
0
227
1
ejj-cch 2
228
0
229
1
ejj-ccj 2
230
0
231
1
ejj-cdb 2
232
0
233
1
ejj-cdd 2
234
0
235
1
ejj-cdf 2
236
0
237
1
ejj-cdh 2
238
0
239
1
ejj-cdj 2
240
0
241
1
ejj-ceb 2
242
0
243
1
ejj-ced 2
244
0
245
1
ejj-cef 2
246
0
247
1
ejj-ceh 2
248
0
249
1
ejj-cej 2
250
0
251
1
ejj-cfb 2
252
0
253
1
ejj-cfd 2
254
0
255
1
ejj-cff 2
256
0
257
1
ejj-cfh 2
258
0
259
1
ejj-cfj 2
260
0
261
1
ejj-cgb 2
262
0
263
1
ejj-cgd 2
264
0
265
1
ejj-cgf 2
266
0
267
1
ejj-cgh 2
268
0
269
1
ejj-cgj 2
270
0
271
1
ejj-chb 2
272
0
273
1
ejj-chd 2
274
0
275
1
ejj-chf 2
276
0
277
1
ejj-chh 2
278
0
279
1
ejj-chj 2
280
0
281
1
ejj-cib 2
282
0
283
1
ejj-cid 2
284
0
285
1
ejj-cif 2
286
0
287
1
ejj-cih 2
288
0
289
1
ejj-cij 2
290
0
291
1
ejj-cjb 2
292
0
293
1
ejj-cjd 2
294
0
295
1
ejj-cjf 2
296
0
297
1
ejj-cjh 2
298
0
299
1
ejj-cjj 2
300
0
301
1
ejj-dab 2
302
0
303
1
ejj-dad 2
304
0
305
1
ejj-daf 2
306
0
307
1
ejj-dah 2
308
0
309
1
ejj-daj 2
310
0
311
1
ejj-dbb 2
312
0
313
1
ejj-dbd 2
314
0
315
1
ejj-dbf 2
316
0
317
1
ejj-dbh 2
318
0
319
1
ejj-dbj 2
320
0
321
1
ejj-dcb 2
322
0
323
1
ejj-dcd 2
324
0
325
1
ejj-dcf 2
326
0
327
1
ejj-dch 2
328
0
329
1
ejj-dcj 2
330
0
331
1
ejj-ddb 2
332
0
333
1
ejj-ddd 2
334
0
335
1
ejj-ddf 2
336
0
337
1
ejj-ddh 2
338
0
339
1
ejj-ddj 2
340
0
341
1
ejj-deb 2
342
0
343
1
ejj-ded 2
344
0
345
1
ejj-def 2
346
0
347
1
ejj-deh 2
348
0
349
1
ejj-dej 2
350
0
351
1
ejj-dfb 2
352
0
353
1
ejj-dfd 2
354
0
355
1
ejj-dff 2
356
0
357
1
ejj-dfh 2
358
0
359
1
ejj-dfj 2
360
0
361
1
ejj-dgb 2
362
0
363
1
ejj-dgd 2
364
0
365
1
ejj-dgf 2
366
0
367
1
ejj-dgh 2
368
0
369
1
ejj-dgj 2
370
0
371
1
ejj-dhb 2
372
0
373
1
ejj-dhd 2
374
0
375
1
ejj-dhf 2
376
0
377
1
ejj-dhh 2
378
0
379
1
ejj-dhj 2
380
0
381
1
ejj-dib 2
382
0
383
1
ejj-did 2
384
0
385
1
ejj-dif 2
386
0
387
1
ejj-dih 2
388
0
389
1
ejj-dij 2
390
0
391
1
ejj-djb 2
392
0
393
1
ejj-djd 2
394
0
395
1
ejj-djf 2
396
0
397
1
ejj-djh 2
398
0
399
1
ejj-djj 2
400
0
401
1
ejj-eab 2
402
0
403
1
ejj-ead 2
404
0
405
1
ejj-eaf 2
406
0
407
1
ejj-eah 2
408
0
409
1
ejj-eaj 2
410
0
411
1
ejj-ebb 2
412
0
413
1
ejj-ebd 2
414
0
415
1
ejj-ebf 2
416
0
417
1
ejj-ebh 2
418
0
419
1
ejj-ebj 2
420
0
421
1
ejj-ecb 2
422
0
423
1
ejj-ecd 2
424
0
425
1
ejj-ecf 2
426
0
427
1
ejj-ech 2
428
0
429
1
ejj-ecj 2
430
0
431
1
ejj-edb 2
432
0
433
1
ejj-edd 2
434
0
435
1
ejj-edf 2
436
0
437
1
ejj-edh 2
438
0
439
1
ejj-edj 2
440
0
441
1
ejj-eeb 2
442
0
443
1
ejj-eed 2
444
0
445
1
ejj-eef 2
446
0
447
1
ejj-eeh 2
448
0
449
1
ejj-eej 2
450
0
451
1
ejj-efb 2
452
0
453
1
ejj-efd 2
454
0
455
1
ejj-eff 2
456
0
457
1
ejj-efh 2
458
0
459
1
ejj-efj 2
460
0
461
1
ejj-egb 2
462
0
463
1
ejj-egd 2
464
0
465
1
ejj-egf 2
466
0
467
1
ejj-egh 2
468
0
469
1
ejj-egj 2
470
0
471
1
ejj-ehb 2
472
0
473
1
ejj-ehd 2
474
0
475
1
ejj-ehf 2
476
0
477
1
ejj-ehh 2
478
0
479
1
ejj-ehj 2
480
0
481
1
ejj-eib 2
482
0
483
1
ejj-eid 2
484
0
485
1
ejj-eif 2
486
0
487
1
ejj-eih 2
488
0
489
1
ejj-eij 2
490
0
491
1
ejj-ejb 2
492
0
493
1
ejj-ejd 2
494
0
495
1
ejj-ejf 2
496
0
497
1
ejj-ejh 2
498
0
0
0