1662
1
15
d-b 2
e-b 2
ba-b 2
bh-b 2
dd-b 2
bi-b 2
baa-b 2
bfh-b 2
ec-b 2
cjj-b 2
dab-b 2
fa-b 2
fdj-b 2
ibb-b 2
icj-b 2
2
14
e-c 2
a-c 2
bg-c 2
cc-c 2
fb-c 2
di-c 2
gf-c 2
hh-c 2
bic-c 2
ceb-c 2
bhc-c 2
fhf-c 2
hdb-c 2
fcd-c 2
0
14
f-a 2
g-a 2
b-a 2
bd-a 2
bh-a 2
eb-a 2
cd-a 2
hg-a 2
fa-a 2
bhi-a 2
cg-a 2
bde-a 2
die-a 2
bed-a 2
3
14
e-d 2
g-d 2
bf-d 2
ca-d 2
cd-d 2
df-d 2
fe-d 2
bjg-d 2
cbd-d 2
caj-d 2
eai-d 2
fbd-d 2
hcj-d 2
bcb-d 2
4
12
b-e 2
h-e 2
i-e 2
bf-e 2
ca-e 2
bb-e 2
bch-e 2
bhh-e 2
ei-e 2
gej-e 2
cba-e 2
hic-e 2
5
15
e-f 2
i-f 2
bc-f 2
bd-f 2
ca-f 2
cf-f 2
cg-f 2
bea-f 2
fd-f 2
ig-f 2
cgd-f 2
ch-f 2
ie-f 2
jbb-f 2
bdjf-f 2
6
13
i-g 2
bc-g 2
bd-g 2
dj-g 2
hi-g 2
bfg-g 2
baj-g 2
bde-g 2
bfi-g 2
cfb-g 2
iee-g 2
gic-g 2
bedj-g 2
7
8
d-h 2
f-h 2
di-h 2
fb-h 2
je-h 2
eg-h 2
faf-h 2
bfa-h 2
8
12
bh-i 2
b-i 2
ei-i 2
db-i 2
ba-i 2
da-i 2
gb-i 2
ec-i 2
egj-i 2
geg-i 2
dde-i 2
bahi-i 2
9
12
f-j 2
g-j 2
c-j 2
ee-j 2
ga-j 2
ce-j 2
bij-j 2
bdc-j 2
cda-j 2
cbd-j 2
cjg-j 2
ifj-j 2
10
11
f-ba 2
h-ba 2
ea-ba 2
hj-ba 2
di-ba 2
fb-ba 2
cb-ba 2
ceg-ba 2
ceb-ba 2
bjj-ba 2
eic-ba 2
11
12
be-bb 2
bg-bb 2
cf-bb 2
fa-bb 2
bae-bb 2
gc-bb 2
ced-bb 2
bcb-bb 2
bee-bb 2
je-bb 2
cd-bb 2
bcef-bb 2
12
12
bd-bc 2
bf-bc 2
c-bc 2
ba-bc 2
fd-bc 2
fe-bc 2
bbf-bc 2
bfh-bc 2
ccj-bc 2
chb-bc 2
baid-bc 2
daa-bc 2
13
12
e-bd 2
ba-bd 2
cb-bd 2
da-bd 2
ce-bd 2
eg-bd 2
baa-bd 2
cch-bd 2
cjb-bd 2
bei-bd 2
ghc-bd 2
icf-bd 2
14
17
bg-be 2
d-be 2
ca-be 2
de-be 2
ej-be 2
hh-be 2
ff-be 2
bah-be 2
cj-be 2
cfh-be 2
ci-be 2
bgj-be 2
dea-be 2
cjg-be 2
chc-be 2
bbbj-be 2
dha-be 2
15
10
b-bf 2
h-bf 2
bd-bf 2
bg-bf 2
bee-bf 2
ebi-bf 2
bhg-bf 2
iif-bf 2
bbjg-bf 2
gig-bf 2
16
15
d-bg 2
bc-bg 2
h-bg 2
f-bg 2
jf-bg 2
cfd-bg 2
cdf-bg 2
ehf-bg 2
fdi-bg 2
gbc-bg 2
gdj-bg 2
fib-bg 2
ieg-bg 2
bdii-bg 2
baae-bg 2
17
15
j-bh 2
h-bh 2
ec-bh 2
b-bh 2
bj-bh 2
bc-bh 2
ci-bh 2
hg-bh 2
bee-bh 2
gi-bh 2
dhi-bh 2
bff-bh 2
jji-bh 2
ihi-bh 2
bgeh-bh 2
18
12
e-bi 2
cb-bi 2
h-bi 2
ci-bi 2
fd-bi 2
he-bi 2
bj-bi 2
bfe-bi 2
bec-bi 2
jj-bi 2
feh-bi 2
fic-bi 2
19
12
h-bj 2
bb-bj 2
cc-bj 2
gb-bj 2
ff-bj 2
db-bj 2
bgg-bj 2
cfc-bj 2
cbi-bj 2
cja-bj 2
hcj-bj 2
dcc-bj 2
20
7
cb-ca 2
cc-ca 2
di-ca 2
j-ca 2
bai-ca 2
dfg-ca 2
ggf-ca 2
21
13
cc-cb 2
ci-cb 2
d-cb 2
fd-cb 2
bi-cb 2
fg-cb 2
ih-cb 2
bge-cb 2
eb-cb 2
ej-cb 2
did-cb 2
hch-cb 2
cia-cb 2
22
11
f-cc 2
bb-cc 2
df-cc 2
ef-cc 2
a-cc 2
bbf-cc 2
id-cc 2
ff-cc 2
bid-cc 2
ccf-cc 2
dgg-cc 2
23
9
cb-cd 2
ch-cd 2
bfc-cd 2
fi-cd 2
bie-cd 2
dcj-cd 2
fae-cd 2
gfa-cd 2
bcaj-cd 2
24
9
be-ce 2
gb-ce 2
b-ce 2
df-ce 2
i-ce 2
bhi-ce 2
dbj-ce 2
fbi-ce 2
jgf-ce 2
25
13
bc-cf 2
ba-cf 2
cc-cf 2
fj-cf 2
ha-cf 2
hi-cf 2
gg-cf 2
jb-cf 2
fh-cf 2
ie-cf 2
bcc-cf 2
jch-cf 2
bbci-cf 2
26
9
ca-cg 2
dj-cg 2
eh-cg 2
ei-cg 2
bfb-cg 2
cjd-cg 2
deb-cg 2
baf-cg 2
hhc-cg 2
27
9
bb-ch 2
ga-ch 2
b-ch 2
gj-ch 2
bjd-ch 2
dji-ch 2
ddb-ch 2
df-ch 2
bbdc-ch 2
28
11
be-ci 2
cg-ci 2
fa-ci 2
bh-ci 2
eb-ci 2
bc-ci 2
ddh-ci 2
ejg-ci 2
gbg-ci 2
bfff-ci 2
hfh-ci 2
29
11
b-cj 2
ci-cj 2
fi-cj 2
jd-cj 2
h-cj 2
bbd-cj 2
cae-cj 2
bbj-cj 2
cfh-cj 2
ggb-cj 2
fbi-cj 2
30
9
cg-da 2
he-da 2
hf-da 2
bdd-da 2
cdc-da 2
ccc-da 2
bdf-da 2
fai-da 2
beib-da 2
31
9
cd-db 2
ij-db 2
gj-db 2
bgj-db 2
bgg-db 2
cfj-db 2
ddi-db 2
cja-db 2
bbde-db 2
32
10
di-dc 2
hh-dc 2
je-dc 2
big-dc 2
bef-dc 2
ecg-dc 2
iag-dc 2
fjb-dc 2
ifh-dc 2
bbgj-dc 2
33
7
cj-dd 2
bc-dd 2
a-dd 2
bgc-dd 2
ji-dd 2
efc-dd 2
dha-dd 2
34
7
di-de 2
cc-de 2
bbd-de 2
cf-de 2
cg-de 2
gig-de 2
ghj-de 2
35
8
cb-df 2
bd-df 2
ci-df 2
cjb-df 2
eaf-df 2
iei-df 2
ebe-df 2
bgca-df 2
36
12
ca-dg 2
di-dg 2
ef-dg 2
ff-dg 2
cbf-dg 2
bed-dg 2
hh-dg 2
ffb-dg 2
ce-dg 2
bcii-dg 2
bcag-dg 2
bgfe-dg 2
37
10
j-dh 2
ca-dh 2
db-dh 2
bf-dh 2
bg-dh 2
deh-dh 2
hh-dh 2
fa-dh 2
gcd-dh 2
bagf-dh 2
38
13
dc-di 2
ff-di 2
ba-di 2
ce-di 2
fc-di 2
bdj-di 2
bgf-di 2
fe-di 2
cbj-di 2
hh-di 2
bfi-di 2
bjd-di 2
haf-di 2
39
10
be-dj 2
gc-dj 2
gd-dj 2
fh-dj 2
cdf-dj 2
cbh-dj 2
ef-dj 2
fj-dj 2
hhb-dj 2
gdb-dj 2
40
11
d-ea 2
ed-ea 2
be-ea 2
hb-ea 2
eb-ea 2
bec-ea 2
dbb-ea 2
bbf-ea 2
jjh-ea 2
bcdh-ea 2
fda-ea 2
41
11
ei-eb 2
hc-eb 2
ch-eb 2
ia-eb 2
ga-eb 2
cbi-eb 2
cda-eb 2
cgi-eb 2
cji-eb 2
hac-eb 2
cdi-eb 2
42
5
fi-ec 2
fc-ec 2
fj-ec 2
ege-ec 2
ci-ec 2
43
8
dg-ed 2
he-ed 2
bfe-ed 2
bff-ed 2
bcc-ed 2
ech-ed 2
jgf-ed 2
bfdc-ed 2
44
12
bb-ee 2
f-ee 2
g-ee 2
dj-ee 2
db-ee 2
bee-ee 2
che-ee 2
bbg-ee 2
bbe-ee 2
ejg-ee 2
bacc-ee 2
gj-ee 2
45
9
gg-ef 2
bca-ef 2
bec-ef 2
h-ef 2
bgb-ef 2
bif-ef 2
egh-ef 2
cih-ef 2
beeh-ef 2
46
8
ej-eg 2
fa-eg 2
bdj-eg 2
jd-eg 2
cci-eg 2
cha-eg 2
fdi-eg 2
ffd-eg 2
47
12
bc-eh 2
fe-eh 2
cg-eh 2
jg-eh 2
fg-eh 2
cda-eh 2
cgc-eh 2
ebg-eh 2
fdd-eh 2
fdi-eh 2
bbfg-eh 2
bcba-eh 2
48
9
bb-ei 2
cg-ei 2
be-ei 2
bdg-ei 2
cbh-ei 2
bhj-ei 2
bba-ei 2
dff-ei 2
jfj-ei 2
49
14
db-ej 2
de-ej 2
da-ej 2
ig-ej 2
gg-ej 2
baf-ej 2
cai-ej 2
bdc-ej 2
ceb-ej 2
di-ej 2
eic-ej 2
ecc-ej 2
gce-ej 2
jdh-ej 2
50
8
de-fa 2
gh-fa 2
ji-fa 2
jf-fa 2
bih-fa 2
cfg-fa 2
cic-fa 2
dhe-fa 2
51
6
he-fb 2
bj-fb 2
g-fb 2
bdc-fb 2
dfa-fb 2
bcch-fb 2
52
7
jf-fc 2
f-fc 2
bcj-fc 2
dch-fc 2
eab-fc 2
ccb-fc 2
bfch-fc 2
53
8
fg-fd 2
je-fd 2
baf-fd 2
eg-fd 2
daf-fd 2
deb-fd 2
bia-fd 2
dhe-fd 2
54
9
ee-fe 2
ic-fe 2
ig-fe 2
bjg-fe 2
bhh-fe 2
cag-fe 2
dei-fe 2
f-fe 2
dbh-fe 2
55
8
ba-ff 2
ig-ff 2
ic-ff 2
cb-ff 2
dch-ff 2
fci-ff 2
bed-ff 2
bdcg-ff 2
56
10
ch-fg 2
gc-fg 2
ja-fg 2
bga-fg 2
bjf-fg 2
cdj-fg 2
cgi-fg 2
eaa-fg 2
iej-fg 2
baac-fg 2
57
5
cg-fh 2
if-fh 2
ccb-fh 2
fc-fh 2
jjd-fh 2
58
10
gd-fi 2
bj-fi 2
ij-fi 2
fg-fi 2
ca-fi 2
bid-fi 2
dbc-fi 2
ejb-fi 2
bcba-fi 2
bfdg-fi 2
59
9
ff-fj 2
he-fj 2
bea-fj 2
cfj-fj 2
dbg-fj 2
ddg-fj 2
had-fj 2
ifd-fj 2
bcha-fj 2
60
5
gf-ga 2
if-ga 2
gb-ga 2
dac-ga 2
bi-ga 2
61
11
db-gb 2
be-gb 2
cb-gb 2
bcj-gb 2
bj-gb 2
bee-gb 2
bic-gb 2
g-gb 2
cij-gb 2
jag-gb 2
bbjc-gb 2
62
7
ge-gc 2
ga-gc 2
bga-gc 2
bbg-gc 2
ie-gc 2
bfb-gc 2
bdfa-gc 2
63
8
hc-gd 2
c-gd 2
cee-gd 2
cfj-gd 2
dai-gd 2
fij-gd 2
je-gd 2
gfb-gd 2
64
11
bf-ge 2
ii-ge 2
bbe-ge 2
eh-ge 2
ia-ge 2
beb-ge 2
beg-ge 2
cjj-ge 2
eih-ge 2
ghc-ge 2
cca-ge 2
65
9
ej-gf 2
fb-gf 2
db-gf 2
ea-gf 2
ch-gf 2
dha-gf 2
dfg-gf 2
cgh-gf 2
fic-gf 2
66
10
dj-gg 2
bci-gg 2
jc-gg 2
ceg-gg 2
dfe-gg 2
hfa-gg 2
jdj-gg 2
ihi-gg 2
beif-gg 2
bfjf-gg 2
67
10
ee-gh 2
hi-gh 2
bh-gh 2
bbf-gh 2
cgh-gh 2
ed-gh 2
fie-gh 2
jci-gh 2
bdcb-gh 2
d-gh 2
68
10
ij-gi 2
ib-gi 2
bbh-gi 2
cfg-gi 2
dii-gi 2
fad-gi 2
fjh-gi 2
dda-gi 2
fgd-gi 2
bcff-gi 2
69
7
ch-gj 2
jg-gj 2
gc-gj 2
hh-gj 2
eea-gj 2
edh-gj 2
bhb-gj 2
70
8
fi-ha 2
bda-ha 2
g-ha 2
big-ha 2
bhh-ha 2
db-ha 2
j-ha 2
ff-ha 2
71
8
ia-hb 2
bef-hb 2
bha-hb 2
jh-hb 2
fc-hb 2
cha-hb 2
cb-hb 2
efh-hb 2
72
8
fd-hc 2
ed-hc 2
cdb-hc 2
cea-hc 2
j-hc 2
cif-hc 2
hai-hc 2
dbf-hc 2
73
4
hb-hd 2
dc-hd 2
ced-hd 2
iib-hd 2
74
8
da-he 2
bbh-he 2
bib-he 2
ie-he 2
dfi-he 2
gij-he 2
bcjc-he 2
hc-he 2
75
8
eh-hf 2
bdc-hf 2
bjh-hf 2
beh-hf 2
ddf-hf 2
dde-hf 2
dgg-hf 2
hbb-hf 2
76
8
bbe-hg 2
cfa-hg 2
bce-hg 2
dbi-hg 2
dfb-hg 2
gf-hg 2
bja-hg 2
befc-hg 2
77
8
bd-hh 2
bae-hh 2
bfa-hh 2
jf-hh 2
chc-hh 2
bjb-hh 2
jae-hh 2
beic-hh 2
78
8
bbf-hi 2
bff-hi 2
bac-hi 2
bjh-hi 2
bca-hi 2
bcg-hi 2
ihf-hi 2
iba-hi 2
79
7
e-hj 2
di-hj 2
a-hj 2
gi-hj 2
cja-hj 2
dde-hj 2
jfc-hj 2
80
11
di-ia 2
ca-ia 2
jf-ia 2
baj-ia 2
id-ia 2
dec-ia 2
ccc-ia 2
fhd-ia 2
gdh-ia 2
bdjd-ia 2
bfeh-ia 2
81
8
jh-ib 2
ih-ib 2
beb-ib 2
dhb-ib 2
fj-ib 2
gia-ib 2
dea-ib 2
dad-ib 2
82
10
c-ic 2
bgg-ic 2
cab-ic 2
bje-ic 2
bfi-ic 2
ebi-ic 2
if-ic 2
ba-ic 2
ghf-ic 2
bgd-ic 2
83
2
bf-id 2
gbg-id 2
84
10
jg-ie 2
c-ie 2
ia-ie 2
bah-ie 2
bf-ie 2
bjd-ie 2
dej-ie 2
gda-ie 2
haj-ie 2
eeh-ie 2
85
9
gg-if 2
beh-if 2
caj-if 2
cjd-if 2
bbh-if 2
bfh-if 2
fec-if 2
bafj-if 2
bfce-if 2
86
12
ca-ig 2
bfb-ig 2
bda-ig 2
h-ig 2
cbh-ig 2
cda-ig 2
bic-ig 2
eja-ig 2
gcj-ig 2
cjj-ig 2
fde-ig 2
baif-ig 2
87
7
bba-ih 2
bhh-ih 2
db-ih 2
cgh-ih 2
chh-ih 2
fgf-ih 2
egb-ih 2
88
7
bde-ii 2
daj-ii 2
ed-ii 2
chf-ii 2
cbe-ii 2
bacd-ii 2
bacj-ii 2
89
9
cj-ij 2
bed-ij 2
bhj-ij 2
bgg-ij 2
cdb-ij 2
dac-ij 2
fe-ij 2
dei-ij 2
ife-ij 2
90
8
bad-ja 2
jh-ja 2
dg-ja 2
dd-ja 2
ej-ja 2
fef-ja 2
hdb-ja 2
fcg-ja 2
91
8
ja-jb 2
ej-jb 2
ca-jb 2
bad-jb 2
bah-jb 2
ehi-jb 2
ihc-jb 2
hfd-jb 2
92
11
bbd-jc 2
ji-jc 2
hj-jc 2
ddj-jc 2
dhd-jc 2
faj-jc 2
dha-jc 2
bij-jc 2
fbd-jc 2
fci-jc 2
babi-jc 2
93
9
df-jd 2
hh-jd 2
dd-jd 2
hd-jd 2
be-jd 2
cbi-jd 2
cae-jd 2
chf-jd 2
fhj-jd 2
94
10
jh-je 2
ce-je 2
fe-je 2
cbd-je 2
edg-je 2
bbi-je 2
heh-je 2
fcf-je 2
bfc-je 2
bfgb-je 2
95
8
fa-jf 2
bdf-jf 2
fe-jf 2
dfc-jf 2
dfe-jf 2
hha-jf 2
djf-jf 2
gbd-jf 2
96
7
id-jg 2
ec-jg 2
bah-jg 2
eh-jg 2
bgf-jg 2
beb-jg 2
egi-jg 2
97
5
ei-jh 2
eh-jh 2
ebc-jh 2
bcbf-jh 2
hib-jh 2
98
9
gi-ji 2
ic-ji 2
bbj-ji 2
chi-ji 2
dh-ji 2
fdh-ji 2
ifa-ji 2
idd-ji 2
bdjh-ji 2
99
6
ed-jj 2
hh-jj 2
cac-jj 2
dej-jj 2
egi-jj 2
fgf-jj 2
100
8
ig-baa 2
ci-baa 2
hd-baa 2
dba-baa 2
bfg-baa 2
bjb-baa 2
fhg-baa 2
dig-baa 2
101
5
cbe-bab 2
jb-bab 2
fab-bab 2
bce-bab 2
eic-bab 2
102
6
bai-bac 2
ga-bac 2
hj-bac 2
dce-bac 2
edc-bac 2
gja-bac 2
103
6
d-bad 2
fi-bad 2
jb-bad 2
bf-bad 2
cae-bad 2
ecc-bad 2
104
4
dj-bae 2
gab-bae 2
bbhj-bae 2
dgj-bae 2
105
6
bcd-baf 2
bie-baf 2
bhh-baf 2
bcb-baf 2
daj-baf 2
bdbh-baf 2
106
12
bbj-bag 2
bch-bag 2
bcg-bag 2
bjb-bag 2
cc-bag 2
cgf-bag 2
cdi-bag 2
bga-bag 2
ede-bag 2
bbb-bag 2
baab-bag 2
bfce-bag 2
107
9
ed-bah 2
bdj-bah 2
cjh-bah 2
bag-bah 2
dfe-bah 2
deg-bah 2
ddf-bah 2
hbf-bah 2
ifd-bah 2
108
4
bdd-bai 2
eh-bai 2
bfa-bai 2
bda-bai 2
109
8
db-baj 2
jc-baj 2
bda-baj 2
bff-baj 2
ddb-baj 2
chf-baj 2
cfh-baj 2
bffb-baj 2
110
7
hi-bba 2
eb-bba 2
f-bba 2
je-bba 2
dba-bba 2
dic-bba 2
gdc-bba 2
111
11
hi-bbb 2
hc-bbb 2
bbh-bbb 2
ec-bbb 2
bcf-bbb 2
cbi-bbb 2
dae-bbb 2
dcb-bbb 2
edb-bbb 2
fdh-bbb 2
bdih-bbb 2
112
10
ea-bbc 2
bii-bbc 2
bcb-bbc 2
dbb-bbc 2
ccb-bbc 2
bag-bbc 2
jaf-bbc 2
gbg-bbc 2
chf-bbc 2
hjg-bbc 2
113
7
bbi-bbd 2
jg-bbd 2
bab-bbd 2
chg-bbd 2
beh-bbd 2
cgb-bbd 2
gca-bbd 2
114
5
hf-bbe 2
cie-bbe 2
cbj-bbe 2
dgd-bbe 2
ehd-bbe 2
115
8
jb-bbf 2
fj-bbf 2
bej-bbf 2
dfc-bbf 2
efj-bbf 2
dch-bbf 2
bhh-bbf 2
bage-bbf 2
116
10
bdf-bbg 2
ce-bbg 2
cea-bbg 2
dab-bbg 2
ccg-bbg 2
fbi-bbg 2
cbd-bbg 2
bbbj-bbg 2
eba-bbg 2
iff-bbg 2
117
6
ei-bbh 2
bfb-bbh 2
ch-bbh 2
ehi-bbh 2
gca-bbh 2
e-bbh 2
118
10
bba-bbi 2
bjb-bbi 2
cea-bbi 2
cbg-bbi 2
dga-bbi 2
jg-bbi 2
dff-bbi 2
cbb-bbi 2
bech-bbi 2
bfbh-bbi 2
119
8
bgb-bbj 2
cgj-bbj 2
cfi-bbj 2
bbf-bbj 2
ci-bbj 2
gjh-bbj 2
baja-bbj 2
fag-bbj 2
120
8
bbe-bca 2
cc-bca 2
ei-bca 2
bg-bca 2
ib-bca 2
cff-bca 2
fbc-bca 2
cji-bca 2
121
9
bi-bcb 2
hd-bcb 2
dd-bcb 2
bdb-bcb 2
ee-bcb 2
bfa-bcb 2
gge-bcb 2
fba-bcb 2
bbgc-bcb 2
122
6
ce-bcc 2
jg-bcc 2
cai-bcc 2
gfi-bcc 2
hig-bcc 2
bbab-bcc 2
123
5
ed-bcd 2
gc-bcd 2
ddj-bcd 2
eed-bcd 2
iie-bcd 2
124
6
bb-bce 2
ib-bce 2
ig-bce 2
fih-bce 2
edi-bce 2
bagd-bce 2
125
4
bgj-bcf 2
deg-bcf 2
eij-bcf 2
ddj-bcf 2
126
10
fb-bcg 2
gd-bcg 2
di-bcg 2
cdd-bcg 2
bad-bcg 2
dbg-bcg 2
bhj-bcg 2
g-bcg 2
gc-bcg 2
dgg-bcg 2
127
6
f-bch 2
b-bch 2
egb-bch 2
efa-bch 2
fig-bch 2
bgbf-bch 2
128
7
fi-bci 2
fc-bci 2
bbe-bci 2
fbb-bci 2
bagb-bci 2
bcbc-bci 2
bfai-bci 2
129
4
bah-bcj 2
cij-bcj 2
eac-bcj 2
cjg-bcj 2
130
8
de-bda 2
bgj-bda 2
cah-bda 2
cif-bda 2
eih-bda 2
ccc-bda 2
eh-bda 2
dfj-bda 2
131
9
bd-bdb 2
ha-bdb 2
bfc-bdb 2
cab-bdb 2
djh-bdb 2
cda-bdb 2
fcg-bdb 2
jbg-bdb 2
efd-bdb 2
132
8
jb-bdc 2
bcf-bdc 2
bid-bdc 2
ehg-bdc 2
bbfe-bdc 2
bbah-bdc 2
jbg-bdc 2
bfea-bdc 2
133
7
bci-bdd 2
ih-bdd 2
gb-bdd 2
eg-bdd 2
chi-bdd 2
bcgc-bdd 2
bece-bdd 2
134
9
bdh-bde 2
jg-bde 2
cbj-bde 2
dfb-bde 2
a-bde 2
fjf-bde 2
iah-bde 2
dhi-bde 2
beec-bde 2
135
6
ei-bdf 2
bff-bdf 2
bhe-bdf 2
daf-bdf 2
gbf-bdf 2
hcg-bdf 2
136
8
hd-bdg 2
bcc-bdg 2
bgf-bdg 2
ch-bdg 2
bii-bdg 2
dde-bdg 2
bahh-bdg 2
cha-bdg 2
137
7
be-bdh 2
ha-bdh 2
chd-bdh 2
hc-bdh 2
edg-bdh 2
feh-bdh 2
jjg-bdh 2
138
6
bjc-bdi 2
eeg-bdi 2
eig-bdi 2
ich-bdi 2
iic-bdi 2
bffi-bdi 2
139
8
gb-bdj 2
ia-bdj 2
dgd-bdj 2
efg-bdj 2
bci-bdj 2
igb-bdj 2
bbbh-bdj 2
geh-bdj 2
140
8
cai-bea 2
beg-bea 2
dgb-bea 2
cdh-bea 2
cea-bea 2
fif-bea 2
ggg-bea 2
gcc-bea 2
141
5
ccg-beb 2
cge-beb 2
fe-beb 2
edh-beb 2
djg-beb 2
142
7
fe-bec 2
cbc-bec 2
eei-bec 2
ii-bec 2
fje-bec 2
jeh-bec 2
hff-bec 2
143
7
de-bed 2
bhc-bed 2
ea-bed 2
beb-bed 2
eca-bed 2
ica-bed 2
cd-bed 2
144
11
bbe-bee 2
ci-bee 2
fa-bee 2
bj-bee 2
cfb-bee 2
cef-bee 2
gjd-bee 2
cgi-bee 2
faa-bee 2
bbdj-bee 2
djd-bee 2
145
7
hg-bef 2
bab-bef 2
ih-bef 2
bjd-bef 2
f-bef 2
cbj-bef 2
jei-bef 2
146
5
bja-beg 2
dh-beg 2
ehf-beg 2
ea-beg 2
fei-beg 2
147
6
gg-beh 2
bab-beh 2
cia-beh 2
ccg-beh 2
ieh-beh 2
gdd-beh 2
148
8
bjj-bei 2
ie-bei 2
bbe-bei 2
ebd-bei 2
ed-bei 2
jbi-bei 2
dbd-bei 2
becg-bei 2
149
6
caf-bej 2
a-bej 2
cdi-bej 2
fcj-bej 2
faj-bej 2
bec-bej 2
150
4
hd-bfa 2
ddd-bfa 2
egg-bfa 2
ifi-bfa 2
151
6
fb-bfb 2
chg-bfb 2
bii-bfb 2
cbf-bfb 2
cbe-bfb 2
bdji-bfb 2
152
7
dhb-bfc 2
dee-bfc 2
hh-bfc 2
cei-bfc 2
fda-bfc 2
gbi-bfc 2
dcb-bfc 2
153
5
gj-bfd 2
bah-bfd 2
cie-bfd 2
haa-bfd 2
jgi-bfd 2
154
6
bca-bfe 2
cgh-bfe 2
hff-bfe 2
bff-bfe 2
fih-bfe 2
gbc-bfe 2
155
5
bbc-bff 2
cdb-bff 2
dec-bff 2
cej-bff 2
eec-bff 2
156
6
hj-bfg 2
fh-bfg 2
bcj-bfg 2
bf-bfg 2
efi-bfg 2
bgac-bfg 2
157
7
gb-bfh 2
ca-bfh 2
dci-bfh 2
bdd-bfh 2
if-bfh 2
cce-bfh 2
gcj-bfh 2
158
13
bcj-bfi 2
cbb-bfi 2
bgi-bfi 2
eda-bfi 2
fcd-bfi 2
bdh-bfi 2
bff-bfi 2
jbf-bfi 2
hjh-bfi 2
idg-bfi 2
ijh-bfi 2
bcfg-bfi 2
ecj-bfi 2
159
5
bdc-bfj 2
gce-bfj 2
ej-bfj 2
jjj-bfj 2
bdcd-bfj 2
160
5
cba-bga 2
bge-bga 2
efe-bga 2
jcj-bga 2
hbd-bga 2
161
3
dff-bgb 2
bahe-bgb 2
bedd-bgb 2
162
5
ea-bgc 2
bfa-bgc 2
ehc-bgc 2
ffi-bgc 2
bdeh-bgc 2
163
5
df-bgd 2
f-bgd 2
dha-bgd 2
edg-bgd 2
bgdh-bgd 2
164
3
d-bge 2
eee-bge 2
jif-bge 2
165
6
bid-bgf 2
bcb-bgf 2
cfb-bgf 2
fgd-bgf 2
hha-bgf 2
baih-bgf 2
166
9
id-bgg 2
fg-bgg 2
bai-bgg 2
cca-bgg 2
bef-bgg 2
hhh-bgg 2
cjf-bgg 2
bcaa-bgg 2
heh-bgg 2
167
6
bif-bgh 2
ch-bgh 2
eec-bgh 2
cej-bgh 2
cgg-bgh 2
bfgh-bgh 2
168
7
bed-bgi 2
baa-bgi 2
eij-bgi 2
bhh-bgi 2
ebb-bgi 2
cbi-bgi 2
dda-bgi 2
169
7
gf-bgj 2
eag-bgj 2
hbh-bgj 2
jai-bgj 2
gaf-bgj 2
bbdd-bgj 2
bffe-bgj 2
170
5
bhf-bha 2
cbf-bha 2
edd-bha 2
bde-bha 2
gi-bha 2
171
8
bgg-bhb 2
bjg-bhb 2
bfb-bhb 2
cda-bhb 2
ih-bhb 2
iff-bhb 2
hbd-bhb 2
fcb-bhb 2
172
5
bfe-bhc 2
eje-bhc 2
ec-bhc 2
jab-bhc 2
bagf-bhc 2
173
5
fe-bhd 2
hj-bhd 2
ih-bhd 2
eed-bhd 2
cbb-bhd 2
174
4
g-bhe 2
chd-bhe 2
ebi-bhe 2
daa-bhe 2
175
5
ci-bhf 2
ech-bhf 2
cgi-bhf 2
ca-bhf 2
bci-bhf 2
176
5
cbg-bhg 2
bci-bhg 2
cfi-bhg 2
cdi-bhg 2
iga-bhg 2
177
7
bgg-bhh 2
cbc-bhh 2
if-bhh 2
dce-bhh 2
hde-bhh 2
igc-bhh 2
h-bhh 2
178
4
f-bhi 2
eaj-bhi 2
ibh-bhi 2
bacb-bhi 2
179
6
ch-bhj 2
bjg-bhj 2
fha-bhj 2
cb-bhj 2
dbf-bhj 2
hbc-bhj 2
180
6
jg-bia 2
bgj-bia 2
cba-bia 2
bgc-bia 2
ea-bia 2
baj-bia 2
181
6
h-bib 2
fca-bib 2
bhe-bib 2
hjj-bib 2
ihi-bib 2
eae-bib 2
182
4
dc-bic 2
baa-bic 2
dgd-bic 2
hdc-bic 2
183
6
ce-bid 2
dec-bid 2
fbg-bid 2
bef-bid 2
ccj-bid 2
hb-bid 2
184
7
bae-bie 2
cih-bie 2
dbe-bie 2
fcb-bie 2
cfe-bie 2
eig-bie 2
bcai-bie 2
185
6
ccb-bif 2
cji-bif 2
jh-bif 2
bej-bif 2
ffj-bif 2
babf-bif 2
186
6
ca-big 2
gh-big 2
dfg-big 2
feb-big 2
f-big 2
efj-big 2
187
6
hh-bih 2
bdc-bih 2
djf-bih 2
cae-bih 2
dcf-bih 2
bcff-bih 2
188
5
bih-bii 2
dcj-bii 2
ge-bii 2
ejd-bii 2
fgf-bii 2
189
6
bji-bij 2
hf-bij 2
eab-bij 2
cha-bij 2
faf-bij 2
ba-bij 2
190
4
chc-bja 2
bch-bja 2
gaf-bja 2
bjh-bja 2
191
6
b-bjb 2
chb-bjb 2
fea-bjb 2
beh-bjb 2
bbee-bjb 2
fed-bjb 2
192
6
bab-bjc 2
cgf-bjc 2
djc-bjc 2
bib-bjc 2
bagc-bjc 2
baad-bjc 2
193
4
ca-bjd 2
dfc-bjd 2
bij-bjd 2
hdg-bjd 2
194
4
de-bje 2
dgf-bje 2
dhc-bje 2
ecd-bje 2
195
6
bcb-bjf 2
e-bjf 2
ib-bjf 2
hie-bjf 2
ecg-bjf 2
bccc-bjf 2
196
3
cec-bjg 2
caf-bjg 2
bhf-bjg 2
197
7
cee-bjh 2
baf-bjh 2
ie-bjh 2
bfh-bjh 2
cd-bjh 2
gfd-bjh 2
jeb-bjh 2
198
9
jf-bji 2
chj-bji 2
dbg-bji 2
bae-bji 2
fc-bji 2
cgh-bji 2
fac-bji 2
cbi-bji 2
hjd-bji 2
199
4
bci-bjj 2
ced-bjj 2
jhe-bjj 2
gci-bjj 2
200
7
hh-caa 2
bjg-caa 2
dfi-caa 2
ceh-caa 2
cjf-caa 2
ecb-caa 2
hfg-caa 2
201
5
de-cab 2
bdg-cab 2
bag-cab 2
cjd-cab 2
jbg-cab 2
202
8
dh-cac 2
bdj-cac 2
cab-cac 2
bdc-cac 2
cgd-cac 2
djc-cac 2
dbf-cac 2
beic-cac 2
203
5
fc-cad 2
cj-cad 2
edd-cad 2
hbi-cad 2
bedd-cad 2
204
7
df-cae 2
f-cae 2
efa-cae 2
bea-cae 2
chb-cae 2
bje-cae 2
bccg-cae 2
205
6
cah-caf 2
deb-caf 2
edi-caf 2
efi-caf 2
ece-caf 2
gag-caf 2
206
6
caj-cag 2
cbc-cag 2
bfb-cag 2
ddc-cag 2
cie-cag 2
ebb-cag 2
207
5
cce-cah 2
dfi-cah 2
fde-cah 2
ih-cah 2
fjj-cah 2
208
4
bib-cai 2
cfi-cai 2
eag-cai 2
ida-cai 2
209
4
dda-caj 2
eji-caj 2
hei-caj 2
ghh-caj 2
210
7
bfa-cba 2
bfi-cba 2
dhg-cba 2
che-cba 2
hbe-cba 2
bccb-cba 2
hac-cba 2
211
4
be-cbb 2
ccc-cbb 2
cge-cbb 2
bcbh-cbb 2
212
5
caj-cbc 2
gff-cbc 2
bca-cbc 2
fgf-cbc 2
baag-cbc 2
213
6
gh-cbd 2
bif-cbd 2
chb-cbd 2
bcdc-cbd 2
jej-cbd 2
jfc-cbd 2
214
8
bji-cbe 2
bch-cbe 2
fa-cbe 2
eh-cbe 2
cjc-cbe 2
feg-cbe 2
hfj-cbe 2
cb-cbe 2
215
7
ceb-cbf 2
bje-cbf 2
cih-cbf 2
bid-cbf 2
bff-cbf 2
baj-cbf 2
babi-cbf 2
216
5
gc-cbg 2
caj-cbg 2
fgf-cbg 2
bcgd-cbg 2
becj-cbg 2
217
5
cfi-cbh 2
bfg-cbh 2
bde-cbh 2
ghi-cbh 2
bhi-cbh 2
218
8
dba-cbi 2
bdi-cbi 2
dji-cbi 2
ejg-cbi 2
cje-cbi 2
ifd-cbi 2
ede-cbi 2
bcbf-cbi 2
219
7
cai-cbj 2
daa-cbj 2
dcf-cbj 2
jd-cbj 2
bcf-cbj 2
cba-cbj 2
jec-cbj 2
220
10
bgf-cca 2
bjj-cca 2
jc-cca 2
cbe-cca 2
eaf-cca 2
h-cca 2
bbi-cca 2
ihg-cca 2
bace-cca 2
eea-cca 2
221
5
bcf-ccb 2
bjj-ccb 2
ejj-ccb 2
d-ccb 2
jeh-ccb 2
222
5
bdc-ccc 2
fij-ccc 2
eag-ccc 2
feg-ccc 2
bcda-ccc 2
223
7
cb-ccd 2
dbe-ccd 2
jj-ccd 2
dhh-ccd 2
bhi-ccd 2
d-ccd 2
feh-ccd 2
224
4
dgd-cce 2
cai-cce 2
edh-cce 2
bceh-cce 2
225
9
id-ccf 2
dca-ccf 2
djg-ccf 2
hcc-ccf 2
hfd-ccf 2
jeg-ccf 2
hdj-ccf 2
ihi-ccf 2
hei-ccf 2
226
7
ig-ccg 2
ddf-ccg 2
bge-ccg 2
ib-ccg 2
hde-ccg 2
ijd-ccg 2
hjh-ccg 2
227
5
bii-cch 2
bei-cch 2
bhe-cch 2
bg-cch 2
egd-cch 2
228
4
ceb-cci 2
cgg-cci 2
haf-cci 2
bgbg-cci 2
229
5
cjf-ccj 2
eeb-ccj 2
gdf-ccj 2
hji-ccj 2
j-ccj 2
230
3
daj-cda 2
bg-cda 2
ejd-cda 2
231
6
gf-cdb 2
ch-cdb 2
fcf-cdb 2
jaa-cdb 2
hih-cdb 2
bff-cdb 2
232
8
eg-cdc 2
cga-cdc 2
cih-cdc 2
djd-cdc 2
ccj-cdc 2
eb-cdc 2
ddj-cdc 2
bdeh-cdc 2
233
3
beg-cdd 2
ccf-cdd 2
faa-cdd 2
234
5
bia-cde 2
bjb-cde 2
bi-cde 2
bj-cde 2
hhb-cde 2
235
7
bbh-cdf 2
dcg-cdf 2
bha-cdf 2
iee-cdf 2
fjc-cdf 2
bceg-cdf 2
dfa-cdf 2
236
6
bbd-cdg 2
eif-cdg 2
ij-cdg 2
cf-cdg 2
gcf-cdg 2
dff-cdg 2
237
5
jc-cdh 2
bgj-cdh 2
ij-cdh 2
ehe-cdh 2
gfd-cdh 2
238
6
ib-cdi 2
deb-cdi 2
ehj-cdi 2
fib-cdi 2
bajh-cdi 2
beha-cdi 2
239
5
cbb-cdj 2
cfh-cdj 2
fgh-cdj 2
ega-cdj 2
ggj-cdj 2
240
5
be-cea 2
caf-cea 2
bji-cea 2
gbi-cea 2
che-cea 2
241
3
ccc-ceb 2
dfe-ceb 2
dhh-ceb 2
242
3
bdg-cec 2
edb-cec 2
bajb-cec 2
243
3
cff-ced 2
efg-ced 2
heb-ced 2
244
4
bje-cee 2
bia-cee 2
eec-cee 2
jhc-cee 2
245
8
bea-cef 2
cih-cef 2
dc-cef 2
g-cef 2
dai-cef 2
jh-cef 2
bbec-cef 2
bbjg-cef 2
246
4
bfa-ceg 2
cah-ceg 2
iag-ceg 2
ihj-ceg 2
247
2
cic-ceh 2
eeg-ceh 2
248
6
bda-cei 2
dgf-cei 2
ebh-cei 2
bih-cei 2
ddf-cei 2
fhi-cei 2
249
7
bed-cej 2
bbf-cej 2
dda-cej 2
cgc-cej 2
gig-cej 2
bbee-cej 2
bh-cej 2
250
5
cfc-cfa 2
ejh-cfa 2
df-cfa 2
gei-cfa 2
ice-cfa 2
251
4
fgg-cfb 2
g-cfb 2
gje-cfb 2
baga-cfb 2
252
6
cgi-cfc 2
cac-cfc 2
dhe-cfc 2
eca-cfc 2
gef-cfc 2
ieg-cfc 2
253
4
ccg-cfd 2
cje-cfd 2
a-cfd 2
bcdh-cfd 2
254
2
jf-cfe 2
ijc-cfe 2
255
4
bji-cff 2
ebd-cff 2
bafc-cff 2
ejg-cff 2
256
9
jd-cfg 2
baj-cfg 2
ccc-cfg 2
hh-cfg 2
eig-cfg 2
bh-cfg 2
gee-cfg 2
bbdg-cfg 2
gic-cfg 2
257
7
cgj-cfh 2
dfa-cfh 2
ej-cfh 2
gg-cfh 2
cid-cfh 2
fjh-cfh 2
cie-cfh 2
258
4
de-cfi 2
eec-cfi 2
badf-cfi 2
dhi-cfi 2
259
4
cg-cfj 2
fh-cfj 2
djc-cfj 2
bjh-cfj 2
260
3
chf-cga 2
cgd-cga 2
chj-cga 2
261
3
e-cgb 2
dhd-cgb 2
gdf-cgb 2
262
6
ceg-cgc 2
bjf-cgc 2
fji-cgc 2
ga-cgc 2
ica-cgc 2
hfc-cgc 2
263
5
bbe-cgd 2
dcj-cgd 2
bec-cgd 2
bbbc-cgd 2
bajg-cgd 2
264
6
caf-cge 2
cde-cge 2
dda-cge 2
bfc-cge 2
dj-cge 2
bba-cge 2
265
5
bj-cgf 2
dci-cgf 2
egi-cgf 2
bcgf-cgf 2
bgbh-cgf 2
266
4
bj-cgg 2
cac-cgg 2
fhc-cgg 2
bgae-cgg 2
267
4
cci-cgh 2
hif-cgh 2
babb-cgh 2
hc-cgh 2
268
8
ee-cgi 2
ja-cgi 2
dcd-cgi 2
je-cgi 2
edj-cgi 2
djh-cgi 2
bced-cgi 2
baaa-cgi 2
269
4
cig-cgj 2
eag-cgj 2
fei-cgj 2
ifi-cgj 2
270
4
dcb-cha 2
dhj-cha 2
gfh-cha 2
ged-cha 2
271
4
cej-chb 2
ccg-chb 2
ih-chb 2
bcbi-chb 2
272
6
bh-chc 2
fjc-chc 2
ggc-chc 2
icj-chc 2
jhd-chc 2
beic-chc 2
273
4
fe-chd 2
ebh-chd 2
bah-chd 2
bfbg-chd 2
274
6
bbj-che 2
bgf-che 2
dbj-che 2
ebe-che 2
iga-che 2
befj-che 2
275
9
ea-chf 2
bea-chf 2
ge-chf 2
bdj-chf 2
ehb-chf 2
fga-chf 2
hfb-chf 2
chi-chf 2
eca-chf 2
276
6
dbb-chg 2
ced-chg 2
fc-chg 2
iab-chg 2
edh-chg 2
bdjb-chg 2
277
2
ca-chh 2
cid-chh 2
278
5
cfh-chi 2
egc-chi 2
fec-chi 2
hga-chi 2
bbc-chi 2
279
6
e-chj 2
fg-chj 2
ffc-chj 2
bic-chj 2
bbgd-chj 2
fjd-chj 2
280
4
bhg-cia 2
eie-cia 2
jce-cia 2
cce-cia 2
281
5
da-cib 2
bca-cib 2
eha-cib 2
hh-cib 2
bcce-cib 2
282
3
cae-cic 2
igc-cic 2
jce-cic 2
283
6
bbd-cid 2
ehb-cid 2
ebi-cid 2
fic-cid 2
bii-cid 2
cjb-cid 2
284
6
cij-cie 2
djb-cie 2
eje-cie 2
bih-cie 2
jfi-cie 2
bbbi-cie 2
285
6
ec-cif 2
dgb-cif 2
dae-cif 2
idd-cif 2
bbai-cif 2
bcja-cif 2
286
5
eef-cig 2
hbj-cig 2
gci-cig 2
bbac-cig 2
bdgg-cig 2
287
1
gid-cih 2
288
6
i-cii 2
cah-cii 2
bdi-cii 2
gf-cii 2
ggd-cii 2
baha-cii 2
289
6
cei-cij 2
baa-cij 2
ci-cij 2
jh-cij 2
dgf-cij 2
fdj-cij 2
290
4
ead-cja 2
dge-cja 2
hcj-cja 2
bcaa-cja 2
291
6
bjj-cjb 2
cff-cjb 2
cjg-cjb 2
fch-cjb 2
jbi-cjb 2
beba-cjb 2
292
5
db-cjc 2
fgi-cjc 2
cfe-cjc 2
bbfe-cjc 2
bfgi-cjc 2
293
2
cfc-cjd 2
eje-cjd 2
294
2
bbe-cje 2
fje-cje 2
295
4
h-cjf 2
ch-cjf 2
dgd-cjf 2
jh-cjf 2
296
1
cgb-cjg 2
297
4
dci-cjh 2
ecf-cjh 2
bid-cjh 2
jfd-cjh 2
298
6
bee-cji 2
fbf-cji 2
hbd-cji 2
bb-cji 2
gcj-cji 2
bdcg-cji 2
299
5
cce-cjj 2
cha-cjj 2
fci-cjj 2
iei-cjj 2
bcie-cjj 2
300
4
fh-daa 2
ece-daa 2
bbhc-daa 2
bfde-daa 2
301
5
chh-dab 2
beg-dab 2
fah-dab 2
icf-dab 2
bace-dab 2
302
2
bgi-dac 2
dce-dac 2
303
3
cda-dad 2
gfe-dad 2
gcb-dad 2
304
5
bhi-dae 2
djd-dae 2
fdg-dae 2
dgi-dae 2
fce-dae 2
305
5
beb-daf 2
cha-daf 2
bdag-daf 2
bdcb-daf 2
jae-daf 2
306
3
eb-dag 2
jg-dag 2
hcd-dag 2
307
6
cgi-dah 2
cfb-dah 2
dhd-dah 2
ihj-dah 2
ija-dah 2
ehc-dah 2
308
5
dhc-dai 2
cca-dai 2
ehg-dai 2
ebd-dai 2
ejb-dai 2
309
5
dce-daj 2
ebb-daj 2
fhj-daj 2
bce-daj 2
geh-daj 2
310
4
dfd-dba 2
bca-dba 2
bff-dba 2
hhj-dba 2
311
7
chd-dbb 2
ja-dbb 2
ebj-dbb 2
fi-dbb 2
dfc-dbb 2
ggf-dbb 2
dgi-dbb 2
312
4
bbf-dbc 2
ge-dbc 2
dba-dbc 2
dah-dbc 2
313
3
ccc-dbd 2
ceg-dbd 2
bdjf-dbd 2
314
5
dfh-dbe 2
djc-dbe 2
dcj-dbe 2
hig-dbe 2
baji-dbe 2
315
5
dfe-dbf 2
gib-dbf 2
eef-dbf 2
eid-dbf 2
baad-dbf 2
316
3
dee-dbg 2
dba-dbg 2
iag-dbg 2
317
4
fcj-dbh 2
cid-dbh 2
caa-dbh 2
fha-dbh 2
318
3
ch-dbi 2
fah-dbi 2
bcaa-dbi 2
319
3
cg-dbj 2
gjf-dbj 2
bb-dbj 2
320
4
dda-dca 2
badg-dca 2
jbi-dca 2
bda-dca 2
321
6
ccb-dcb 2
gcd-dcb 2
efg-dcb 2
gbj-dcb 2
gad-dcb 2
fi-dcb 2
322
7
eie-dcc 2
cdd-dcc 2
fjg-dcc 2
ddf-dcc 2
g-dcc 2
heg-dcc 2
gdi-dcc 2
323
5
dgj-dcd 2
ghc-dcd 2
cg-dcd 2
cfg-dcd 2
baag-dcd 2
324
3
fhh-dce 2
jef-dce 2
ebg-dce 2
325
6
ee-dcf 2
ddg-dcf 2
bhe-dcf 2
fce-dcf 2
fea-dcf 2
cgb-dcf 2
326
4
cbc-dcg 2
cga-dcg 2
dca-dcg 2
jjj-dcg 2
327
4
cjc-dch 2
he-dch 2
dh-dch 2
jai-dch 2
328
4
ccc-dci 2
ehi-dci 2
ddg-dci 2
bcef-dci 2
329
4
bij-dcj 2
dbj-dcj 2
ha-dcj 2
begb-dcj 2
330
2
cea-dda 2
fjj-dda 2
331
5
ddd-ddb 2
eig-ddb 2
ddg-ddb 2
gai-ddb 2
bdge-ddb 2
332
4
cb-ddc 2
bja-ddc 2
gig-ddc 2
bajc-ddc 2
333
2
gfa-ddd 2
cbj-ddd 2
334
8
bib-dde 2
ehd-dde 2
bhb-dde 2
gfd-dde 2
caj-dde 2
ij-dde 2
dbe-dde 2
ifj-dde 2
335
6
chf-ddf 2
jh-ddf 2
id-ddf 2
hhg-ddf 2
eb-ddf 2
fcf-ddf 2
336
3
dcd-ddg 2
jb-ddg 2
eid-ddg 2
337
3
ech-ddh 2
bh-ddh 2
baa-ddh 2
338
5
dbi-ddi 2
eaj-ddi 2
ccc-ddi 2
bjc-ddi 2
jja-ddi 2
339
5
ic-ddj 2
fgj-ddj 2
ehi-ddj 2
haa-ddj 2
ihj-ddj 2
340
6
dgh-dea 2
cfg-dea 2
bgi-dea 2
ijh-dea 2
edh-dea 2
ebe-dea 2
341
5
cfd-deb 2
hjc-deb 2
fei-deb 2
bhg-deb 2
cbi-deb 2
342
3
cac-dec 2
fdc-dec 2
bcgh-dec 2
343
3
fbh-ded 2
gij-ded 2
ddc-ded 2
344
6
cab-dee 2
fhb-dee 2
ghf-dee 2
icg-dee 2
dej-dee 2
fji-dee 2
345
3
cci-def 2
jfi-def 2
bajh-def 2
346
4
dbd-deg 2
djj-deg 2
cbb-deg 2
fhd-deg 2
347
5
bde-deh 2
ejf-deh 2
hdc-deh 2
ifa-deh 2
hgj-deh 2
348
6
cfi-dei 2
chb-dei 2
ehi-dei 2
hb-dei 2
gce-dei 2
fif-dei 2
349
6
dif-dej 2
eh-dej 2
fgh-dej 2
dj-dej 2
babg-dej 2
fda-dej 2
350
5
bef-dfa 2
gfg-dfa 2
fie-dfa 2
bfb-dfa 2
ege-dfa 2
351
3
bde-dfb 2
cfc-dfb 2
e-dfb 2
352
6
cjc-dfc 2
dgh-dfc 2
ffg-dfc 2
bdj-dfc 2
hfe-dfc 2
fgj-dfc 2
353
5
bgg-dfd 2
dbh-dfd 2
gcb-dfd 2
bbae-dfd 2
bfcc-dfd 2
354
3
egf-dfe 2
badc-dfe 2
baac-dfe 2
355
5
egc-dff 2
jha-dff 2
hii-dff 2
gie-dff 2
bfie-dff 2
356
3
bjh-dfg 2
ddj-dfg 2
hce-dfg 2
357
5
hg-dfh 2
cji-dfh 2
fhb-dfh 2
cgj-dfh 2
bbcb-dfh 2
358
6
dje-dfi 2
dhd-dfi 2
dde-dfi 2
bbh-dfi 2
dcc-dfi 2
baac-dfi 2
359
3
cad-dfj 2
ebc-dfj 2
ejd-dfj 2
360
3
g-dga 2
fff-dga 2
bcdg-dga 2
361
2
bba-dgb 2
gfc-dgb 2
362
4
dhc-dgc 2
fcj-dgc 2
jic-dgc 2
jja-dgc 2
363
6
edi-dgd 2
ebc-dgd 2
feh-dgd 2
ifg-dgd 2
bajj-dgd 2
ifb-dgd 2
364
5
daf-dge 2
ggh-dge 2
dc-dge 2
bccf-dge 2
beaa-dge 2
365
4
dbe-dgf 2
bbe-dgf 2
jfj-dgf 2
bffd-dgf 2
366
2
ffg-dgg 2
bg-dgg 2
367
3
bhc-dgh 2
bai-dgh 2
bafh-dgh 2
368
3
deb-dgi 2
bcf-dgi 2
ceb-dgi 2
369
3
gc-dgj 2
gg-dgj 2
bcab-dgj 2
370
6
bje-dha 2
dij-dha 2
gdj-dha 2
cdb-dha 2
dhg-dha 2
bid-dha 2
371
4
dhj-dhb 2
cbi-dhb 2
ebh-dhb 2
bajb-dhb 2
372
6
dfg-dhc 2
fda-dhc 2
hca-dhc 2
bbce-dhc 2
bdab-dhc 2
bbjd-dhc 2
373
6
dff-dhd 2
fhc-dhd 2
djd-dhd 2
dgh-dhd 2
hfh-dhd 2
baeg-dhd 2
374
5
cb-dhe 2
dhf-dhe 2
jf-dhe 2
bbhi-dhe 2
bbii-dhe 2
375
5
cjd-dhf 2
cf-dhf 2
ega-dhf 2
ebj-dhf 2
baga-dhf 2
376
3
bfe-dhg 2
ida-dhg 2
begf-dhg 2
377
3
dgf-dhh 2
bbh-dhh 2
bdac-dhh 2
378
4
ebh-dhi 2
fjf-dhi 2
bbbb-dhi 2
ihg-dhi 2
379
5
bbh-dhj 2
bhg-dhj 2
ddj-dhj 2
idf-dhj 2
icc-dhj 2
380
4
eee-dia 2
cid-dia 2
jcc-dia 2
ecg-dia 2
381
2
bgg-dib 2
ffd-dib 2
382
5
ei-dic 2
i-dic 2
ebi-dic 2
jff-dic 2
bbgj-dic 2
383
5
bbd-did 2
dc-did 2
dhg-did 2
a-did 2
eii-did 2
384
5
daa-die 2
bhh-die 2
ii-die 2
fea-die 2
fac-die 2
385
1
gg-dif 2
386
3
edj-dig 2
fcd-dig 2
bbig-dig 2
387
1
fdg-dih 2
388
3
cci-dii 2
fgc-dii 2
bdeg-dii 2
389
4
cga-dij 2
ggf-dij 2
bacf-dij 2
ici-dij 2
390
4
dei-dja 2
bjf-dja 2
ja-dja 2
bdhi-dja 2
391
4
ffj-djb 2
jdf-djb 2
jjj-djb 2
bgcd-djb 2
392
2
dba-djc 2
jdf-djc 2
393
4
ddg-djd 2
bjd-djd 2
jdd-djd 2
ifd-djd 2
394
5
f-dje 2
dbi-dje 2
ejf-dje 2
dbh-dje 2
beaj-dje 2
395
2
di-djf 2
fig-djf 2
396
5
cji-djg 2
bce-djg 2
bdi-djg 2
hca-djg 2
efi-djg 2
397
6
djb-djh 2
ebi-djh 2
bajg-djh 2
beca-djh 2
gdg-djh 2
bdef-djh 2
398
2
cic-dji 2
bahj-dji 2
399
4
eea-djj 2
dec-djj 2
bhf-djj 2
jib-djj 2
400
4
bif-eaa 2
ghi-eaa 2
bee-eaa 2
jbb-eaa 2
401
4
ffh-eab 2
ie-eab 2
chi-eab 2
big-eab 2
402
5
eca-eac 2
efd-eac 2
chg-eac 2
bagg-eac 2
jhi-eac 2
403
4
bgd-ead 2
chj-ead 2
caf-ead 2
dj-ead 2
404
5
bca-eae 2
gai-eae 2
fed-eae 2
gdc-eae 2
bic-eae 2
405
2
ghj-eaf 2
fgj-eaf 2
406
4
cia-eag 2
gee-eag 2
ffj-eag 2
cfa-eag 2
407
4
dde-eah 2
gac-eah 2
eca-eah 2
bbcf-eah 2
408
2
efh-eai 2
be-eai 2
409
3
fad-eaj 2
dfj-eaj 2
beec-eaj 2
410
3
cja-eba 2
bjj-eba 2
bif-eba 2
411
4
ebc-ebb 2
fac-ebb 2
beb-ebb 2
iij-ebb 2
412
3
ecb-ebc 2
che-ebc 2
befc-ebc 2
413
4
cbb-ebd 2
ejb-ebd 2
dgi-ebd 2
bcce-ebd 2
414
7
fag-ebe 2
bdi-ebe 2
bji-ebe 2
jf-ebe 2
hfg-ebe 2
df-ebe 2
ebb-ebe 2
415
3
bbd-ebf 2
bfd-ebf 2
fhf-ebf 2
416
2
eca-ebg 2
ghg-ebg 2
417
5
ecj-ebh 2
fbi-ebh 2
hdg-ebh 2
baaj-ebh 2
icg-ebh 2
418
1
ebc-ebi 2
419
4
eci-ebj 2
ghd-ebj 2
ehi-ebj 2
djj-ebj 2
420
3
dhi-eca 2
dbf-eca 2
eh-eca 2
421
2
daj-ecb 2
bchc-ecb 2
422
7
edi-ecc 2
ejd-ecc 2
jc-ecc 2
idf-ecc 2
babd-ecc 2
fbe-ecc 2
bdch-ecc 2
423
4
fba-ecd 2
igh-ecd 2
cdf-ecd 2
jfj-ecd 2
424
3
eaa-ece 2
fcf-ece 2
eeh-ece 2
425
4
egi-ecf 2
gei-ecf 2
dgb-ecf 2
cib-ecf 2
426
3
dcc-ecg 2
dfa-ecg 2
fbc-ecg 2
427
3
fcf-ech 2
dbh-ech 2
jjc-ech 2
428
3
dha-eci 2
hcg-eci 2
bcje-eci 2
429
2
gbj-ecj 2
ihi-ecj 2
430
5
dgb-eda 2
hbd-eda 2
jcf-eda 2
dhf-eda 2
bdcg-eda 2
431
3
fb-edb 2
gec-edb 2
iia-edb 2
432
2
dci-edc 2
baa-edc 2
433
3
dfa-edd 2
gag-edd 2
cbe-edd 2
434
4
bbf-ede 2
ig-ede 2
ffi-ede 2
jh-ede 2
435
5
ega-edf 2
dic-edf 2
fah-edf 2
hba-edf 2
bdag-edf 2
436
4
ddc-edg 2
ggd-edg 2
jgh-edg 2
ie-edg 2
437
4
dje-edh 2
bhf-edh 2
bbgb-edh 2
beb-edh 2
438
6
ccg-edi 2
cfj-edi 2
fbg-edi 2
gie-edi 2
bjd-edi 2
bade-edi 2
439
2
cfb-edj 2
dfb-edj 2
440
5
bhg-eea 2
djh-eea 2
gcc-eea 2
e-eea 2
igj-eea 2
441
3
faf-eeb 2
iac-eeb 2
hei-eeb 2
442
3
bec-eec 2
bha-eec 2
hci-eec 2
443
4
dja-eed 2
cbj-eed 2
gcd-eed 2
iaa-eed 2
444
2
fgi-eee 2
idg-eee 2
445
3
dej-eef 2
jad-eef 2
bdcd-eef 2
446
6
chc-eeg 2
chg-eeg 2
fi-eeg 2
cfe-eeg 2
h-eeg 2
bfc-eeg 2
447
2
bcc-eeh 2
gbb-eeh 2
448
5
ejc-eei 2
dba-eei 2
bih-eei 2
jdh-eei 2
bajg-eei 2
449
2
bbif-eej 2
bcih-eej 2
450
5
dhd-efa 2
egc-efa 2
cbb-efa 2
jia-efa 2
bedb-efa 2
451
2
eib-efb 2
bahi-efb 2
452
2
daj-efc 2
ehd-efc 2
453
2
dha-efd 2
iac-efd 2
454
2
ija-efe 2
bcdb-efe 2
455
5
chj-eff 2
ebg-eff 2
hgf-eff 2
ghi-eff 2
bbed-eff 2
456
5
bfa-efg 2
eef-efg 2
daf-efg 2
bcad-efg 2
iib-efg 2
457
5
ffi-efh 2
fde-efh 2
efb-efh 2
ded-efh 2
igc-efh 2
458
2
cfj-efi 2
cbj-efi 2
459
6
g-efj 2
ejj-efj 2
gde-efj 2
heh-efj 2
fje-efj 2
cbj-efj 2
460
7
dbj-ega 2
cef-ega 2
bbe-ega 2
bja-ega 2
cbg-ega 2
bac-ega 2
jca-ega 2
461
3
fdb-egb 2
hic-egb 2
bcdf-egb 2
462
2
bch-egc 2
ccj-egc 2
463
3
ebd-egd 2
ijh-egd 2
cfa-egd 2
464
4
fdb-ege 2
ggh-ege 2
dbb-ege 2
dib-ege 2
465
3
fjd-egf 2
edh-egf 2
eae-egf 2
466
2
eaj-egg 2
jia-egg 2
467
2
gah-egh 2
cii-egh 2
468
2
hef-egi 2
ghc-egi 2
469
4
ehh-egj 2
ejg-egj 2
jj-egj 2
jdg-egj 2
470
3
bjj-eha 2
bbi-eha 2
cgh-eha 2
471
4
dh-ehb 2
eji-ehb 2
bj-ehb 2
hib-ehb 2
472
2
ecj-ehc 2
iad-ehc 2
473
2
djf-ehd 2
hjj-ehd 2
474
2
hje-ehe 2
bebj-ehe 2
475
3
eea-ehf 2
fci-ehf 2
cac-ehf 2
476
5
cgg-ehg 2
cbj-ehg 2
eid-ehg 2
hda-ehg 2
bdgh-ehg 2
477
2
dcc-ehh 2
had-ehh 2
478
4
big-ehi 2
bag-ehi 2
fef-ehi 2
bbeg-ehi 2
479
3
dbf-ehj 2
hbj-ehj 2
bcgj-ehj 2
480
3
efb-eia 2
ghh-eia 2
efc-eia 2
481
4
fed-eib 2
ehj-eib 2
bbbe-eib 2
bcji-eib 2
482
3
ebb-eic 2
fhi-eic 2
befh-eic 2
483
4
gg-eid 2
fbg-eid 2
bcjh-eid 2
bfhj-eid 2
484
4
cj-eie 2
ehf-eie 2
cgf-eie 2
bbaf-eie 2
485
2
daa-eif 2
hac-eif 2
486
4
faa-eig 2
edi-eig 2
eii-eig 2
bfeh-eig 2
487
3
cag-eih 2
jc-eih 2
daa-eih 2
488
2
cfd-eii 2
bjf-eii 2
489
4
chi-eij 2
dfg-eij 2
igd-eij 2
jae-eij 2
490
2
hgg-eja 2
hej-eja 2
491
1
ibd-ejb 2
492
3
eia-ejc 2
hgb-ejc 2
gji-ejc 2
493
2
ebd-ejd 2
ige-ejd 2
494
4
bfj-eje 2
gic-eje 2
cif-eje 2
ege-eje 2
495
5
gb-ejf 2
fhe-ejf 2
fij-ejf 2
bae-ejf 2
bfja-ejf 2
496
2
ghb-ejg 2
feg-ejg 2
497
3
ci-ejh 2
dde-ejh 2
iaa-ejh 2
498
3
ee-eji 2
dih-eji 2
d-eji 2
499
4
cej-ejj 2
chf-ejj 2
eia-ejj 2
ici-ejj 2
500
3
dfb-faa 2
dhg-faa 2
ice-faa 2
501
2
ecc-fab 2
dda-fab 2
502
4
bfd-fac 2
cbi-fac 2
ijb-fac 2
hbc-fac 2
503
4
fij-fad 2
cfh-fad 2
gaf-fad 2
bdjg-fad 2
504
4
bbd-fae 2
fje-fae 2
hih-fae 2
bdia-fae 2
505
7
bcd-faf 2
dgd-faf 2
ghj-faf 2
dgi-faf 2
ice-faf 2
bcja-faf 2
hid-faf 2
506
4
eji-fag 2
jif-fag 2
hei-fag 2
dbf-fag 2
507
2
fdh-fah 2
jbj-fah 2
508
3
eff-fai 2
gdj-fai 2
bbih-fai 2
509
4
fgi-faj 2
iii-faj 2
ggb-faj 2
ga-faj 2
510
4
cdi-fba 2
cbj-fba 2
eef-fba 2
dii-fba 2
511
5
fic-fbb 2
fid-fbb 2
baa-fbb 2
hjh-fbb 2
jih-fbb 2
512
3
eeg-fbc 2
bb-fbc 2
baag-fbc 2
513
2
eai-fbd 2
ejj-fbd 2
514
3
ii-fbe 2
fgi-fbe 2
bajc-fbe 2
515
1
jbh-fbf 2
516
2
fjj-fbg 2
dff-fbg 2
517
5
fdh-fbh 2
j-fbh 2
hca-fbh 2
eih-fbh 2
bcjg-fbh 2
518
3
h-fbi 2
ebf-fbi 2
dcc-fbi 2
519
3
fdc-fbj 2
ieg-fbj 2
hdc-fbj 2
520
4
bdf-fca 2
i-fca 2
bcie-fca 2
jib-fca 2
521
4
bhb-fcb 2
e-fcb 2
h-fcb 2
hbb-fcb 2
522
2
gbd-fcc 2
fjh-fcc 2
523
4
ddb-fcd 2
ghg-fcd 2
cae-fcd 2
hib-fcd 2
524
2
gdj-fce 2
gia-fce 2
525
4
ddi-fcf 2
fgf-fcf 2
bff-fcf 2
baib-fcf 2
526
5
eab-fcg 2
ibg-fcg 2
gcc-fcg 2
bbeg-fcg 2
bbe-fcg 2
527
6
ecb-fch 2
hfc-fch 2
ifg-fch 2
jhb-fch 2
bcee-fch 2
bfgh-fch 2
528
6
cjg-fci 2
hdi-fci 2
ghf-fci 2
dfd-fci 2
iei-fci 2
bbea-fci 2
529
3
ffb-fcj 2
fcg-fcj 2
heb-fcj 2
530
3
edf-fda 2
bhi-fda 2
bbbd-fda 2
531
3
dcg-fdb 2
ffg-fdb 2
bcga-fdb 2
532
4
cif-fdc 2
eg-fdc 2
dhh-fdc 2
bahi-fdc 2
533
6
fbg-fdd 2
geb-fdd 2
baei-fdd 2
edd-fdd 2
hid-fdd 2
bfha-fdd 2
534
1
fih-fde 2
535
3
cgg-fdf 2
bade-fdf 2
ibe-fdf 2
536
3
bhi-fdg 2
gbh-fdg 2
bdhg-fdg 2
537
5
ecf-fdh 2
che-fdh 2
hjd-fdh 2
cdc-fdh 2
gf-fdh 2
538
1
jii-fdi 2
539
2
ggc-fdj 2
gi-fdj 2
540
3
ffe-fea 2
bceb-fea 2
ee-fea 2
541
5
ejf-feb 2
ieb-feb 2
fhh-feb 2
ih-feb 2
cid-feb 2
542
3
fjf-fec 2
cff-fec 2
bfcg-fec 2
543
5
eac-fed 2
cif-fed 2
jeb-fed 2
bbhb-fed 2
hdi-fed 2
544
4
fff-fee 2
be-fee 2
ihf-fee 2
bdbd-fee 2
545
3
dfe-fef 2
bdad-fef 2
bfdg-fef 2
546
3
bd-feg 2
bi-feg 2
hgh-feg 2
547
3
daj-feh 2
hei-feh 2
djg-feh 2
548
3
fbi-fei 2
ffc-fei 2
bcgi-fei 2
549
3
eji-fej 2
gcg-fej 2
dfe-fej 2
550
4
dce-ffa 2
jba-ffa 2
gch-ffa 2
idb-ffa 2
551
4
cii-ffb 2
gda-ffb 2
i-ffb 2
cfd-ffb 2
552
2
ejg-ffc 2
bgc-ffc 2
553
4
bii-ffd 2
jaf-ffd 2
ifg-ffd 2
jcj-ffd 2
554
2
ghg-ffe 2
hdc-ffe 2
555
4
chc-fff 2
jbf-fff 2
bbd-fff 2
hfd-fff 2
556
1
ffi-ffg 2
557
3
fja-ffh 2
fdb-ffh 2
gfb-ffh 2
558
4
fid-ffi 2
gaj-ffi 2
baga-ffi 2
cif-ffi 2
559
2
gih-ffj 2
gfi-ffj 2
560
6
cfi-fga 2
gei-fga 2
eae-fga 2
igi-fga 2
ceb-fga 2
bhe-fga 2
561
2
eei-fgb 2
dba-fgb 2
562
3
dbd-fgc 2
jad-fgc 2
dgd-fgc 2
563
3
bie-fgd 2
cf-fgd 2
bfff-fgd 2
564
3
dah-fge 2
gjf-fge 2
ibf-fge 2
565
1
fhh-fgf 2
566
2
bih-fgg 2
ice-fgg 2
567
1
jcf-fgh 2
568
3
fjj-fgi 2
bcbi-fgi 2
dfg-fgi 2
569
3
bdc-fgj 2
dei-fgj 2
ghj-fgj 2
570
2
hgc-fha 2
fhc-fha 2
571
4
cbf-fhb 2
hfe-fhb 2
hab-fhb 2
bfcb-fhb 2
572
4
dg-fhc 2
ihe-fhc 2
hch-fhc 2
ijj-fhc 2
573
3
ec-fhd 2
hci-fhd 2
cih-fhd 2
574
5
dic-fhe 2
gge-fhe 2
cgj-fhe 2
hhi-fhe 2
jbe-fhe 2
575
2
gad-fhf 2
dh-fhf 2
576
3
fjc-fhg 2
jbj-fhg 2
bbfh-fhg 2
577
1
fde-fhh 2
578
2
bja-fhi 2
jcb-fhi 2
579
3
fgf-fhj 2
fag-fhj 2
bgde-fhj 2
580
3
cdd-fia 2
bb-fia 2
hga-fia 2
581
2
fgb-fib 2
bag-fib 2
582
5
ic-fic 2
ijd-fic 2
eh-fic 2
ce-fic 2
bgaj-fic 2
583
3
fh-fid 2
hh-fid 2
cih-fid 2
584
4
ffb-fie 2
bbdc-fie 2
ijh-fie 2
idg-fie 2
585
4
cba-fif 2
bbc-fif 2
bcec-fif 2
gge-fif 2
586
4
gfa-fig 2
ejf-fig 2
dec-fig 2
bfj-fig 2
587
1
id-fih 2
588
4
fde-fii 2
haf-fii 2
fce-fii 2
gde-fii 2
589
2
ebj-fij 2
bdfi-fij 2
590
3
cib-fja 2
bhg-fja 2
edj-fja 2
591
4
gcg-fjb 2
hc-fjb 2
hae-fjb 2
gef-fjb 2
592
6
bd-fjc 2
h-fjc 2
baee-fjc 2
bcff-fjc 2
cie-fjc 2
hdf-fjc 2
593
3
cde-fjd 2
ed-fjd 2
ecc-fjd 2
594
2
hdj-fje 2
fdj-fje 2
595
3
ded-fjf 2
jhf-fjf 2
bae-fjf 2
596
1
f-fjg 2
597
3
h-fjh 2
babb-fjh 2
baij-fjh 2
598
4
ehf-fji 2
bgb-fji 2
cdf-fji 2
bddi-fji 2
599
2
ddi-fjj 2
gj-fjj 2
600
2
gie-gaa 2
gbb-gaa 2
601
1
ejg-gab 2
602
1
ijf-gac 2
603
3
fjf-gad 2
bjc-gad 2
jjh-gad 2
604
6
dhj-gae 2
ceb-gae 2
gcg-gae 2
hca-gae 2
bai-gae 2
ghc-gae 2
605
1
bjh-gaf 2
606
3
gii-gag 2
jij-gag 2
bafe-gag 2
607
4
cjc-gah 2
ebg-gah 2
cdd-gah 2
ici-gah 2
608
1
gff-gai 2
609
2
di-gaj 2
bcde-gaj 2
610
3
gcb-gba 2
hgc-gba 2
fdi-gba 2
611
3
eja-gbb 2
cgb-gbb 2
becb-gbb 2
612
3
ga-gbc 2
baab-gbc 2
bbhc-gbc 2
613
3
ege-gbd 2
fcb-gbd 2
bbcd-gbd 2
614
1
bbch-gbe 2
615
2
fgd-gbf 2
ccj-gbf 2
616
2
hhb-gbg 2
dhh-gbg 2
617
1
ejj-gbh 2
618
4
dbi-gbi 2
hhg-gbi 2
bacg-gbi 2
dib-gbi 2
619
4
gch-gbj 2
eaa-gbj 2
jej-gbj 2
bbfi-gbj 2
620
3
gfd-gca 2
iid-gca 2
jig-gca 2
621
3
cab-gcb 2
bafh-gcb 2
bbbb-gcb 2
622
6
gi-gcc 2
iie-gcc 2
gaj-gcc 2
bbii-gcc 2
ejb-gcc 2
cdh-gcc 2
623
2
egf-gcd 2
bbjd-gcd 2
624
3
de-gce 2
fai-gce 2
dhb-gce 2
625
1
cgj-gcf 2
626
3
chg-gcg 2
hgd-gcg 2
ijg-gcg 2
627
4
ed-gch 2
cih-gch 2
ba-gch 2
bdc-gch 2
628
3
gid-gci 2
ghh-gci 2
igb-gci 2
629
1
ebb-gcj 2
630
1
bdcf-gda 2
631
2
bdci-gdb 2
bbg-gdb 2
632
4
ejj-gdc 2
ifc-gdc 2
babf-gdc 2
cah-gdc 2
633
2
bic-gdd 2
efh-gdd 2
634
4
gah-gde 2
hed-gde 2
baeb-gde 2
becb-gde 2
635
2
cbe-gdf 2
hjh-gdf 2
636
4
db-gdg 2
dac-gdg 2
bahb-gdg 2
bddj-gdg 2
637
3
ghh-gdh 2
iih-gdh 2
jci-gdh 2
638
2
ega-gdi 2
caj-gdi 2
639
2
gjg-gdj 2
dib-gdj 2
640
3
eda-gea 2
edi-gea 2
dea-gea 2
641
3
fcb-geb 2
hfa-geb 2
hhd-geb 2
642
1
ig-gec 2
643
2
deh-ged 2
dja-ged 2
644
0
645
4
cib-gef 2
gfh-gef 2
jii-gef 2
bdgj-gef 2
646
4
hh-geg 2
baaa-geg 2
bcbi-geg 2
gaj-geg 2
647
2
iai-geh 2
jg-geh 2
648
3
bej-gei 2
daf-gei 2
ffa-gei 2
649
2
gda-gej 2
fec-gej 2
650
2
hbc-gfa 2
bgj-gfa 2
651
2
jhj-gfb 2
bcbi-gfb 2
652
2
ccf-gfc 2
baha-gfc 2
653
2
gca-gfd 2
hjb-gfd 2
654
1
hfa-gfe 2
655
5
egd-gff 2
bga-gff 2
egf-gff 2
eci-gff 2
hh-gff 2
656
2
chc-gfg 2
jaj-gfg 2
657
3
ccf-gfh 2
ffb-gfh 2
jaj-gfh 2
658
3
ghc-gfi 2
becd-gfi 2
dbd-gfi 2
659
1
ejh-gfj 2
660
2
hhe-gga 2
gbc-gga 2
661
2
bee-ggb 2
igf-ggb 2
662
1
iea-ggc 2
663
3
djj-ggd 2
igf-ggd 2
cjh-ggd 2
664
5
eeb-gge 2
ehc-gge 2
bdc-gge 2
beai-gge 2
efd-gge 2
665
3
feh-ggf 2
jfj-ggf 2
hab-ggf 2
666
2
bih-ggg 2
dij-ggg 2
667
0
668
3
cbc-ggi 2
hae-ggi 2
bfc-ggi 2
669
1
idj-ggj 2
670
3
gdh-gha 2
bhc-gha 2
bfgj-gha 2
671
5
bji-ghb 2
bdj-ghb 2
bbfg-ghb 2
idb-ghb 2
bgae-ghb 2
672
4
fhi-ghc 2
cib-ghc 2
begg-ghc 2
bch-ghc 2
673
2
cba-ghd 2
bae-ghd 2
674
2
gee-ghe 2
ggg-ghe 2
675
1
ggb-ghf 2
676
2
dhh-ghg 2
baic-ghg 2
677
3
gec-ghh 2
bacj-ghh 2
cbc-ghh 2
678
2
cic-ghi 2
hai-ghi 2
679
2
fcd-ghj 2
hec-ghj 2
680
4
ji-gia 2
gca-gia 2
hbf-gia 2
fda-gia 2
681
1
cic-gib 2
682
3
gge-gic 2
bjc-gic 2
dhi-gic 2
683
1
ddg-gid 2
684
3
iih-gie 2
ici-gie 2
ggj-gie 2
685
4
gej-gif 2
fij-gif 2
bcdi-gif 2
hge-gif 2
686
2
bbe-gig 2
ijf-gig 2
687
2
baai-gih 2
bbfb-gih 2
688
3
hgg-gii 2
badj-gii 2
baab-gii 2
689
3
fgh-gij 2
faf-gij 2
ehh-gij 2
690
2
ecd-gja 2
bbhg-gja 2
691
0
692
3
ca-gjc 2
jed-gjc 2
gbe-gjc 2
693
2
cba-gjd 2
gad-gjd 2
694
2
eca-gje 2
bbdf-gje 2
695
1
hdh-gjf 2
696
3
ifa-gjg 2
egg-gjg 2
behg-gjg 2
697
2
hia-gjh 2
dfd-gjh 2
698
1
bbgf-gji 2
699
2
fbi-gjj 2
bahi-gjj 2
700
2
dg-haa 2
bcea-haa 2
701
1
fij-hab 2
702
2
gdb-hac 2
bcbg-hac 2
703
3
bjh-had 2
jc-had 2
bahi-had 2
704
3
fhh-hae 2
idb-hae 2
bbic-hae 2
705
2
bbcd-haf 2
jda-haf 2
706
3
dic-hag 2
bcgb-hag 2
ecj-hag 2
707
2
ghg-hah 2
fda-hah 2
708
1
hfh-hai 2
709
3
ggj-haj 2
ejj-haj 2
bdjj-haj 2
710
1
bega-hba 2
711
2
cfb-hbb 2
fac-hbb 2
712
1
jdg-hbc 2
713
3
iah-hbd 2
bei-hbd 2
bdff-hbd 2
714
1
edh-hbe 2
715
2
dga-hbf 2
jf-hbf 2
716
3
ife-hbg 2
i-hbg 2
bdjf-hbg 2
717
2
ifg-hbh 2
ci-hbh 2
718
2
gja-hbi 2
bdid-hbi 2
719
1
jge-hbj 2
720
4
hcf-hca 2
cib-hca 2
ead-hca 2
bcej-hca 2
721
4
faf-hcb 2
jba-hcb 2
bahd-hcb 2
ffe-hcb 2
722
4
cie-hcc 2
id-hcc 2
bacg-hcc 2
iee-hcc 2
723
3
cjg-hcd 2
bgi-hcd 2
ghf-hcd 2
724
3
eab-hce 2
dha-hce 2
ejf-hce 2
725
2
b-hcf 2
gad-hcf 2
726
2
bfd-hcg 2
ibf-hcg 2
727
2
jcb-hch 2
ghe-hch 2
728
2
baef-hci 2
fbf-hci 2
729
3
eec-hcj 2
ejb-hcj 2
jd-hcj 2
730
2
ffb-hda 2
dec-hda 2
731
2
jh-hdb 2
bfhg-hdb 2
732
3
jbf-hdc 2
bdac-hdc 2
befb-hdc 2
733
3
bdg-hdd 2
bib-hdd 2
bcbd-hdd 2
734
2
baci-hde 2
jfh-hde 2
735
2
gbh-hdf 2
dci-hdf 2
736
1
fjc-hdg 2
737
1
ihb-hdh 2
738
2
bic-hdi 2
beah-hdi 2
739
2
eci-hdj 2
jbj-hdj 2
740
4
jjg-hea 2
djb-hea 2
cb-hea 2
bcji-hea 2
741
1
bji-heb 2
742
4
beh-hec 2
gai-hec 2
bbca-hec 2
bdda-hec 2
743
1
bcbg-hed 2
744
2
idh-hee 2
bfhd-hee 2
745
2
bge-hef 2
bjd-hef 2
746
3
ega-heg 2
gee-heg 2
bcdd-heg 2
747
3
hii-heh 2
ecf-heh 2
dcb-heh 2
748
2
fad-hei 2
baca-hei 2
749
2
cec-hej 2
bgbd-hej 2
750
4
dei-hfa 2
jga-hfa 2
bdi-hfa 2
gif-hfa 2
751
3
egc-hfb 2
gdg-hfb 2
beh-hfb 2
752
2
gjh-hfc 2
bcdc-hfc 2
753
2
bad-hfd 2
eih-hfd 2
754
3
dch-hfe 2
bahd-hfe 2
ejg-hfe 2
755
3
gie-hff 2
eic-hff 2
bacc-hff 2
756
1
ij-hfg 2
757
2
ihf-hfh 2
ibb-hfh 2
758
2
heb-hfi 2
beih-hfi 2
759
1
jfc-hfj 2
760
2
fdb-hga 2
bbg-hga 2
761
3
iaj-hgb 2
gcc-hgb 2
hfc-hgb 2
762
2
fdi-hgc 2
fea-hgc 2
763
1
bbfa-hgd 2
764
1
jdc-hge 2
765
2
fea-hgf 2
icd-hgf 2
766
1
baib-hgg 2
767
2
deg-hgh 2
dej-hgh 2
768
2
baai-hgi 2
baja-hgi 2
769
1
bbjj-hgj 2
770
3
ihj-hha 2
bi-hha 2
dag-hha 2
771
2
dfa-hhb 2
bbaj-hhb 2
772
3
iad-hhc 2
ccf-hhc 2
beff-hhc 2
773
3
dhh-hhd 2
gaa-hhd 2
bbd-hhd 2
774
2
fcd-hhe 2
eff-hhe 2
775
2
ed-hhf 2
bafj-hhf 2
776
2
hbb-hhg 2
dgd-hhg 2
777
1
haa-hhh 2
778
2
jdd-hhi 2
bdci-hhi 2
779
4
idc-hhj 2
cbg-hhj 2
cda-hhj 2
jec-hhj 2
780
1
bbie-hia 2
781
2
ccc-hib 2
bbfb-hib 2
782
3
dgg-hic 2
dhd-hic 2
dcc-hic 2
783
1
bgdg-hid 2
784
1
e-hie 2
785
2
idh-hif 2
ggc-hif 2
786
1
fig-hig 2
787
2
iaf-hih 2
bfg-hih 2
788
3
dff-hii 2
jaj-hii 2
bcbd-hii 2
789
3
hag-hij 2
dif-hij 2
jff-hij 2
790
1
gbd-hja 2
791
2
cfh-hjb 2
cbb-hjb 2
792
4
edj-hjc 2
ifd-hjc 2
djf-hjc 2
bfhe-hjc 2
793
1
jb-hjd 2
794
2
beg-hje 2
bdja-hje 2
795
2
iae-hjf 2
edj-hjf 2
796
3
gci-hjg 2
igd-hjg 2
gdj-hjg 2
797
1
bcg-hjh 2
798
1
iac-hji 2
799
4
fe-hjj 2
bace-hjj 2
gah-hjj 2
cjf-hjj 2
800
3
deb-iaa 2
fdg-iaa 2
ead-iaa 2
801
1
ech-iab 2
802
1
hbi-iac 2
803
3
d-iad 2
bade-iad 2
dd-iad 2
804
2
bcd-iae 2
cjg-iae 2
805
2
gjf-iaf 2
ecj-iaf 2
806
2
bage-iag 2
ejg-iag 2
807
2
dad-iah 2
dfb-iah 2
808
2
gf-iai 2
dje-iai 2
809
3
hce-iaj 2
dja-iaj 2
bddg-iaj 2
810
3
fdb-iba 2
bbba-iba 2
ejb-iba 2
811
2
iha-ibb 2
bead-ibb 2
812
1
bbgf-ibc 2
813
1
bdhd-ibd 2
814
1
jbe-ibe 2
815
2
dih-ibf 2
bffh-ibf 2
816
2
cbf-ibg 2
fhg-ibg 2
817
2
eja-ibh 2
babb-ibh 2
818
3
gi-ibi 2
bjc-ibi 2
fdi-ibi 2
819
2
bbdb-ibj 2
dfd-ibj 2
820
3
jde-ica 2
becf-ica 2
dgi-ica 2
821
1
fib-icb 2
822
1
edb-icc 2
823
4
bfd-icd 2
dj-icd 2
eig-icd 2
hcd-icd 2
824
2
jfh-ice 2
ijh-ice 2
825
2
dbb-icf 2
fce-icf 2
826
3
gcg-icg 2
bcfg-icg 2
h-icg 2
827
1
ig-ich 2
828
2
ijb-ici 2
cj-ici 2
829
1
jie-icj 2
830
2
jbh-ida 2
ehj-ida 2
831
4
jcb-idb 2
jhh-idb 2
bfjd-idb 2
ghi-idb 2
832
2
gjg-idc 2
iij-idc 2
833
2
dfh-idd 2
fih-idd 2
834
1
cbf-ide 2
835
3
dh-idf 2
efa-idf 2
bajg-idf 2
836
2
bfi-idg 2
dhd-idg 2
837
2
gdg-idh 2
cac-idh 2
838
4
gab-idi 2
ech-idi 2
bic-idi 2
bbdd-idi 2
839
1
bgf-idj 2
840
2
eeb-iea 2
bebf-iea 2
841
2
igj-ieb 2
bdaj-ieb 2
842
3
hfh-iec 2
fgf-iec 2
bbca-iec 2
843
2
bbid-ied 2
jac-ied 2
844
2
bgj-iee 2
bdcd-iee 2
845
2
hag-ief 2
ea-ief 2
846
3
hcd-ieg 2
fjj-ieg 2
ffh-ieg 2
847
2
cgj-ieh 2
caj-ieh 2
848
3
dbf-iei 2
hgi-iei 2
bcgb-iei 2
849
1
bbh-iej 2
850
2
ccc-ifa 2
bdbe-ifa 2
851
1
dfh-ifb 2
852
3
cee-ifc 2
bchg-ifc 2
fdj-ifc 2
853
2
cf-ifd 2
bbhd-ifd 2
854
2
dad-ife 2
hjf-ife 2
855
2
bjb-iff 2
cgi-iff 2
856
3
hdh-ifg 2
jci-ifg 2
be-ifg 2
857
3
fic-ifh 2
ghi-ifh 2
baai-ifh 2
858
1
bcci-ifi 2
859
1
ffi-ifj 2
860
2
iij-iga 2
ebb-iga 2
861
1
cif-igb 2
862
1
gh-igc 2
863
2
ha-igd 2
hfd-igd 2
864
2
de-ige 2
ffg-ige 2
865
0
866
1
babd-igg 2
867
0
868
1
bcbj-igi 2
869
3
bj-igj 2
dde-igj 2
bdie-igj 2
870
2
jfa-iha 2
bbfe-iha 2
871
1
bbcj-ihb 2
872
3
jfd-ihc 2
hdj-ihc 2
ehj-ihc 2
873
3
fj-ihd 2
bfa-ihd 2
bbdd-ihd 2
874
1
hdj-ihe 2
875
2
ijj-ihf 2
bbad-ihf 2
876
2
fhh-ihg 2
gij-ihg 2
877
1
cib-ihh 2
878
2
jg-ihi 2
bdgf-ihi 2
879
1
cef-ihj 2
880
1
hfh-iia 2
881
3
bge-iib 2
bafa-iib 2
chd-iib 2
882
2
iie-iic 2
gfa-iic 2
883
2
ffa-iid 2
bbhj-iid 2
884
2
jee-iie 2
cbb-iie 2
885
1
bbei-iif 2
886
2
hcg-iig 2
ddg-iig 2
887
0
888
2
gje-iii 2
bbib-iii 2
889
1
baaa-iij 2
890
2
iaa-ija 2
dbj-ija 2
891
0
892
2
hg-ijc 2
hjg-ijc 2
893
2
gdh-ijd 2
cfc-ijd 2
894
3
ffh-ije 2
jbg-ije 2
beef-ije 2
895
1
hei-ijf 2
896
1
ig-ijg 2
897
1
bii-ijh 2
898
1
gd-iji 2
899
1
iaf-ijj 2
900
1
jbg-jaa 2
901
3
jdi-jab 2
gbe-jab 2
hjg-jab 2
902
2
ejj-jac 2
ibb-jac 2
903
1
bcij-jad 2
904
1
ee-jae 2
905
2
bci-jaf 2
bgd-jaf 2
906
1
cbc-jag 2
907
3
cfe-jah 2
bajg-jah 2
bcif-jah 2
908
2
efa-jai 2
bbbg-jai 2
909
2
bhf-jaj 2
ebd-jaj 2
910
1
gej-jba 2
911
2
cdg-jbb 2
dhg-jbb 2
912
1
jca-jbc 2
913
1
bgh-jbd 2
914
2
bdbi-jbe 2
de-jbe 2
915
2
jbe-jbf 2
hai-jbf 2
916
2
bjd-jbg 2
baie-jbg 2
917
1
babf-jbh 2
918
1
bdcc-jbi 2
919
3
hdc-jbj 2
ejd-jbj 2
daa-jbj 2
920
2
jde-jca 2
fdh-jca 2
921
2
hhf-jcb 2
faj-jcb 2
922
1
fjg-jcc 2
923
2
bagh-jcd 2
jcc-jcd 2
924
1
bafi-jce 2
925
1
djc-jcf 2
926
2
babe-jcg 2
cjc-jcg 2
927
1
ejb-jch 2
928
3
efa-jci 2
fb-jci 2
bfbf-jci 2
929
1
ceb-jcj 2
930
2
cda-jda 2
bgdf-jda 2
931
3
bbaj-jdb 2
cgf-jdb 2
jhc-jdb 2
932
3
jaj-jdc 2
d-jdc 2
jc-jdc 2
933
1
dhc-jdd 2
934
3
baad-jde 2
bdgi-jde 2
ha-jde 2
935
0
936
3
fbf-jdg 2
gea-jdg 2
bh-jdg 2
937
0
938
1
ggh-jdi 2
939
2
eic-jdj 2
dhb-jdj 2
940
1
ije-jea 2
941
1
jad-jeb 2
942
2
bgb-jec 2
bdfg-jec 2
943
0
944
2
ej-jee 2
hjb-jee 2
945
2
fad-jef 2
bbje-jef 2
946
1
baib-jeg 2
947
2
bafe-jeh 2
bid-jeh 2
948
1
jja-jei 2
949
1
dch-jej 2
950
2
iec-jfa 2
fdj-jfa 2
951
1
bbdb-jfb 2
952
1
jgb-jfc 2
953
1
babc-jfd 2
954
2
bcif-jfe 2
c-jfe 2
955
2
fa-jff 2
bfeb-jff 2
956
2
ghc-jfg 2
ega-jfg 2
957
3
idh-jfh 2
fdf-jfh 2
gfb-jfh 2
958
2
dii-jfi 2
bbj-jfi 2
959
2
jfa-jfj 2
bdhe-jfj 2
960
2
bagg-jga 2
bfcd-jga 2
961
1
ecd-jgb 2
962
2
babj-jgc 2
cfa-jgc 2
963
2
djc-jgd 2
ihg-jgd 2
964
2
bagf-jge 2
bedj-jge 2
965
3
fbf-jgf 2
i-jgf 2
bhg-jgf 2
966
1
bajc-jgg 2
967
1
dfc-jgh 2
968
1
iae-jgi 2
969
1
hfb-jgj 2
970
3
igj-jha 2
efh-jha 2
bea-jha 2
971
0
972
2
ced-jhc 2
hei-jhc 2
973
1
geb-jhd 2
974
2
jih-jhe 2
bbai-jhe 2
975
2
bajj-jhf 2
behe-jhf 2
976
1
hde-jhg 2
977
2
hb-jhh 2
bfia-jhh 2
978
1
bagi-jhi 2
979
1
eei-jhj 2
980
3
baac-jia 2
baca-jia 2
ecc-jia 2
981
2
gda-jib 2
bjf-jib 2
982
1
hff-jic 2
983
2
cag-jid 2
bgfj-jid 2
984
1
baih-jie 2
985
2
dge-jif 2
bdih-jif 2
986
1
bafi-jig 2
987
1
gfi-jih 2
988
2
ihe-jii 2
cei-jii 2
989
1
ge-jij 2
990
0
991
3
bdi-jjb 2
hja-jjb 2
cjc-jjb 2
992
2
jhg-jjc 2
bcgb-jjc 2
993
0
994
3
badd-jje 2
bbcg-jje 2
ej-jje 2
995
1
ccf-jjf 2
996
1
gfc-jjg 2
997
0
998
1
j-jji 2
999
2
edg-jjj 2
baea-jjj 2
1000
0
1001
2
ifd-baab 2
bc-baab 2
1002
1
jbh-baac 2
1003
2
jcd-baad 2
ceb-baad 2
1004
1
eje-baae 2
1005
2
badg-baaf 2
gaf-baaf 2
1006
3
bba-baag 2
cdc-baag 2
beja-baag 2
1007
1
baef-baah 2
1008
2
bacb-baai 2
igj-baai 2
1009
0
1010
3
haj-baba 2
bbfb-baba 2
jdf-baba 2
1011
1
edh-babb 2
1012
2
ege-babc 2
baif-babc 2
1013
1
bddi-babd 2
1014
2
ebj-babe 2
dbj-babe 2
1015
1
begj-babf 2
1016
2
bbdj-babg 2
bdhd-babg 2
1017
1
baia-babh 2
1018
2
he-babi 2
cdb-babi 2
1019
2
bbcg-babj 2
bfib-babj 2
1020
0
1021
3
jg-bacb 2
jce-bacb 2
bcje-bacb 2
1022
2
hbc-bacc 2
gdb-bacc 2
1023
1
jgf-bacd 2
1024
1
bbcd-bace 2
1025
0
1026
1
bgdb-bacg 2
1027
1
baag-bach 2
1028
1
ejc-baci 2
1029
2
bada-bacj 2
ibj-bacj 2
1030
3
hbe-bada 2
hej-bada 2
ecj-bada 2
1031
1
dcd-badb 2
1032
1
hfg-badc 2
1033
1
bcac-badd 2
1034
1
ji-bade 2
1035
1
fgh-badf 2
1036
1
bbbf-badg 2
1037
1
bbgj-badh 2
1038
1
bbdi-badi 2
1039
3
ijj-badj 2
bbhf-badj 2
bjf-badj 2
1040
3
cid-baea 2
he-baea 2
hdd-baea 2
1041
2
fd-baeb 2
bdcj-baeb 2
1042
2
bcac-baec 2
jaa-baec 2
1043
0
1044
1
baeg-baee 2
1045
2
bdbf-baef 2
gj-baef 2
1046
2
hhd-baeg 2
baic-baeg 2
1047
1
ihg-baeh 2
1048
2
bbfh-baei 2
bagg-baei 2
1049
2
bbhh-baej 2
bdij-baej 2
1050
2
babe-bafa 2
cff-bafa 2
1051
2
bcji-bafb 2
gdg-bafb 2
1052
2
hii-bafc 2
bbef-bafc 2
1053
1
cfa-bafd 2
1054
2
fdd-bafe 2
bgf-bafe 2
1055
1
ffg-baff 2
1056
0
1057
0
1058
2
chi-bafi 2
bag-bafi 2
1059
1
bcag-bafj 2
1060
1
bdge-baga 2
1061
1
fhb-bagb 2
1062
0
1063
1
hgd-bagd 2
1064
2
babh-bage 2
jhf-bage 2
1065
1
bede-bagf 2
1066
2
baie-bagg 2
fcb-bagg 2
1067
3
ijg-bagh 2
eab-bagh 2
gje-bagh 2
1068
2
ggh-bagi 2
bcac-bagi 2
1069
1
bad-bagj 2
1070
2
fbg-baha 2
bgcc-baha 2
1071
1
bgah-bahb 2
1072
1
hbg-bahc 2
1073
3
dii-bahd 2
behd-bahd 2
dbb-bahd 2
1074
1
bcdi-bahe 2
1075
1
ffi-bahf 2
1076
1
gjc-bahg 2
1077
2
bahg-bahh 2
jab-bahh 2
1078
2
ceh-bahi 2
ia-bahi 2
1079
1
fbe-bahj 2
1080
1
gaf-baia 2
1081
1
hih-baib 2
1082
2
iaa-baic 2
bcgg-baic 2
1083
1
bejd-baid 2
1084
2
bade-baie 2
efc-baie 2
1085
1
jcb-baif 2
1086
2
jgh-baig 2
hif-baig 2
1087
3
bbgd-baih 2
bcej-baih 2
bcgf-baih 2
1088
1
bbab-baii 2
1089
2
gd-baij 2
ife-baij 2
1090
2
cgg-baja 2
cdh-baja 2
1091
1
bdfg-bajb 2
1092
1
bbae-bajc 2
1093
2
hhg-bajd 2
bfjc-bajd 2
1094
2
hhe-baje 2
bdab-baje 2
1095
2
jcd-bajf 2
bbgi-bajf 2
1096
1
fi-bajg 2
1097
1
bia-bajh 2
1098
1
bhf-baji 2
1099
1
eci-bajj 2
1100
2
ghb-bbaa 2
beeg-bbaa 2
1101
1
bbfc-bbab 2
1102
2
iif-bbac 2
fed-bbac 2
1103
2
bbbd-bbad 2
jbh-bbad 2
1104
3
eah-bbae 2
hg-bbae 2
bgba-bbae 2
1105
1
hhg-bbaf 2
1106
1
bbbc-bbag 2
1107
2
fhe-bbah 2
bfjh-bbah 2
1108
2
bafj-bbai 2
bdch-bbai 2
1109
0
1110
2
babb-bbba 2
hdb-bbba 2
1111
0
1112
0
1113
2
baec-bbbd 2
bgab-bbbd 2
1114
1
bccj-bbbe 2
1115
1
faj-bbbf 2
1116
1
baci-bbbg 2
1117
1
bagc-bbbh 2
1118
1
gee-bbbi 2
1119
1
bahe-bbbj 2
1120
1
jcc-bbca 2
1121
3
ccc-bbcb 2
fbc-bbcb 2
hih-bbcb 2
1122
1
bgf-bbcc 2
1123
1
jjd-bbcd 2
1124
1
gde-bbce 2
1125
1
fhc-bbcf 2
1126
1
bdid-bbcg 2
1127
0
1128
1
babh-bbci 2
1129
1
bbbb-bbcj 2
1130
2
bh-bbda 2
bbji-bbda 2
1131
2
hjj-bbdb 2
bfdj-bbdb 2
1132
0
1133
3
fgh-bbdd 2
bci-bbdd 2
beb-bbdd 2
1134
1
jif-bbde 2
1135
1
gbi-bbdf 2
1136
2
bhc-bbdg 2
bgdc-bbdg 2
1137
1
bcjd-bbdh 2
1138
2
che-bbdi 2
bcba-bbdi 2
1139
0
1140
1
cga-bbea 2
1141
2
bbde-bbeb 2
bbae-bbeb 2
1142
1
cai-bbec 2
1143
1
ebg-bbed 2
1144
1
bdee-bbee 2
1145
2
fjf-bbef 2
fjb-bbef 2
1146
1
bcjg-bbeg 2
1147
1
eg-bbeh 2
1148
1
eif-bbei 2
1149
1
bcbb-bbej 2
1150
1
bacc-bbfa 2
1151
2
bbgg-bbfb 2
ghj-bbfb 2
1152
1
ibh-bbfc 2
1153
2
ebc-bbfd 2
bdje-bbfd 2
1154
1
bbgi-bbfe 2
1155
3
jig-bbff 2
ihi-bbff 2
hg-bbff 2
1156
2
eee-bbfg 2
bfee-bbfg 2
1157
1
gec-bbfh 2
1158
1
bace-bbfi 2
1159
2
bcid-bbfj 2
ifc-bbfj 2
1160
1
eji-bbga 2
1161
2
jff-bbgb 2
hgd-bbgb 2
1162
0
1163
1
bgag-bbgd 2
1164
2
hdf-bbge 2
bbff-bbge 2
1165
0
1166
2
bcde-bbgg 2
ca-bbgg 2
1167
1
bcfe-bbgh 2
1168
2
bdgi-bbgi 2
jgi-bbgi 2
1169
2
hjc-bbgj 2
bejh-bbgj 2
1170
1
begi-bbha 2
1171
1
iec-bbhb 2
1172
1
cbh-bbhc 2
1173
2
bced-bbhd 2
bdb-bbhd 2
1174
2
gfe-bbhe 2
id-bbhe 2
1175
1
baif-bbhf 2
1176
0
1177
2
eea-bbhh 2
beee-bbhh 2
1178
1
hgi-bbhi 2
1179
0
1180
1
ei-bbia 2
1181
1
bdi-bbib 2
1182
1
fgf-bbic 2
1183
0
1184
1
dee-bbie 2
1185
1
dcj-bbif 2
1186
0
1187
1
gc-bbih 2
1188
1
bfgf-bbii 2
1189
2
beci-bbij 2
cdd-bbij 2
1190
1
fec-bbja 2
1191
1
ffj-bbjb 2
1192
1
bhc-bbjc 2
1193
0
1194
0
1195
2
fcj-bbjf 2
haj-bbjf 2
1196
1
bagj-bbjg 2
1197
1
bcjb-bbjh 2
1198
1
hhi-bbji 2
1199
0
1200
1
bgb-bcaa 2
1201
2
dfi-bcab 2
bchi-bcab 2
1202
1
hac-bcac 2
1203
2
hcd-bcad 2
bgcb-bcad 2
1204
1
bdaj-bcae 2
1205
1
bbha-bcaf 2
1206
1
bgch-bcag 2
1207
1
eed-bcah 2
1208
1
bbcj-bcai 2
1209
0
1210
1
gfc-bcba 2
1211
1
bdbj-bcbb 2
1212
2
bcij-bcbc 2
bafj-bcbc 2
1213
0
1214
1
bdd-bcbe 2
1215
1
bged-bcbf 2
1216
1
behc-bcbg 2
1217
0
1218
1
jdd-bcbi 2
1219
1
bcch-bcbj 2
1220
2
fb-bcca 2
jfe-bcca 2
1221
1
egb-bccb 2
1222
0
1223
1
behg-bccd 2
1224
1
iib-bcce 2
1225
1
bfei-bccf 2
1226
1
begg-bccg 2
1227
0
1228
1
bcae-bcci 2
1229
3
dci-bccj 2
bdeb-bccj 2
bg-bccj 2
1230
1
beii-bcda 2
1231
1
bddd-bcdb 2
1232
2
ghb-bcdc 2
bcj-bcdc 2
1233
2
bbfh-bcdd 2
bdid-bcdd 2
1234
2
cba-bcde 2
bcha-bcde 2
1235
1
bbef-bcdf 2
1236
1
chc-bcdg 2
1237
1
bchf-bcdh 2
1238
2
cfg-bcdi 2
hee-bcdi 2
1239
0
1240
1
becb-bcea 2
1241
1
bfcf-bceb 2
1242
0
1243
1
bcjd-bced 2
1244
3
ejh-bcee 2
bdja-bcee 2
iai-bcee 2
1245
1
fbb-bcef 2
1246
0
1247
2
bbdf-bceh 2
fab-bceh 2
1248
0
1249
1
ef-bcej 2
1250
1
jfh-bcfa 2
1251
0
1252
1
cig-bcfc 2
1253
1
beie-bcfd 2
1254
1
fca-bcfe 2
1255
2
hfh-bcff 2
begg-bcff 2
1256
1
bcje-bcfg 2
1257
0
1258
0
1259
2
cig-bcfj 2
ibc-bcfj 2
1260
0
1261
1
jae-bcgb 2
1262
1
beih-bcgc 2
1263
1
bcid-bcgd 2
1264
1
bddi-bcge 2
1265
0
1266
1
beej-bcgg 2
1267
1
bdjg-bcgh 2
1268
2
hce-bcgi 2
fca-bcgi 2
1269
2
bdbg-bcgj 2
bfci-bcgj 2
1270
1
deh-bcha 2
1271
1
bdfj-bchb 2
1272
1
cej-bchc 2
1273
1
bdaf-bchd 2
1274
1
becg-bche 2
1275
1
bfag-bchf 2
1276
2
hga-bchg 2
bebi-bchg 2
1277
2
bcjb-bchh 2
bbij-bchh 2
1278
1
ifh-bchi 2
1279
1
bafi-bchj 2
1280
2
hhg-bcia 2
baid-bcia 2
1281
2
bdcc-bcib 2
bfgd-bcib 2
1282
0
1283
1
bede-bcid 2
1284
1
bebd-bcie 2
1285
1
bdjb-bcif 2
1286
0
1287
0
1288
1
bafh-bcii 2
1289
0
1290
2
bc-bcja 2
bbfi-bcja 2
1291
1
dba-bcjb 2
1292
1
hih-bcjc 2
1293
0
1294
0
1295
2
fda-bcjf 2
bedc-bcjf 2
1296
1
eii-bcjg 2
1297
0
1298
1
dg-bcji 2
1299
1
bfgi-bcjj 2
1300
2
cbf-bdaa 2
edh-bdaa 2
1301
1
bdib-bdab 2
1302
1
cgb-bdac 2
1303
1
ch-bdad 2
1304
1
bahi-bdae 2
1305
0
1306
0
1307
1
ibd-bdah 2
1308
1
baij-bdai 2
1309
1
hed-bdaj 2
1310
0
1311
0
1312
0
1313
0
1314
0
1315
0
1316
1
ddc-bdbg 2
1317
0
1318
1
bddc-bdbi 2
1319
2
jfa-bdbj 2
gid-bdbj 2
1320
0
1321
1
ibj-bdcb 2
1322
1
iig-bdcc 2
1323
1
bdgd-bdcd 2
1324
0
1325
0
1326
0
1327
1
cac-bdch 2
1328
1
ci-bdci 2
1329
1
jjc-bdcj 2
1330
1
bebj-bdda 2
1331
0
1332
0
1333
1
daa-bddd 2
1334
1
bid-bdde 2
1335
1
bbbg-bddf 2
1336
1
badj-bddg 2
1337
1
bffa-bddh 2
1338
0
1339
1
bj-bddj 2
1340
0
1341
1
bdif-bdeb 2
1342
2
cca-bdec 2
bfaf-bdec 2
1343
1
befd-bded 2
1344
1
gii-bdee 2
1345
1
bbeg-bdef 2
1346
1
iai-bdeg 2
1347
1
ecj-bdeh 2
1348
0
1349
1
bfaa-bdej 2
1350
1
hdb-bdfa 2
1351
1
ijg-bdfb 2
1352
1
hdc-bdfc 2
1353
1
efb-bdfd 2
1354
1
bfeg-bdfe 2
1355
0
1356
1
bdic-bdfg 2
1357
1
bege-bdfh 2
1358
1
becc-bdfi 2
1359
2
cdf-bdfj 2
hae-bdfj 2
1360
2
begc-bdga 2
bafa-bdga 2
1361
1
fca-bdgb 2
1362
1
eba-bdgc 2
1363
1
gbc-bdgd 2
1364
0
1365
1
bfbe-bdgf 2
1366
0
1367
1
ghj-bdgh 2
1368
1
bdjb-bdgi 2
1369
1
bgdi-bdgj 2
1370
2
daj-bdha 2
behi-bdha 2
1371
1
haf-bdhb 2
1372
1
bahg-bdhc 2
1373
1
bae-bdhd 2
1374
2
jjj-bdhe 2
ecc-bdhe 2
1375
1
bfae-bdhf 2
1376
0
1377
1
bdfd-bdhh 2
1378
1
ccf-bdhi 2
1379
0
1380
1
bgff-bdia 2
1381
0
1382
0
1383
0
1384
0
1385
1
f-bdif 2
1386
1
fgf-bdig 2
1387
1
gee-bdih 2
1388
1
fbg-bdii 2
1389
0
1390
1
bdeb-bdja 2
1391
0
1392
1
bfbb-bdjc 2
1393
0
1394
1
cge-bdje 2
1395
0
1396
0
1397
1
bfdf-bdjh 2
1398
1
egb-bdji 2
1399
1
bccf-bdjj 2
1400
1
eeb-beaa 2
1401
1
bdde-beab 2
1402
1
jja-beac 2
1403
1
bafg-bead 2
1404
0
1405
0
1406
0
1407
1
bche-beah 2
1408
0
1409
1
dea-beaj 2
1410
1
bbcb-beba 2
1411
0
1412
0
1413
1
bejj-bebd 2
1414
0
1415
1
ghb-bebf 2
1416
1
bbbc-bebg 2
1417
1
dag-bebh 2
1418
0
1419
0
1420
1
jjf-beca 2
1421
1
bcg-becb 2
1422
1
haf-becc 2
1423
1
bbii-becd 2
1424
0
1425
1
fed-becf 2
1426
0
1427
0
1428
0
1429
1
hec-becj 2
1430
1
bfhh-beda 2
1431
0
1432
1
bfaj-bedc 2
1433
0
1434
1
hf-bede 2
1435
1
djf-bedf 2
1436
2
ehj-bedg 2
bbdc-bedg 2
1437
1
baha-bedh 2
1438
1
bfba-bedi 2
1439
0
1440
0
1441
2
bbee-beeb 2
bahj-beeb 2
1442
0
1443
2
dgj-beed 2
bfih-beed 2
1444
1
eff-beee 2
1445
1
icf-beef 2
1446
1
bdeb-beeg 2
1447
0
1448
0
1449
1
bfcc-beej 2
1450
2
cbc-befa 2
ebe-befa 2
1451
0
1452
0
1453
1
chj-befd 2
1454
0
1455
1
fid-beff 2
1456
0
1457
0
1458
0
1459
0
1460
0
1461
0
1462
1
bgad-begc 2
1463
0
1464
1
bdci-bege 2
1465
0
1466
1
bfai-begg 2
1467
0
1468
0
1469
1
eef-begj 2
1470
1
hcj-beha 2
1471
1
bfdh-behb 2
1472
0
1473
0
1474
1
ihd-behe 2
1475
0
1476
0
1477
0
1478
1
bgde-behi 2
1479
1
ihb-behj 2
1480
0
1481
0
1482
1
ec-beic 2
1483
1
iai-beid 2
1484
0
1485
1
cii-beif 2
1486
1
baf-beig 2
1487
1
ijd-beih 2
1488
0
1489
1
che-beij 2
1490
0
1491
0
1492
0
1493
0
1494
0
1495
0
1496
1
bcag-bejg 2
1497
0
1498
1
dcf-beji 2
1499
0
1500
1
ccd-bfaa 2
1501
0
1502
0
1503
0
1504
1
bfah-bfae 2
1505
1
bedh-bfaf 2
1506
1
bdad-bfag 2
1507
0
1508
0
1509
0
1510
0
1511
0
1512
0
1513
1
bbjd-bfbd 2
1514
0
1515
1
bdga-bfbf 2
1516
0
1517
0
1518
0
1519
0
1520
0
1521
1
gfa-bfcb 2
1522
0
1523
1
bdbj-bfcd 2
1524
0
1525
0
1526
1
bfgg-bfcg 2
1527
0
1528
0
1529
1
gh-bfcj 2
1530
1
bgce-bfda 2
1531
0
1532
0
1533
0
1534
0
1535
0
1536
0
1537
0
1538
1
fgc-bfdi 2
1539
1
dgg-bfdj 2
1540
0
1541
0
1542
1
edg-bfec 2
1543
1
iea-bfed 2
1544
1
fhi-bfee 2
1545
2
bgaf-bfef 2
bgda-bfef 2
1546
0
1547
0
1548
0
1549
0
1550
0
1551
0
1552
0
1553
0
1554
0
1555
0
1556
0
1557
0
1558
0
1559
0
1560
1
bfj-bfga 2
1561
1
bcfj-bfgb 2
1562
0
1563
0
1564
0
1565
1
bgga-bfgf 2
1566
0
1567
0
1568
1
bgee-bfgi 2
1569
0
1570
0
1571
0
1572
0
1573
0
1574
0
1575
1
ded-bfhf 2
1576
1
bfhi-bfhg 2
1577
0
1578
0
1579
1
bejj-bfhj 2
1580
0
1581
0
1582
1
bgfg-bfic 2
1583
0
1584
0
1585
1
caa-bfif 2
1586
0
1587
0
1588
1
hjg-bfii 2
1589
0
1590
0
1591
0
1592
0
1593
0
1594
0
1595
0
1596
0
1597
0
1598
0
1599
0
1600
0
1601
0
1602
0
1603
0
1604
0
1605
0
1606
0
1607
0
1608
0
1609
0
1610
0
1611
0
1612
0
1613
1
bfje-bgbd 2
1614
0
1615
0
1616
0
1617
1
bgfh-bgbh 2
1618
0
1619
0
1620
0
1621
0
1622
1
bdbe-bgcc 2
1623
0
1624
0
1625
0
1626
0
1627
0
1628
1
bda-bgci 2
1629
0
1630
0
1631
0
1632
0
1633
1
ede-bgdd 2
1634
0
1635
0
1636
0
1637
0
1638
1
bach-bgdi 2
1639
0
1640
0
1641
0
1642
1
djd-bgec 2
1643
0
1644
0
1645
0
1646
0
1647
0
1648
0
1649
0
1650
0
1651
0
1652
0
1653
1
ddb-bgfd 2
1654
0
1655
0
1656
0
1657
0
1658
0
1659
0
1660
0
1661
0